-------------------------------------------------------------------------------
Test set: TestSuite
-------------------------------------------------------------------------------
Tests run: 10, Failures: 1, Errors: 0, Skipped: 0, Time elapsed: 271.518 s <<< FAILURE! - in TestSuite
SortingCheckTest.sortingCheck  Time elapsed: 1.383 s  <<< FAILURE!
java.lang.StackOverflowError
	at pages.HomePage.waitSeconds(HomePage.java:45)
	at pages.HomePage.waitSeconds(HomePage.java:45)
	at pages.HomePage.waitSeconds(HomePage.java:45)
	at pages.HomePage.waitSeconds(HomePage.java:45)
	at pages.HomePage.waitSeconds(HomePage.java:45)
	at pages.HomePage.waitSeconds(HomePage.java:45)
	at pages.HomePage.waitSeconds(HomePage.java:45)
	at pages.HomePage.waitSeconds(HomePage.java:45)
	at pages.HomePage.waitSeconds(HomePage.java:45)
	at pages.HomePage.waitSeconds(HomePage.java:45)
	at pages.HomePage.waitSeconds(HomePage.java:45)
	at pages.HomePage.waitSeconds(HomePage.java:45)
	at pages.HomePage.waitSeconds(HomePage.java:45)
	at pages.HomePage.waitSeconds(HomePage.java:45)
	at pages.HomePage.waitSeconds(HomePage.java:45)
	at pages.HomePage.waitSeconds(HomePage.java:45)
	at pages.HomePage.waitSeconds(HomePage.java:45)
	at pages.HomePage.waitSeconds(HomePage.java:45)
	at pages.HomePage.waitSeconds(HomePage.java:45)
	at pages.HomePage.waitSeconds(HomePage.java:45)
	at pages.HomePage.waitSeconds(HomePage.java:45)
	at pages.HomePage.waitSeconds(HomePage.java:45)
	at pages.HomePage.waitSeconds(HomePage.java:45)
	at pages.HomePage.waitSeconds(HomePage.java:45)
	at pages.HomePage.waitSeconds(HomePage.java:45)
	at pages.HomePage.waitSeconds(HomePage.java:45)
	at pages.HomePage.waitSeconds(HomePage.java:45)
	at pages.HomePage.waitSeconds(HomePage.java:45)
	at pages.HomePage.waitSeconds(HomePage.java:45)
	at pages.HomePage.waitSeconds(HomePage.java:45)
	at pages.HomePage.waitSeconds(HomePage.java:45)
	at pages.HomePage.waitSeconds(HomePage.java:45)
	at pages.HomePage.waitSeconds(HomePage.java:45)
	at pages.HomePage.waitSeconds(HomePage.java:45)
	at pages.HomePage.waitSeconds(HomePage.java:45)
	at pages.HomePage.waitSeconds(HomePage.java:45)
	at pages.HomePage.waitSeconds(HomePage.java:45)
	at pages.HomePage.waitSeconds(HomePage.java:45)
	at pages.HomePage.waitSeconds(HomePage.java:45)
	at pages.HomePage.waitSeconds(HomePage.java:45)
	at pages.HomePage.waitSeconds(HomePage.java:45)
	at pages.HomePage.waitSeconds(HomePage.java:45)
	at pages.HomePage.waitSeconds(HomePage.java:45)
	at pages.HomePage.waitSeconds(HomePage.java:45)
	at pages.HomePage.waitSeconds(HomePage.java:45)
	at pages.HomePage.waitSeconds(HomePage.java:45)
	at pages.HomePage.waitSeconds(HomePage.java:45)
	at pages.HomePage.waitSeconds(HomePage.java:45)
	at pages.HomePage.waitSeconds(HomePage.java:45)
	at pages.HomePage.waitSeconds(HomePage.java:45)
	at pages.HomePage.waitSeconds(HomePage.java:45)
	at pages.HomePage.waitSeconds(HomePage.java:45)
	at pages.HomePage.waitSeconds(HomePage.java:45)
	at pages.HomePage.waitSeconds(HomePage.java:45)
	at pages.HomePage.waitSeconds(HomePage.java:45)
	at pages.HomePage.waitSeconds(HomePage.java:45)
	at pages.HomePage.waitSeconds(HomePage.java:45)
	at pages.HomePage.waitSeconds(HomePage.java:45)
	at pages.HomePage.waitSeconds(HomePage.java:45)
	at pages.HomePage.waitSeconds(HomePage.java:45)
	at pages.HomePage.waitSeconds(HomePage.java:45)
	at pages.HomePage.waitSeconds(HomePage.java:45)
	at pages.HomePage.waitSeconds(HomePage.java:45)
	at pages.HomePage.waitSeconds(HomePage.java:45)
	at pages.HomePage.waitSeconds(HomePage.java:45)
	at pages.HomePage.waitSeconds(HomePage.java:45)
	at pages.HomePage.waitSeconds(HomePage.java:45)
	at pages.HomePage.waitSeconds(HomePage.java:45)
	at pages.HomePage.waitSeconds(HomePage.java:45)
	at pages.HomePage.waitSeconds(HomePage.java:45)
	at pages.HomePage.waitSeconds(HomePage.java:45)
	at pages.HomePage.waitSeconds(HomePage.java:45)
	at pages.HomePage.waitSeconds(HomePage.java:45)
	at pages.HomePage.waitSeconds(HomePage.java:45)
	at pages.HomePage.waitSeconds(HomePage.java:45)
	at pages.HomePage.waitSeconds(HomePage.java:45)
	at pages.HomePage.waitSeconds(HomePage.java:45)
	at pages.HomePage.waitSeconds(HomePage.java:45)
	at pages.HomePage.waitSeconds(HomePage.java:45)
	at pages.HomePage.waitSeconds(HomePage.java:45)
	at pages.HomePage.waitSeconds(HomePage.java:45)
	at pages.HomePage.waitSeconds(HomePage.java:45)
	at pages.HomePage.waitSeconds(HomePage.java:45)
	at pages.HomePage.waitSeconds(HomePage.java:45)
	at pages.HomePage.waitSeconds(HomePage.java:45)
	at pages.HomePage.waitSeconds(HomePage.java:45)
	at pages.HomePage.waitSeconds(HomePage.java:45)
	at pages.HomePage.waitSeconds(HomePage.java:45)
	at pages.HomePage.waitSeconds(HomePage.java:45)
	at pages.HomePage.waitSeconds(HomePage.java:45)
	at pages.HomePage.waitSeconds(HomePage.java:45)
	at pages.HomePage.waitSeconds(HomePage.java:45)
	at pages.HomePage.waitSeconds(HomePage.java:45)
	at pages.HomePage.waitSeconds(HomePage.java:45)
	at pages.HomePage.waitSeconds(HomePage.java:45)
	at pages.HomePage.waitSeconds(HomePage.java:45)
	at pages.HomePage.waitSeconds(HomePage.java:45)
	at pages.HomePage.waitSeconds(HomePage.java:45)
	at pages.HomePage.waitSeconds(HomePage.java:45)
	at pages.HomePage.waitSeconds(HomePage.java:45)
	at pages.HomePage.waitSeconds(HomePage.java:45)
	at pages.HomePage.waitSeconds(HomePage.java:45)
	at pages.HomePage.waitSeconds(HomePage.java:45)
	at pages.HomePage.waitSeconds(HomePage.java:45)
	at pages.HomePage.waitSeconds(HomePage.java:45)
	at pages.HomePage.waitSeconds(HomePage.java:45)
	at pages.HomePage.waitSeconds(HomePage.java:45)
	at pages.HomePage.waitSeconds(HomePage.java:45)
	at pages.HomePage.waitSeconds(HomePage.java:45)
	at pages.HomePage.waitSeconds(HomePage.java:45)
	at pages.HomePage.waitSeconds(HomePage.java:45)
	at pages.HomePage.waitSeconds(HomePage.java:45)
	at pages.HomePage.waitSeconds(HomePage.java:45)
	at pages.HomePage.waitSeconds(HomePage.java:45)
	at pages.HomePage.waitSeconds(HomePage.java:45)
	at pages.HomePage.waitSeconds(HomePage.java:45)
	at pages.HomePage.waitSeconds(HomePage.java:45)
	at pages.HomePage.waitSeconds(HomePage.java:45)
	at pages.HomePage.waitSeconds(HomePage.java:45)
	at pages.HomePage.waitSeconds(HomePage.java:45)
	at pages.HomePage.waitSeconds(HomePage.java:45)
	at pages.HomePage.waitSeconds(HomePage.java:45)
	at pages.HomePage.waitSeconds(HomePage.java:45)
	at pages.HomePage.waitSeconds(HomePage.java:45)
	at pages.HomePage.waitSeconds(HomePage.java:45)
	at pages.HomePage.waitSeconds(HomePage.java:45)
	at pages.HomePage.waitSeconds(HomePage.java:45)
	at pages.HomePage.waitSeconds(HomePage.java:45)
	at pages.HomePage.waitSeconds(HomePage.java:45)
	at pages.HomePage.waitSeconds(HomePage.java:45)
	at pages.HomePage.waitSeconds(HomePage.java:45)
	at pages.HomePage.waitSeconds(HomePage.java:45)
	at pages.HomePage.waitSeconds(HomePage.java:45)
	at pages.HomePage.waitSeconds(HomePage.java:45)
	at pages.HomePage.waitSeconds(HomePage.java:45)
	at pages.HomePage.waitSeconds(HomePage.java:45)
	at pages.HomePage.waitSeconds(HomePage.java:45)
	at pages.HomePage.waitSeconds(HomePage.java:45)
	at pages.HomePage.waitSeconds(HomePage.java:45)
	at pages.HomePage.waitSeconds(HomePage.java:45)
	at pages.HomePage.waitSeconds(HomePage.java:45)
	at pages.HomePage.waitSeconds(HomePage.java:45)
	at pages.HomePage.waitSeconds(HomePage.java:45)
	at pages.HomePage.waitSeconds(HomePage.java:45)
	at pages.HomePage.waitSeconds(HomePage.java:45)
	at pages.HomePage.waitSeconds(HomePage.java:45)
	at pages.HomePage.waitSeconds(HomePage.java:45)
	at pages.HomePage.waitSeconds(HomePage.java:45)
	at pages.HomePage.waitSeconds(HomePage.java:45)
	at pages.HomePage.waitSeconds(HomePage.java:45)
	at pages.HomePage.waitSeconds(HomePage.java:45)
	at pages.HomePage.waitSeconds(HomePage.java:45)
	at pages.HomePage.waitSeconds(HomePage.java:45)
	at pages.HomePage.waitSeconds(HomePage.java:45)
	at pages.HomePage.waitSeconds(HomePage.java:45)
	at pages.HomePage.waitSeconds(HomePage.java:45)
	at pages.HomePage.waitSeconds(HomePage.java:45)
	at pages.HomePage.waitSeconds(HomePage.java:45)
	at pages.HomePage.waitSeconds(HomePage.java:45)
	at pages.HomePage.waitSeconds(HomePage.java:45)
	at pages.HomePage.waitSeconds(HomePage.java:45)
	at pages.HomePage.waitSeconds(HomePage.java:45)
	at pages.HomePage.waitSeconds(HomePage.java:45)
	at pages.HomePage.waitSeconds(HomePage.java:45)
	at pages.HomePage.waitSeconds(HomePage.java:45)
	at pages.HomePage.waitSeconds(HomePage.java:45)
	at pages.HomePage.waitSeconds(HomePage.java:45)
	at pages.HomePage.waitSeconds(HomePage.java:45)
	at pages.HomePage.waitSeconds(HomePage.java:45)
	at pages.HomePage.waitSeconds(HomePage.java:45)
	at pages.HomePage.waitSeconds(HomePage.java:45)
	at pages.HomePage.waitSeconds(HomePage.java:45)
	at pages.HomePage.waitSeconds(HomePage.java:45)
	at pages.HomePage.waitSeconds(HomePage.java:45)
	at pages.HomePage.waitSeconds(HomePage.java:45)
	at pages.HomePage.waitSeconds(HomePage.java:45)
	at pages.HomePage.waitSeconds(HomePage.java:45)
	at pages.HomePage.waitSeconds(HomePage.java:45)
	at pages.HomePage.waitSeconds(HomePage.java:45)
	at pages.HomePage.waitSeconds(HomePage.java:45)
	at pages.HomePage.waitSeconds(HomePage.java:45)
	at pages.HomePage.waitSeconds(HomePage.java:45)
	at pages.HomePage.waitSeconds(HomePage.java:45)
	at pages.HomePage.waitSeconds(HomePage.java:45)
	at pages.HomePage.waitSeconds(HomePage.java:45)
	at pages.HomePage.waitSeconds(HomePage.java:45)
	at pages.HomePage.waitSeconds(HomePage.java:45)
	at pages.HomePage.waitSeconds(HomePage.java:45)
	at pages.HomePage.waitSeconds(HomePage.java:45)
	at pages.HomePage.waitSeconds(HomePage.java:45)
	at pages.HomePage.waitSeconds(HomePage.java:45)
	at pages.HomePage.waitSeconds(HomePage.java:45)
	at pages.HomePage.waitSeconds(HomePage.java:45)
	at pages.HomePage.waitSeconds(HomePage.java:45)
	at pages.HomePage.waitSeconds(HomePage.java:45)
	at pages.HomePage.waitSeconds(HomePage.java:45)
	at pages.HomePage.waitSeconds(HomePage.java:45)
	at pages.HomePage.waitSeconds(HomePage.java:45)
	at pages.HomePage.waitSeconds(HomePage.java:45)
	at pages.HomePage.waitSeconds(HomePage.java:45)
	at pages.HomePage.waitSeconds(HomePage.java:45)
	at pages.HomePage.waitSeconds(HomePage.java:45)
	at pages.HomePage.waitSeconds(HomePage.java:45)
	at pages.HomePage.waitSeconds(HomePage.java:45)
	at pages.HomePage.waitSeconds(HomePage.java:45)
	at pages.HomePage.waitSeconds(HomePage.java:45)
	at pages.HomePage.waitSeconds(HomePage.java:45)
	at pages.HomePage.waitSeconds(HomePage.java:45)
	at pages.HomePage.waitSeconds(HomePage.java:45)
	at pages.HomePage.waitSeconds(HomePage.java:45)
	at pages.HomePage.waitSeconds(HomePage.java:45)
	at pages.HomePage.waitSeconds(HomePage.java:45)
	at pages.HomePage.waitSeconds(HomePage.java:45)
	at pages.HomePage.waitSeconds(HomePage.java:45)
	at pages.HomePage.waitSeconds(HomePage.java:45)
	at pages.HomePage.waitSeconds(HomePage.java:45)
	at pages.HomePage.waitSeconds(HomePage.java:45)
	at pages.HomePage.waitSeconds(HomePage.java:45)
	at pages.HomePage.waitSeconds(HomePage.java:45)
	at pages.HomePage.waitSeconds(HomePage.java:45)
	at pages.HomePage.waitSeconds(HomePage.java:45)
	at pages.HomePage.waitSeconds(HomePage.java:45)
	at pages.HomePage.waitSeconds(HomePage.java:45)
	at pages.HomePage.waitSeconds(HomePage.java:45)
	at pages.HomePage.waitSeconds(HomePage.java:45)
	at pages.HomePage.waitSeconds(HomePage.java:45)
	at pages.HomePage.waitSeconds(HomePage.java:45)
	at pages.HomePage.waitSeconds(HomePage.java:45)
	at pages.HomePage.waitSeconds(HomePage.java:45)
	at pages.HomePage.waitSeconds(HomePage.java:45)
	at pages.HomePage.waitSeconds(HomePage.java:45)
	at pages.HomePage.waitSeconds(HomePage.java:45)
	at pages.HomePage.waitSeconds(HomePage.java:45)
	at pages.HomePage.waitSeconds(HomePage.java:45)
	at pages.HomePage.waitSeconds(HomePage.java:45)
	at pages.HomePage.waitSeconds(HomePage.java:45)
	at pages.HomePage.waitSeconds(HomePage.java:45)
	at pages.HomePage.waitSeconds(HomePage.java:45)
	at pages.HomePage.waitSeconds(HomePage.java:45)
	at pages.HomePage.waitSeconds(HomePage.java:45)
	at pages.HomePage.waitSeconds(HomePage.java:45)
	at pages.HomePage.waitSeconds(HomePage.java:45)
	at pages.HomePage.waitSeconds(HomePage.java:45)
	at pages.HomePage.waitSeconds(HomePage.java:45)
	at pages.HomePage.waitSeconds(HomePage.java:45)
	at pages.HomePage.waitSeconds(HomePage.java:45)
	at pages.HomePage.waitSeconds(HomePage.java:45)
	at pages.HomePage.waitSeconds(HomePage.java:45)
	at pages.HomePage.waitSeconds(HomePage.java:45)
	at pages.HomePage.waitSeconds(HomePage.java:45)
	at pages.HomePage.waitSeconds(HomePage.java:45)
	at pages.HomePage.waitSeconds(HomePage.java:45)
	at pages.HomePage.waitSeconds(HomePage.java:45)
	at pages.HomePage.waitSeconds(HomePage.java:45)
	at pages.HomePage.waitSeconds(HomePage.java:45)
	at pages.HomePage.waitSeconds(HomePage.java:45)
	at pages.HomePage.waitSeconds(HomePage.java:45)
	at pages.HomePage.waitSeconds(HomePage.java:45)
	at pages.HomePage.waitSeconds(HomePage.java:45)
	at pages.HomePage.waitSeconds(HomePage.java:45)
	at pages.HomePage.waitSeconds(HomePage.java:45)
	at pages.HomePage.waitSeconds(HomePage.java:45)
	at pages.HomePage.waitSeconds(HomePage.java:45)
	at pages.HomePage.waitSeconds(HomePage.java:45)
	at pages.HomePage.waitSeconds(HomePage.java:45)
	at pages.HomePage.waitSeconds(HomePage.java:45)
	at pages.HomePage.waitSeconds(HomePage.java:45)
	at pages.HomePage.waitSeconds(HomePage.java:45)
	at pages.HomePage.waitSeconds(HomePage.java:45)
	at pages.HomePage.waitSeconds(HomePage.java:45)
	at pages.HomePage.waitSeconds(HomePage.java:45)
	at pages.HomePage.waitSeconds(HomePage.java:45)
	at pages.HomePage.waitSeconds(HomePage.java:45)
	at pages.HomePage.waitSeconds(HomePage.java:45)
	at pages.HomePage.waitSeconds(HomePage.java:45)
	at pages.HomePage.waitSeconds(HomePage.java:45)
	at pages.HomePage.waitSeconds(HomePage.java:45)
	at pages.HomePage.waitSeconds(HomePage.java:45)
	at pages.HomePage.waitSeconds(HomePage.java:45)
	at pages.HomePage.waitSeconds(HomePage.java:45)
	at pages.HomePage.waitSeconds(HomePage.java:45)
	at pages.HomePage.waitSeconds(HomePage.java:45)
	at pages.HomePage.waitSeconds(HomePage.java:45)
	at pages.HomePage.waitSeconds(HomePage.java:45)
	at pages.HomePage.waitSeconds(HomePage.java:45)
	at pages.HomePage.waitSeconds(HomePage.java:45)
	at pages.HomePage.waitSeconds(HomePage.java:45)
	at pages.HomePage.waitSeconds(HomePage.java:45)
	at pages.HomePage.waitSeconds(HomePage.java:45)
	at pages.HomePage.waitSeconds(HomePage.java:45)
	at pages.HomePage.waitSeconds(HomePage.java:45)
	at pages.HomePage.waitSeconds(HomePage.java:45)
	at pages.HomePage.waitSeconds(HomePage.java:45)
	at pages.HomePage.waitSeconds(HomePage.java:45)
	at pages.HomePage.waitSeconds(HomePage.java:45)
	at pages.HomePage.waitSeconds(HomePage.java:45)
	at pages.HomePage.waitSeconds(HomePage.java:45)
	at pages.HomePage.waitSeconds(HomePage.java:45)
	at pages.HomePage.waitSeconds(HomePage.java:45)
	at pages.HomePage.waitSeconds(HomePage.java:45)
	at pages.HomePage.waitSeconds(HomePage.java:45)
	at pages.HomePage.waitSeconds(HomePage.java:45)
	at pages.HomePage.waitSeconds(HomePage.java:45)
	at pages.HomePage.waitSeconds(HomePage.java:45)
	at pages.HomePage.waitSeconds(HomePage.java:45)
	at pages.HomePage.waitSeconds(HomePage.java:45)
	at pages.HomePage.waitSeconds(HomePage.java:45)
	at pages.HomePage.waitSeconds(HomePage.java:45)
	at pages.HomePage.waitSeconds(HomePage.java:45)
	at pages.HomePage.waitSeconds(HomePage.java:45)
	at pages.HomePage.waitSeconds(HomePage.java:45)
	at pages.HomePage.waitSeconds(HomePage.java:45)
	at pages.HomePage.waitSeconds(HomePage.java:45)
	at pages.HomePage.waitSeconds(HomePage.java:45)
	at pages.HomePage.waitSeconds(HomePage.java:45)
	at pages.HomePage.waitSeconds(HomePage.java:45)
	at pages.HomePage.waitSeconds(HomePage.java:45)
	at pages.HomePage.waitSeconds(HomePage.java:45)
	at pages.HomePage.waitSeconds(HomePage.java:45)
	at pages.HomePage.waitSeconds(HomePage.java:45)
	at pages.HomePage.waitSeconds(HomePage.java:45)
	at pages.HomePage.waitSeconds(HomePage.java:45)
	at pages.HomePage.waitSeconds(HomePage.java:45)
	at pages.HomePage.waitSeconds(HomePage.java:45)
	at pages.HomePage.waitSeconds(HomePage.java:45)
	at pages.HomePage.waitSeconds(HomePage.java:45)
	at pages.HomePage.waitSeconds(HomePage.java:45)
	at pages.HomePage.waitSeconds(HomePage.java:45)
	at pages.HomePage.waitSeconds(HomePage.java:45)
	at pages.HomePage.waitSeconds(HomePage.java:45)
	at pages.HomePage.waitSeconds(HomePage.java:45)
	at pages.HomePage.waitSeconds(HomePage.java:45)
	at pages.HomePage.waitSeconds(HomePage.java:45)
	at pages.HomePage.waitSeconds(HomePage.java:45)
	at pages.HomePage.waitSeconds(HomePage.java:45)
	at pages.HomePage.waitSeconds(HomePage.java:45)
	at pages.HomePage.waitSeconds(HomePage.java:45)
	at pages.HomePage.waitSeconds(HomePage.java:45)
	at pages.HomePage.waitSeconds(HomePage.java:45)
	at pages.HomePage.waitSeconds(HomePage.java:45)
	at pages.HomePage.waitSeconds(HomePage.java:45)
	at pages.HomePage.waitSeconds(HomePage.java:45)
	at pages.HomePage.waitSeconds(HomePage.java:45)
	at pages.HomePage.waitSeconds(HomePage.java:45)
	at pages.HomePage.waitSeconds(HomePage.java:45)
	at pages.HomePage.waitSeconds(HomePage.java:45)
	at pages.HomePage.waitSeconds(HomePage.java:45)
	at pages.HomePage.waitSeconds(HomePage.java:45)
	at pages.HomePage.waitSeconds(HomePage.java:45)
	at pages.HomePage.waitSeconds(HomePage.java:45)
	at pages.HomePage.waitSeconds(HomePage.java:45)
	at pages.HomePage.waitSeconds(HomePage.java:45)
	at pages.HomePage.waitSeconds(HomePage.java:45)
	at pages.HomePage.waitSeconds(HomePage.java:45)
	at pages.HomePage.waitSeconds(HomePage.java:45)
	at pages.HomePage.waitSeconds(HomePage.java:45)
	at pages.HomePage.waitSeconds(HomePage.java:45)
	at pages.HomePage.waitSeconds(HomePage.java:45)
	at pages.HomePage.waitSeconds(HomePage.java:45)
	at pages.HomePage.waitSeconds(HomePage.java:45)
	at pages.HomePage.waitSeconds(HomePage.java:45)
	at pages.HomePage.waitSeconds(HomePage.java:45)
	at pages.HomePage.waitSeconds(HomePage.java:45)
	at pages.HomePage.waitSeconds(HomePage.java:45)
	at pages.HomePage.waitSeconds(HomePage.java:45)
	at pages.HomePage.waitSeconds(HomePage.java:45)
	at pages.HomePage.waitSeconds(HomePage.java:45)
	at pages.HomePage.waitSeconds(HomePage.java:45)
	at pages.HomePage.waitSeconds(HomePage.java:45)
	at pages.HomePage.waitSeconds(HomePage.java:45)
	at pages.HomePage.waitSeconds(HomePage.java:45)
	at pages.HomePage.waitSeconds(HomePage.java:45)
	at pages.HomePage.waitSeconds(HomePage.java:45)
	at pages.HomePage.waitSeconds(HomePage.java:45)
	at pages.HomePage.waitSeconds(HomePage.java:45)
	at pages.HomePage.waitSeconds(HomePage.java:45)
	at pages.HomePage.waitSeconds(HomePage.java:45)
	at pages.HomePage.waitSeconds(HomePage.java:45)
	at pages.HomePage.waitSeconds(HomePage.java:45)
	at pages.HomePage.waitSeconds(HomePage.java:45)
	at pages.HomePage.waitSeconds(HomePage.java:45)
	at pages.HomePage.waitSeconds(HomePage.java:45)
	at pages.HomePage.waitSeconds(HomePage.java:45)
	at pages.HomePage.waitSeconds(HomePage.java:45)
	at pages.HomePage.waitSeconds(HomePage.java:45)
	at pages.HomePage.waitSeconds(HomePage.java:45)
	at pages.HomePage.waitSeconds(HomePage.java:45)
	at pages.HomePage.waitSeconds(HomePage.java:45)
	at pages.HomePage.waitSeconds(HomePage.java:45)
	at pages.HomePage.waitSeconds(HomePage.java:45)
	at pages.HomePage.waitSeconds(HomePage.java:45)
	at pages.HomePage.waitSeconds(HomePage.java:45)
	at pages.HomePage.waitSeconds(HomePage.java:45)
	at pages.HomePage.waitSeconds(HomePage.java:45)
	at pages.HomePage.waitSeconds(HomePage.java:45)
	at pages.HomePage.waitSeconds(HomePage.java:45)
	at pages.HomePage.waitSeconds(HomePage.java:45)
	at pages.HomePage.waitSeconds(HomePage.java:45)
	at pages.HomePage.waitSeconds(HomePage.java:45)
	at pages.HomePage.waitSeconds(HomePage.java:45)
	at pages.HomePage.waitSeconds(HomePage.java:45)
	at pages.HomePage.waitSeconds(HomePage.java:45)
	at pages.HomePage.waitSeconds(HomePage.java:45)
	at pages.HomePage.waitSeconds(HomePage.java:45)
	at pages.HomePage.waitSeconds(HomePage.java:45)
	at pages.HomePage.waitSeconds(HomePage.java:45)
	at pages.HomePage.waitSeconds(HomePage.java:45)
	at pages.HomePage.waitSeconds(HomePage.java:45)
	at pages.HomePage.waitSeconds(HomePage.java:45)
	at pages.HomePage.waitSeconds(HomePage.java:45)
	at pages.HomePage.waitSeconds(HomePage.java:45)
	at pages.HomePage.waitSeconds(HomePage.java:45)
	at pages.HomePage.waitSeconds(HomePage.java:45)
	at pages.HomePage.waitSeconds(HomePage.java:45)
	at pages.HomePage.waitSeconds(HomePage.java:45)
	at pages.HomePage.waitSeconds(HomePage.java:45)
	at pages.HomePage.waitSeconds(HomePage.java:45)
	at pages.HomePage.waitSeconds(HomePage.java:45)
	at pages.HomePage.waitSeconds(HomePage.java:45)
	at pages.HomePage.waitSeconds(HomePage.java:45)
	at pages.HomePage.waitSeconds(HomePage.java:45)
	at pages.HomePage.waitSeconds(HomePage.java:45)
	at pages.HomePage.waitSeconds(HomePage.java:45)
	at pages.HomePage.waitSeconds(HomePage.java:45)
	at pages.HomePage.waitSeconds(HomePage.java:45)
	at pages.HomePage.waitSeconds(HomePage.java:45)
	at pages.HomePage.waitSeconds(HomePage.java:45)
	at pages.HomePage.waitSeconds(HomePage.java:45)
	at pages.HomePage.waitSeconds(HomePage.java:45)
	at pages.HomePage.waitSeconds(HomePage.java:45)
	at pages.HomePage.waitSeconds(HomePage.java:45)
	at pages.HomePage.waitSeconds(HomePage.java:45)
	at pages.HomePage.waitSeconds(HomePage.java:45)
	at pages.HomePage.waitSeconds(HomePage.java:45)
	at pages.HomePage.waitSeconds(HomePage.java:45)
	at pages.HomePage.waitSeconds(HomePage.java:45)
	at pages.HomePage.waitSeconds(HomePage.java:45)
	at pages.HomePage.waitSeconds(HomePage.java:45)
	at pages.HomePage.waitSeconds(HomePage.java:45)
	at pages.HomePage.waitSeconds(HomePage.java:45)
	at pages.HomePage.waitSeconds(HomePage.java:45)
	at pages.HomePage.waitSeconds(HomePage.java:45)
	at pages.HomePage.waitSeconds(HomePage.java:45)
	at pages.HomePage.waitSeconds(HomePage.java:45)
	at pages.HomePage.waitSeconds(HomePage.java:45)
	at pages.HomePage.waitSeconds(HomePage.java:45)
	at pages.HomePage.waitSeconds(HomePage.java:45)
	at pages.HomePage.waitSeconds(HomePage.java:45)
	at pages.HomePage.waitSeconds(HomePage.java:45)
	at pages.HomePage.waitSeconds(HomePage.java:45)
	at pages.HomePage.waitSeconds(HomePage.java:45)
	at pages.HomePage.waitSeconds(HomePage.java:45)
	at pages.HomePage.waitSeconds(HomePage.java:45)
	at pages.HomePage.waitSeconds(HomePage.java:45)
	at pages.HomePage.waitSeconds(HomePage.java:45)
	at pages.HomePage.waitSeconds(HomePage.java:45)
	at pages.HomePage.waitSeconds(HomePage.java:45)
	at pages.HomePage.waitSeconds(HomePage.java:45)
	at pages.HomePage.waitSeconds(HomePage.java:45)
	at pages.HomePage.waitSeconds(HomePage.java:45)
	at pages.HomePage.waitSeconds(HomePage.java:45)
	at pages.HomePage.waitSeconds(HomePage.java:45)
	at pages.HomePage.waitSeconds(HomePage.java:45)
	at pages.HomePage.waitSeconds(HomePage.java:45)
	at pages.HomePage.waitSeconds(HomePage.java:45)
	at pages.HomePage.waitSeconds(HomePage.java:45)
	at pages.HomePage.waitSeconds(HomePage.java:45)
	at pages.HomePage.waitSeconds(HomePage.java:45)
	at pages.HomePage.waitSeconds(HomePage.java:45)
	at pages.HomePage.waitSeconds(HomePage.java:45)
	at pages.HomePage.waitSeconds(HomePage.java:45)
	at pages.HomePage.waitSeconds(HomePage.java:45)
	at pages.HomePage.waitSeconds(HomePage.java:45)
	at pages.HomePage.waitSeconds(HomePage.java:45)
	at pages.HomePage.waitSeconds(HomePage.java:45)
	at pages.HomePage.waitSeconds(HomePage.java:45)
	at pages.HomePage.waitSeconds(HomePage.java:45)
	at pages.HomePage.waitSeconds(HomePage.java:45)
	at pages.HomePage.waitSeconds(HomePage.java:45)
	at pages.HomePage.waitSeconds(HomePage.java:45)
	at pages.HomePage.waitSeconds(HomePage.java:45)
	at pages.HomePage.waitSeconds(HomePage.java:45)
	at pages.HomePage.waitSeconds(HomePage.java:45)
	at pages.HomePage.waitSeconds(HomePage.java:45)
	at pages.HomePage.waitSeconds(HomePage.java:45)
	at pages.HomePage.waitSeconds(HomePage.java:45)
	at pages.HomePage.waitSeconds(HomePage.java:45)
	at pages.HomePage.waitSeconds(HomePage.java:45)
	at pages.HomePage.waitSeconds(HomePage.java:45)
	at pages.HomePage.waitSeconds(HomePage.java:45)
	at pages.HomePage.waitSeconds(HomePage.java:45)
	at pages.HomePage.waitSeconds(HomePage.java:45)
	at pages.HomePage.waitSeconds(HomePage.java:45)
	at pages.HomePage.waitSeconds(HomePage.java:45)
	at pages.HomePage.waitSeconds(HomePage.java:45)
	at pages.HomePage.waitSeconds(HomePage.java:45)
	at pages.HomePage.waitSeconds(HomePage.java:45)
	at pages.HomePage.waitSeconds(HomePage.java:45)
	at pages.HomePage.waitSeconds(HomePage.java:45)
	at pages.HomePage.waitSeconds(HomePage.java:45)
	at pages.HomePage.waitSeconds(HomePage.java:45)
	at pages.HomePage.waitSeconds(HomePage.java:45)
	at pages.HomePage.waitSeconds(HomePage.java:45)
	at pages.HomePage.waitSeconds(HomePage.java:45)
	at pages.HomePage.waitSeconds(HomePage.java:45)
	at pages.HomePage.waitSeconds(HomePage.java:45)
	at pages.HomePage.waitSeconds(HomePage.java:45)
	at pages.HomePage.waitSeconds(HomePage.java:45)
	at pages.HomePage.waitSeconds(HomePage.java:45)
	at pages.HomePage.waitSeconds(HomePage.java:45)
	at pages.HomePage.waitSeconds(HomePage.java:45)
	at pages.HomePage.waitSeconds(HomePage.java:45)
	at pages.HomePage.waitSeconds(HomePage.java:45)
	at pages.HomePage.waitSeconds(HomePage.java:45)
	at pages.HomePage.waitSeconds(HomePage.java:45)
	at pages.HomePage.waitSeconds(HomePage.java:45)
	at pages.HomePage.waitSeconds(HomePage.java:45)
	at pages.HomePage.waitSeconds(HomePage.java:45)
	at pages.HomePage.waitSeconds(HomePage.java:45)
	at pages.HomePage.waitSeconds(HomePage.java:45)
	at pages.HomePage.waitSeconds(HomePage.java:45)
	at pages.HomePage.waitSeconds(HomePage.java:45)
	at pages.HomePage.waitSeconds(HomePage.java:45)
	at pages.HomePage.waitSeconds(HomePage.java:45)
	at pages.HomePage.waitSeconds(HomePage.java:45)
	at pages.HomePage.waitSeconds(HomePage.java:45)
	at pages.HomePage.waitSeconds(HomePage.java:45)
	at pages.HomePage.waitSeconds(HomePage.java:45)
	at pages.HomePage.waitSeconds(HomePage.java:45)
	at pages.HomePage.waitSeconds(HomePage.java:45)
	at pages.HomePage.waitSeconds(HomePage.java:45)
	at pages.HomePage.waitSeconds(HomePage.java:45)
	at pages.HomePage.waitSeconds(HomePage.java:45)
	at pages.HomePage.waitSeconds(HomePage.java:45)
	at pages.HomePage.waitSeconds(HomePage.java:45)
	at pages.HomePage.waitSeconds(HomePage.java:45)
	at pages.HomePage.waitSeconds(HomePage.java:45)
	at pages.HomePage.waitSeconds(HomePage.java:45)
	at pages.HomePage.waitSeconds(HomePage.java:45)
	at pages.HomePage.waitSeconds(HomePage.java:45)
	at pages.HomePage.waitSeconds(HomePage.java:45)
	at pages.HomePage.waitSeconds(HomePage.java:45)
	at pages.HomePage.waitSeconds(HomePage.java:45)
	at pages.HomePage.waitSeconds(HomePage.java:45)
	at pages.HomePage.waitSeconds(HomePage.java:45)
	at pages.HomePage.waitSeconds(HomePage.java:45)
	at pages.HomePage.waitSeconds(HomePage.java:45)
	at pages.HomePage.waitSeconds(HomePage.java:45)
	at pages.HomePage.waitSeconds(HomePage.java:45)
	at pages.HomePage.waitSeconds(HomePage.java:45)
	at pages.HomePage.waitSeconds(HomePage.java:45)
	at pages.HomePage.waitSeconds(HomePage.java:45)
	at pages.HomePage.waitSeconds(HomePage.java:45)
	at pages.HomePage.waitSeconds(HomePage.java:45)
	at pages.HomePage.waitSeconds(HomePage.java:45)
	at pages.HomePage.waitSeconds(HomePage.java:45)
	at pages.HomePage.waitSeconds(HomePage.java:45)
	at pages.HomePage.waitSeconds(HomePage.java:45)
	at pages.HomePage.waitSeconds(HomePage.java:45)
	at pages.HomePage.waitSeconds(HomePage.java:45)
	at pages.HomePage.waitSeconds(HomePage.java:45)
	at pages.HomePage.waitSeconds(HomePage.java:45)
	at pages.HomePage.waitSeconds(HomePage.java:45)
	at pages.HomePage.waitSeconds(HomePage.java:45)
	at pages.HomePage.waitSeconds(HomePage.java:45)
	at pages.HomePage.waitSeconds(HomePage.java:45)
	at pages.HomePage.waitSeconds(HomePage.java:45)
	at pages.HomePage.waitSeconds(HomePage.java:45)
	at pages.HomePage.waitSeconds(HomePage.java:45)
	at pages.HomePage.waitSeconds(HomePage.java:45)
	at pages.HomePage.waitSeconds(HomePage.java:45)
	at pages.HomePage.waitSeconds(HomePage.java:45)
	at pages.HomePage.waitSeconds(HomePage.java:45)
	at pages.HomePage.waitSeconds(HomePage.java:45)
	at pages.HomePage.waitSeconds(HomePage.java:45)
	at pages.HomePage.waitSeconds(HomePage.java:45)
	at pages.HomePage.waitSeconds(HomePage.java:45)
	at pages.HomePage.waitSeconds(HomePage.java:45)
	at pages.HomePage.waitSeconds(HomePage.java:45)
	at pages.HomePage.waitSeconds(HomePage.java:45)
	at pages.HomePage.waitSeconds(HomePage.java:45)
	at pages.HomePage.waitSeconds(HomePage.java:45)
	at pages.HomePage.waitSeconds(HomePage.java:45)
	at pages.HomePage.waitSeconds(HomePage.java:45)
	at pages.HomePage.waitSeconds(HomePage.java:45)
	at pages.HomePage.waitSeconds(HomePage.java:45)
	at pages.HomePage.waitSeconds(HomePage.java:45)
	at pages.HomePage.waitSeconds(HomePage.java:45)
	at pages.HomePage.waitSeconds(HomePage.java:45)
	at pages.HomePage.waitSeconds(HomePage.java:45)
	at pages.HomePage.waitSeconds(HomePage.java:45)
	at pages.HomePage.waitSeconds(HomePage.java:45)
	at pages.HomePage.waitSeconds(HomePage.java:45)
	at pages.HomePage.waitSeconds(HomePage.java:45)
	at pages.HomePage.waitSeconds(HomePage.java:45)
	at pages.HomePage.waitSeconds(HomePage.java:45)
	at pages.HomePage.waitSeconds(HomePage.java:45)
	at pages.HomePage.waitSeconds(HomePage.java:45)
	at pages.HomePage.waitSeconds(HomePage.java:45)
	at pages.HomePage.waitSeconds(HomePage.java:45)
	at pages.HomePage.waitSeconds(HomePage.java:45)
	at pages.HomePage.waitSeconds(HomePage.java:45)
	at pages.HomePage.waitSeconds(HomePage.java:45)
	at pages.HomePage.waitSeconds(HomePage.java:45)
	at pages.HomePage.waitSeconds(HomePage.java:45)
	at pages.HomePage.waitSeconds(HomePage.java:45)
	at pages.HomePage.waitSeconds(HomePage.java:45)
	at pages.HomePage.waitSeconds(HomePage.java:45)
	at pages.HomePage.waitSeconds(HomePage.java:45)
	at pages.HomePage.waitSeconds(HomePage.java:45)
	at pages.HomePage.waitSeconds(HomePage.java:45)
	at pages.HomePage.waitSeconds(HomePage.java:45)
	at pages.HomePage.waitSeconds(HomePage.java:45)
	at pages.HomePage.waitSeconds(HomePage.java:45)
	at pages.HomePage.waitSeconds(HomePage.java:45)
	at pages.HomePage.waitSeconds(HomePage.java:45)
	at pages.HomePage.waitSeconds(HomePage.java:45)
	at pages.HomePage.waitSeconds(HomePage.java:45)
	at pages.HomePage.waitSeconds(HomePage.java:45)
	at pages.HomePage.waitSeconds(HomePage.java:45)
	at pages.HomePage.waitSeconds(HomePage.java:45)
	at pages.HomePage.waitSeconds(HomePage.java:45)
	at pages.HomePage.waitSeconds(HomePage.java:45)
	at pages.HomePage.waitSeconds(HomePage.java:45)
	at pages.HomePage.waitSeconds(HomePage.java:45)
	at pages.HomePage.waitSeconds(HomePage.java:45)
	at pages.HomePage.waitSeconds(HomePage.java:45)
	at pages.HomePage.waitSeconds(HomePage.java:45)
	at pages.HomePage.waitSeconds(HomePage.java:45)
	at pages.HomePage.waitSeconds(HomePage.java:45)
	at pages.HomePage.waitSeconds(HomePage.java:45)
	at pages.HomePage.waitSeconds(HomePage.java:45)
	at pages.HomePage.waitSeconds(HomePage.java:45)
	at pages.HomePage.waitSeconds(HomePage.java:45)
	at pages.HomePage.waitSeconds(HomePage.java:45)
	at pages.HomePage.waitSeconds(HomePage.java:45)
	at pages.HomePage.waitSeconds(HomePage.java:45)
	at pages.HomePage.waitSeconds(HomePage.java:45)
	at pages.HomePage.waitSeconds(HomePage.java:45)
	at pages.HomePage.waitSeconds(HomePage.java:45)
	at pages.HomePage.waitSeconds(HomePage.java:45)
	at pages.HomePage.waitSeconds(HomePage.java:45)
	at pages.HomePage.waitSeconds(HomePage.java:45)
	at pages.HomePage.waitSeconds(HomePage.java:45)
	at pages.HomePage.waitSeconds(HomePage.java:45)
	at pages.HomePage.waitSeconds(HomePage.java:45)
	at pages.HomePage.waitSeconds(HomePage.java:45)
	at pages.HomePage.waitSeconds(HomePage.java:45)
	at pages.HomePage.waitSeconds(HomePage.java:45)
	at pages.HomePage.waitSeconds(HomePage.java:45)
	at pages.HomePage.waitSeconds(HomePage.java:45)
	at pages.HomePage.waitSeconds(HomePage.java:45)
	at pages.HomePage.waitSeconds(HomePage.java:45)
	at pages.HomePage.waitSeconds(HomePage.java:45)
	at pages.HomePage.waitSeconds(HomePage.java:45)
	at pages.HomePage.waitSeconds(HomePage.java:45)
	at pages.HomePage.waitSeconds(HomePage.java:45)
	at pages.HomePage.waitSeconds(HomePage.java:45)
	at pages.HomePage.waitSeconds(HomePage.java:45)
	at pages.HomePage.waitSeconds(HomePage.java:45)
	at pages.HomePage.waitSeconds(HomePage.java:45)
	at pages.HomePage.waitSeconds(HomePage.java:45)
	at pages.HomePage.waitSeconds(HomePage.java:45)
	at pages.HomePage.waitSeconds(HomePage.java:45)
	at pages.HomePage.waitSeconds(HomePage.java:45)
	at pages.HomePage.waitSeconds(HomePage.java:45)
	at pages.HomePage.waitSeconds(HomePage.java:45)
	at pages.HomePage.waitSeconds(HomePage.java:45)
	at pages.HomePage.waitSeconds(HomePage.java:45)
	at pages.HomePage.waitSeconds(HomePage.java:45)
	at pages.HomePage.waitSeconds(HomePage.java:45)
	at pages.HomePage.waitSeconds(HomePage.java:45)
	at pages.HomePage.waitSeconds(HomePage.java:45)
	at pages.HomePage.waitSeconds(HomePage.java:45)
	at pages.HomePage.waitSeconds(HomePage.java:45)
	at pages.HomePage.waitSeconds(HomePage.java:45)
	at pages.HomePage.waitSeconds(HomePage.java:45)
	at pages.HomePage.waitSeconds(HomePage.java:45)
	at pages.HomePage.waitSeconds(HomePage.java:45)
	at pages.HomePage.waitSeconds(HomePage.java:45)
	at pages.HomePage.waitSeconds(HomePage.java:45)
	at pages.HomePage.waitSeconds(HomePage.java:45)
	at pages.HomePage.waitSeconds(HomePage.java:45)
	at pages.HomePage.waitSeconds(HomePage.java:45)
	at pages.HomePage.waitSeconds(HomePage.java:45)
	at pages.HomePage.waitSeconds(HomePage.java:45)
	at pages.HomePage.waitSeconds(HomePage.java:45)
	at pages.HomePage.waitSeconds(HomePage.java:45)
	at pages.HomePage.waitSeconds(HomePage.java:45)
	at pages.HomePage.waitSeconds(HomePage.java:45)
	at pages.HomePage.waitSeconds(HomePage.java:45)
	at pages.HomePage.waitSeconds(HomePage.java:45)
	at pages.HomePage.waitSeconds(HomePage.java:45)
	at pages.HomePage.waitSeconds(HomePage.java:45)
	at pages.HomePage.waitSeconds(HomePage.java:45)
	at pages.HomePage.waitSeconds(HomePage.java:45)
	at pages.HomePage.waitSeconds(HomePage.java:45)
	at pages.HomePage.waitSeconds(HomePage.java:45)
	at pages.HomePage.waitSeconds(HomePage.java:45)
	at pages.HomePage.waitSeconds(HomePage.java:45)
	at pages.HomePage.waitSeconds(HomePage.java:45)
	at pages.HomePage.waitSeconds(HomePage.java:45)
	at pages.HomePage.waitSeconds(HomePage.java:45)
	at pages.HomePage.waitSeconds(HomePage.java:45)
	at pages.HomePage.waitSeconds(HomePage.java:45)
	at pages.HomePage.waitSeconds(HomePage.java:45)
	at pages.HomePage.waitSeconds(HomePage.java:45)
	at pages.HomePage.waitSeconds(HomePage.java:45)
	at pages.HomePage.waitSeconds(HomePage.java:45)
	at pages.HomePage.waitSeconds(HomePage.java:45)
	at pages.HomePage.waitSeconds(HomePage.java:45)
	at pages.HomePage.waitSeconds(HomePage.java:45)
	at pages.HomePage.waitSeconds(HomePage.java:45)
	at pages.HomePage.waitSeconds(HomePage.java:45)
	at pages.HomePage.waitSeconds(HomePage.java:45)
	at pages.HomePage.waitSeconds(HomePage.java:45)
	at pages.HomePage.waitSeconds(HomePage.java:45)
	at pages.HomePage.waitSeconds(HomePage.java:45)
	at pages.HomePage.waitSeconds(HomePage.java:45)
	at pages.HomePage.waitSeconds(HomePage.java:45)
	at pages.HomePage.waitSeconds(HomePage.java:45)
	at pages.HomePage.waitSeconds(HomePage.java:45)
	at pages.HomePage.waitSeconds(HomePage.java:45)
	at pages.HomePage.waitSeconds(HomePage.java:45)
	at pages.HomePage.waitSeconds(HomePage.java:45)
	at pages.HomePage.waitSeconds(HomePage.java:45)
	at pages.HomePage.waitSeconds(HomePage.java:45)
	at pages.HomePage.waitSeconds(HomePage.java:45)
	at pages.HomePage.waitSeconds(HomePage.java:45)
	at pages.HomePage.waitSeconds(HomePage.java:45)
	at pages.HomePage.waitSeconds(HomePage.java:45)
	at pages.HomePage.waitSeconds(HomePage.java:45)
	at pages.HomePage.waitSeconds(HomePage.java:45)
	at pages.HomePage.waitSeconds(HomePage.java:45)
	at pages.HomePage.waitSeconds(HomePage.java:45)
	at pages.HomePage.waitSeconds(HomePage.java:45)
	at pages.HomePage.waitSeconds(HomePage.java:45)
	at pages.HomePage.waitSeconds(HomePage.java:45)
	at pages.HomePage.waitSeconds(HomePage.java:45)
	at pages.HomePage.waitSeconds(HomePage.java:45)
	at pages.HomePage.waitSeconds(HomePage.java:45)
	at pages.HomePage.waitSeconds(HomePage.java:45)
	at pages.HomePage.waitSeconds(HomePage.java:45)
	at pages.HomePage.waitSeconds(HomePage.java:45)
	at pages.HomePage.waitSeconds(HomePage.java:45)
	at pages.HomePage.waitSeconds(HomePage.java:45)
	at pages.HomePage.waitSeconds(HomePage.java:45)
	at pages.HomePage.waitSeconds(HomePage.java:45)
	at pages.HomePage.waitSeconds(HomePage.java:45)
	at pages.HomePage.waitSeconds(HomePage.java:45)
	at pages.HomePage.waitSeconds(HomePage.java:45)
	at pages.HomePage.waitSeconds(HomePage.java:45)
	at pages.HomePage.waitSeconds(HomePage.java:45)
	at pages.HomePage.waitSeconds(HomePage.java:45)
	at pages.HomePage.waitSeconds(HomePage.java:45)
	at pages.HomePage.waitSeconds(HomePage.java:45)
	at pages.HomePage.waitSeconds(HomePage.java:45)
	at pages.HomePage.waitSeconds(HomePage.java:45)
	at pages.HomePage.waitSeconds(HomePage.java:45)
	at pages.HomePage.waitSeconds(HomePage.java:45)
	at pages.HomePage.waitSeconds(HomePage.java:45)
	at pages.HomePage.waitSeconds(HomePage.java:45)
	at pages.HomePage.waitSeconds(HomePage.java:45)
	at pages.HomePage.waitSeconds(HomePage.java:45)
	at pages.HomePage.waitSeconds(HomePage.java:45)
	at pages.HomePage.waitSeconds(HomePage.java:45)
	at pages.HomePage.waitSeconds(HomePage.java:45)
	at pages.HomePage.waitSeconds(HomePage.java:45)
	at pages.HomePage.waitSeconds(HomePage.java:45)
	at pages.HomePage.waitSeconds(HomePage.java:45)
	at pages.HomePage.waitSeconds(HomePage.java:45)
	at pages.HomePage.waitSeconds(HomePage.java:45)
	at pages.HomePage.waitSeconds(HomePage.java:45)
	at pages.HomePage.waitSeconds(HomePage.java:45)
	at pages.HomePage.waitSeconds(HomePage.java:45)
	at pages.HomePage.waitSeconds(HomePage.java:45)
	at pages.HomePage.waitSeconds(HomePage.java:45)
	at pages.HomePage.waitSeconds(HomePage.java:45)
	at pages.HomePage.waitSeconds(HomePage.java:45)
	at pages.HomePage.waitSeconds(HomePage.java:45)
	at pages.HomePage.waitSeconds(HomePage.java:45)
	at pages.HomePage.waitSeconds(HomePage.java:45)
	at pages.HomePage.waitSeconds(HomePage.java:45)
	at pages.HomePage.waitSeconds(HomePage.java:45)
	at pages.HomePage.waitSeconds(HomePage.java:45)
	at pages.HomePage.waitSeconds(HomePage.java:45)
	at pages.HomePage.waitSeconds(HomePage.java:45)
	at pages.HomePage.waitSeconds(HomePage.java:45)
	at pages.HomePage.waitSeconds(HomePage.java:45)
	at pages.HomePage.waitSeconds(HomePage.java:45)
	at pages.HomePage.waitSeconds(HomePage.java:45)
	at pages.HomePage.waitSeconds(HomePage.java:45)
	at pages.HomePage.waitSeconds(HomePage.java:45)
	at pages.HomePage.waitSeconds(HomePage.java:45)
	at pages.HomePage.waitSeconds(HomePage.java:45)
	at pages.HomePage.waitSeconds(HomePage.java:45)
	at pages.HomePage.waitSeconds(HomePage.java:45)
	at pages.HomePage.waitSeconds(HomePage.java:45)
	at pages.HomePage.waitSeconds(HomePage.java:45)
	at pages.HomePage.waitSeconds(HomePage.java:45)
	at pages.HomePage.waitSeconds(HomePage.java:45)
	at pages.HomePage.waitSeconds(HomePage.java:45)
	at pages.HomePage.waitSeconds(HomePage.java:45)
	at pages.HomePage.waitSeconds(HomePage.java:45)
	at pages.HomePage.waitSeconds(HomePage.java:45)
	at pages.HomePage.waitSeconds(HomePage.java:45)
	at pages.HomePage.waitSeconds(HomePage.java:45)
	at pages.HomePage.waitSeconds(HomePage.java:45)
	at pages.HomePage.waitSeconds(HomePage.java:45)
	at pages.HomePage.waitSeconds(HomePage.java:45)
	at pages.HomePage.waitSeconds(HomePage.java:45)
	at pages.HomePage.waitSeconds(HomePage.java:45)
	at pages.HomePage.waitSeconds(HomePage.java:45)
	at pages.HomePage.waitSeconds(HomePage.java:45)
	at pages.HomePage.waitSeconds(HomePage.java:45)
	at pages.HomePage.waitSeconds(HomePage.java:45)
	at pages.HomePage.waitSeconds(HomePage.java:45)
	at pages.HomePage.waitSeconds(HomePage.java:45)
	at pages.HomePage.waitSeconds(HomePage.java:45)
	at pages.HomePage.waitSeconds(HomePage.java:45)
	at pages.HomePage.waitSeconds(HomePage.java:45)
	at pages.HomePage.waitSeconds(HomePage.java:45)
	at pages.HomePage.waitSeconds(HomePage.java:45)
	at pages.HomePage.waitSeconds(HomePage.java:45)
	at pages.HomePage.waitSeconds(HomePage.java:45)
	at pages.HomePage.waitSeconds(HomePage.java:45)
	at pages.HomePage.waitSeconds(HomePage.java:45)
	at pages.HomePage.waitSeconds(HomePage.java:45)
	at pages.HomePage.waitSeconds(HomePage.java:45)
	at pages.HomePage.waitSeconds(HomePage.java:45)
	at pages.HomePage.waitSeconds(HomePage.java:45)
	at pages.HomePage.waitSeconds(HomePage.java:45)
	at pages.HomePage.waitSeconds(HomePage.java:45)
	at pages.HomePage.waitSeconds(HomePage.java:45)
	at pages.HomePage.waitSeconds(HomePage.java:45)
	at pages.HomePage.waitSeconds(HomePage.java:45)
	at pages.HomePage.waitSeconds(HomePage.java:45)
	at pages.HomePage.waitSeconds(HomePage.java:45)
	at pages.HomePage.waitSeconds(HomePage.java:45)
	at pages.HomePage.waitSeconds(HomePage.java:45)
	at pages.HomePage.waitSeconds(HomePage.java:45)
	at pages.HomePage.waitSeconds(HomePage.java:45)
	at pages.HomePage.waitSeconds(HomePage.java:45)
	at pages.HomePage.waitSeconds(HomePage.java:45)
	at pages.HomePage.waitSeconds(HomePage.java:45)
	at pages.HomePage.waitSeconds(HomePage.java:45)
	at pages.HomePage.waitSeconds(HomePage.java:45)
	at pages.HomePage.waitSeconds(HomePage.java:45)
	at pages.HomePage.waitSeconds(HomePage.java:45)
	at pages.HomePage.waitSeconds(HomePage.java:45)
	at pages.HomePage.waitSeconds(HomePage.java:45)
	at pages.HomePage.waitSeconds(HomePage.java:45)
	at pages.HomePage.waitSeconds(HomePage.java:45)
	at pages.HomePage.waitSeconds(HomePage.java:45)
	at pages.HomePage.waitSeconds(HomePage.java:45)
	at pages.HomePage.waitSeconds(HomePage.java:45)
	at pages.HomePage.waitSeconds(HomePage.java:45)
	at pages.HomePage.waitSeconds(HomePage.java:45)
	at pages.HomePage.waitSeconds(HomePage.java:45)
	at pages.HomePage.waitSeconds(HomePage.java:45)
	at pages.HomePage.waitSeconds(HomePage.java:45)
	at pages.HomePage.waitSeconds(HomePage.java:45)
	at pages.HomePage.waitSeconds(HomePage.java:45)
	at pages.HomePage.waitSeconds(HomePage.java:45)
	at pages.HomePage.waitSeconds(HomePage.java:45)
	at pages.HomePage.waitSeconds(HomePage.java:45)
	at pages.HomePage.waitSeconds(HomePage.java:45)
	at pages.HomePage.waitSeconds(HomePage.java:45)
	at pages.HomePage.waitSeconds(HomePage.java:45)
	at pages.HomePage.waitSeconds(HomePage.java:45)
	at pages.HomePage.waitSeconds(HomePage.java:45)
	at pages.HomePage.waitSeconds(HomePage.java:45)
	at pages.HomePage.waitSeconds(HomePage.java:45)
	at pages.HomePage.waitSeconds(HomePage.java:45)
	at pages.HomePage.waitSeconds(HomePage.java:45)
	at pages.HomePage.waitSeconds(HomePage.java:45)
	at pages.HomePage.waitSeconds(HomePage.java:45)
	at pages.HomePage.waitSeconds(HomePage.java:45)
	at pages.HomePage.waitSeconds(HomePage.java:45)
	at pages.HomePage.waitSeconds(HomePage.java:45)
	at pages.HomePage.waitSeconds(HomePage.java:45)
	at pages.HomePage.waitSeconds(HomePage.java:45)
	at pages.HomePage.waitSeconds(HomePage.java:45)
	at pages.HomePage.waitSeconds(HomePage.java:45)
	at pages.HomePage.waitSeconds(HomePage.java:45)
	at pages.HomePage.waitSeconds(HomePage.java:45)
	at pages.HomePage.waitSeconds(HomePage.java:45)
	at pages.HomePage.waitSeconds(HomePage.java:45)
	at pages.HomePage.waitSeconds(HomePage.java:45)
	at pages.HomePage.waitSeconds(HomePage.java:45)
	at pages.HomePage.waitSeconds(HomePage.java:45)
	at pages.HomePage.waitSeconds(HomePage.java:45)
	at pages.HomePage.waitSeconds(HomePage.java:45)
	at pages.HomePage.waitSeconds(HomePage.java:45)
	at pages.HomePage.waitSeconds(HomePage.java:45)
	at pages.HomePage.waitSeconds(HomePage.java:45)
	at pages.HomePage.waitSeconds(HomePage.java:45)
	at pages.HomePage.waitSeconds(HomePage.java:45)
	at pages.HomePage.waitSeconds(HomePage.java:45)
	at pages.HomePage.waitSeconds(HomePage.java:45)
	at pages.HomePage.waitSeconds(HomePage.java:45)
	at pages.HomePage.waitSeconds(HomePage.java:45)
	at pages.HomePage.waitSeconds(HomePage.java:45)
	at pages.HomePage.waitSeconds(HomePage.java:45)
	at pages.HomePage.waitSeconds(HomePage.java:45)
	at pages.HomePage.waitSeconds(HomePage.java:45)
	at pages.HomePage.waitSeconds(HomePage.java:45)
	at pages.HomePage.waitSeconds(HomePage.java:45)
	at pages.HomePage.waitSeconds(HomePage.java:45)
	at pages.HomePage.waitSeconds(HomePage.java:45)
	at pages.HomePage.waitSeconds(HomePage.java:45)
	at pages.HomePage.waitSeconds(HomePage.java:45)
	at pages.HomePage.waitSeconds(HomePage.java:45)
	at pages.HomePage.waitSeconds(HomePage.java:45)
	at pages.HomePage.waitSeconds(HomePage.java:45)
	at pages.HomePage.waitSeconds(HomePage.java:45)
	at pages.HomePage.waitSeconds(HomePage.java:45)
	at pages.HomePage.waitSeconds(HomePage.java:45)
	at pages.HomePage.waitSeconds(HomePage.java:45)
	at pages.HomePage.waitSeconds(HomePage.java:45)
	at pages.HomePage.waitSeconds(HomePage.java:45)
	at pages.HomePage.waitSeconds(HomePage.java:45)
	at pages.HomePage.waitSeconds(HomePage.java:45)
	at pages.HomePage.waitSeconds(HomePage.java:45)
	at pages.HomePage.waitSeconds(HomePage.java:45)
	at pages.HomePage.waitSeconds(HomePage.java:45)
	at pages.HomePage.waitSeconds(HomePage.java:45)
	at pages.HomePage.waitSeconds(HomePage.java:45)
	at pages.HomePage.waitSeconds(HomePage.java:45)
	at pages.HomePage.waitSeconds(HomePage.java:45)
	at pages.HomePage.waitSeconds(HomePage.java:45)
	at pages.HomePage.waitSeconds(HomePage.java:45)
	at pages.HomePage.waitSeconds(HomePage.java:45)
	at pages.HomePage.waitSeconds(HomePage.java:45)
	at pages.HomePage.waitSeconds(HomePage.java:45)
	at pages.HomePage.waitSeconds(HomePage.java:45)
	at pages.HomePage.waitSeconds(HomePage.java:45)
	at pages.HomePage.waitSeconds(HomePage.java:45)
	at pages.HomePage.waitSeconds(HomePage.java:45)
	at pages.HomePage.waitSeconds(HomePage.java:45)
	at pages.HomePage.waitSeconds(HomePage.java:45)
	at pages.HomePage.waitSeconds(HomePage.java:45)
	at pages.HomePage.waitSeconds(HomePage.java:45)
	at pages.HomePage.waitSeconds(HomePage.java:45)
	at pages.HomePage.waitSeconds(HomePage.java:45)
	at pages.HomePage.waitSeconds(HomePage.java:45)
	at pages.HomePage.waitSeconds(HomePage.java:45)
	at pages.HomePage.waitSeconds(HomePage.java:45)
	at pages.HomePage.waitSeconds(HomePage.java:45)
	at pages.HomePage.waitSeconds(HomePage.java:45)
	at pages.HomePage.waitSeconds(HomePage.java:45)
	at pages.HomePage.waitSeconds(HomePage.java:45)
	at pages.HomePage.waitSeconds(HomePage.java:45)
	at pages.HomePage.waitSeconds(HomePage.java:45)
	at pages.HomePage.waitSeconds(HomePage.java:45)
	at pages.HomePage.waitSeconds(HomePage.java:45)
	at pages.HomePage.waitSeconds(HomePage.java:45)
	at pages.HomePage.waitSeconds(HomePage.java:45)
	at pages.HomePage.waitSeconds(HomePage.java:45)
	at pages.HomePage.waitSeconds(HomePage.java:45)
	at pages.HomePage.waitSeconds(HomePage.java:45)
	at pages.HomePage.waitSeconds(HomePage.java:45)
	at pages.HomePage.waitSeconds(HomePage.java:45)
	at pages.HomePage.waitSeconds(HomePage.java:45)
	at pages.HomePage.waitSeconds(HomePage.java:45)
	at pages.HomePage.waitSeconds(HomePage.java:45)
	at pages.HomePage.waitSeconds(HomePage.java:45)
	at pages.HomePage.waitSeconds(HomePage.java:45)
	at pages.HomePage.waitSeconds(HomePage.java:45)
	at pages.HomePage.waitSeconds(HomePage.java:45)
	at pages.HomePage.waitSeconds(HomePage.java:45)
	at pages.HomePage.waitSeconds(HomePage.java:45)
	at pages.HomePage.waitSeconds(HomePage.java:45)
	at pages.HomePage.waitSeconds(HomePage.java:45)
	at pages.HomePage.waitSeconds(HomePage.java:45)
	at pages.HomePage.waitSeconds(HomePage.java:45)
	at pages.HomePage.waitSeconds(HomePage.java:45)
	at pages.HomePage.waitSeconds(HomePage.java:45)
	at pages.HomePage.waitSeconds(HomePage.java:45)
	at pages.HomePage.waitSeconds(HomePage.java:45)
	at pages.HomePage.waitSeconds(HomePage.java:45)
	at pages.HomePage.waitSeconds(HomePage.java:45)
	at pages.HomePage.waitSeconds(HomePage.java:45)
	at pages.HomePage.waitSeconds(HomePage.java:45)
	at pages.HomePage.waitSeconds(HomePage.java:45)
	at pages.HomePage.waitSeconds(HomePage.java:45)
	at pages.HomePage.waitSeconds(HomePage.java:45)
	at pages.HomePage.waitSeconds(HomePage.java:45)
	at pages.HomePage.waitSeconds(HomePage.java:45)
	at pages.HomePage.waitSeconds(HomePage.java:45)
	at pages.HomePage.waitSeconds(HomePage.java:45)
	at pages.HomePage.waitSeconds(HomePage.java:45)
	at pages.HomePage.waitSeconds(HomePage.java:45)
	at pages.HomePage.waitSeconds(HomePage.java:45)
	at pages.HomePage.waitSeconds(HomePage.java:45)
	at pages.HomePage.waitSeconds(HomePage.java:45)
	at pages.HomePage.waitSeconds(HomePage.java:45)
	at pages.HomePage.waitSeconds(HomePage.java:45)
	at pages.HomePage.waitSeconds(HomePage.java:45)
	at pages.HomePage.waitSeconds(HomePage.java:45)
	at pages.HomePage.waitSeconds(HomePage.java:45)
	at pages.HomePage.waitSeconds(HomePage.java:45)
	at pages.HomePage.waitSeconds(HomePage.java:45)
	at pages.HomePage.waitSeconds(HomePage.java:45)
	at pages.HomePage.waitSeconds(HomePage.java:45)
	at pages.HomePage.waitSeconds(HomePage.java:45)
	at pages.HomePage.waitSeconds(HomePage.java:45)
	at pages.HomePage.waitSeconds(HomePage.java:45)
	at pages.HomePage.waitSeconds(HomePage.java:45)
	at pages.HomePage.waitSeconds(HomePage.java:45)
	at pages.HomePage.waitSeconds(HomePage.java:45)
	at pages.HomePage.waitSeconds(HomePage.java:45)
	at pages.HomePage.waitSeconds(HomePage.java:45)
	at pages.HomePage.waitSeconds(HomePage.java:45)
	at pages.HomePage.waitSeconds(HomePage.java:45)
	at pages.HomePage.waitSeconds(HomePage.java:45)
	at pages.HomePage.waitSeconds(HomePage.java:45)
	at pages.HomePage.waitSeconds(HomePage.java:45)
	at pages.HomePage.waitSeconds(HomePage.java:45)
	at pages.HomePage.waitSeconds(HomePage.java:45)
	at pages.HomePage.waitSeconds(HomePage.java:45)
	at pages.HomePage.waitSeconds(HomePage.java:45)
	at pages.HomePage.waitSeconds(HomePage.java:45)
	at pages.HomePage.waitSeconds(HomePage.java:45)

