<?xml version="1.0" encoding="UTF-8"?>
<testsuite xmlns:xsi="http://www.w3.org/2001/XMLSchema-instance" xsi:noNamespaceSchemaLocation="https://maven.apache.org/surefire/maven-surefire-plugin/xsd/surefire-test-report-3.0.xsd" version="3.0" name="TestSuite" time="368.512" tests="11" errors="0" skipped="0" failures="3">
  <properties>
[...]
</properties>
  <testcase name="checkCategories" classname="CheckCategoriesTest" time="1.508">
    <system-out><![CDATA[[ERROR] 2023-08-08 14:58:08 HttpClient:176 :execute - message:Error HTTP 404 executing https://chromedriver.storage.googleapis.com/LATEST_RELEASE_115
[ERROR] 2023-08-08 14:58:08 HttpClient:176 :execute - message:Error HTTP 404 executing https://chromedriver.storage.googleapis.com/LATEST_RELEASE_115
[WARN ] 2023-08-08 14:58:08 VersionDetector:123 :getDriverVersionFromRepository - message:Exception reading https://chromedriver.storage.googleapis.com/LATEST_RELEASE_115 to get latest version of chromedriver (Error HTTP 404 executing https://chromedriver.storage.googleapis.com/LATEST_RELEASE_115)
[WARN ] 2023-08-08 14:58:08 VersionDetector:123 :getDriverVersionFromRepository - message:Exception reading https://chromedriver.storage.googleapis.com/LATEST_RELEASE_115 to get latest version of chromedriver (Error HTTP 404 executing https://chromedriver.storage.googleapis.com/LATEST_RELEASE_115)
[INFO ] 2023-08-08 14:58:08 WebDriverManager:1291 :exportDriver - message:Exporting webdriver.chrome.driver as C:\Users\Aguka\.cache\selenium\chromedriver\win32\114.0.5735.90\chromedriver.exe
[INFO ] 2023-08-08 14:58:08 WebDriverManager:1291 :exportDriver - message:Exporting webdriver.chrome.driver as C:\Users\Aguka\.cache\selenium\chromedriver\win32\114.0.5735.90\chromedriver.exe
[INFO ] 2023-08-08 14:58:11 BaseTest:46 :setUp - message:Tests will run at 1920x1080 in CHROME browser.
[INFO ] 2023-08-08 14:58:11 BaseTest:46 :setUp - message:Tests will run at 1920x1080 in CHROME browser.
[INFO ] 2023-08-08 14:58:15 MainPage:87 :waitForPageLoading - message:Waiting for page loading
[INFO ] 2023-08-08 14:58:15 MainPage:87 :waitForPageLoading - message:Waiting for page loading
[INFO ] 2023-08-08 14:58:24 MainPage:93 :switchToFrame - message:Switch to frame
[INFO ] 2023-08-08 14:58:24 MainPage:209 :hoverOverClothesCategory - message:Hover over clothes category
[INFO ] 2023-08-08 14:58:25 MainPage:232 :getClothesSubMenuItems - message:Get clothes subMenu clothes
[INFO ] 2023-08-08 14:58:25 MainPage:93 :switchToFrame - message:Switch to frame
[INFO ] 2023-08-08 14:58:25 MainPage:202 :setFieldSearch - message:Set field search and enter
[INFO ] 2023-08-08 14:58:26 MainPage:217 :hoverOverAccessoriesCategory - message:Hover over accessories category
[INFO ] 2023-08-08 14:58:26 ResultSearchPage:153 :clickBrownBearNotebook - message:Click brown bear notebook
[INFO ] 2023-08-08 14:58:26 MainPage:242 :getAccessoriesSubMenuItems - message:Get clothes subMenu accessories
[INFO ] 2023-08-08 14:58:26 MainPage:225 :hoverOverArtCategory - message:Hover over art category
[INFO ] 2023-08-08 14:58:27 MainPage:252 :getArtValue - message:Check that no any sub category appears
]]></system-out>
    <system-err><![CDATA[Aug 08, 2023 2:58:08 PM org.openqa.selenium.remote.service.DriverService$Builder getLogOutput
INFO: Driver logs no longer sent to console by default; https://www.selenium.dev/documentation/webdriver/drivers/service/#setting-log-output
Aug 08, 2023 2:58:08 PM org.openqa.selenium.remote.service.DriverService$Builder getLogOutput
INFO: Driver logs no longer sent to console by default; https://www.selenium.dev/documentation/webdriver/drivers/service/#setting-log-output
Aug 08, 2023 2:58:11 PM org.openqa.selenium.devtools.CdpVersionFinder findNearestMatch
WARNING: Unable to find an exact match for CDP version 115, so returning the closest version found: 114
Aug 08, 2023 2:58:11 PM org.openqa.selenium.devtools.CdpVersionFinder findNearestMatch
WARNING: Unable to find an exact match for CDP version 115, so returning the closest version found: 114
]]></system-err>
  </testcase>
  <testcase name="addingToCart" classname="AddingToCartTest" time="6.745">
    <system-out><![CDATA[[ERROR] 2023-08-08 14:58:29 HttpClient:176 :execute - message:Error HTTP 404 executing https://chromedriver.storage.googleapis.com/LATEST_RELEASE_115
[WARN ] 2023-08-08 14:58:29 VersionDetector:123 :getDriverVersionFromRepository - message:Exception reading https://chromedriver.storage.googleapis.com/LATEST_RELEASE_115 to get latest version of chromedriver (Error HTTP 404 executing https://chromedriver.storage.googleapis.com/LATEST_RELEASE_115)
[INFO ] 2023-08-08 14:58:29 WebDriverManager:1291 :exportDriver - message:Exporting webdriver.chrome.driver as C:\Users\Aguka\.cache\selenium\chromedriver\win32\114.0.5735.90\chromedriver.exe
[INFO ] 2023-08-08 14:58:30 ResultSearchPage:159 :select - message:Select value
[INFO ] 2023-08-08 14:58:30 ResultSearchPage:167 :setInputQuantityWanted - message:Set input quantity you wanted(5)
[INFO ] 2023-08-08 14:58:30 BaseTest:46 :setUp - message:Tests will run at 1920x1080 in CHROME browser.
[INFO ] 2023-08-08 14:58:31 ResultSearchPage:183 :getMessageSuccessfully - message:Get message successfully
[INFO ] 2023-08-08 14:58:32 ResultSearchPage:190 :getTypePaper - message:Getting type paper
[INFO ] 2023-08-08 14:58:32 ResultSearchPage:195 :getProductQuantity - message:Get product quantity
[INFO ] 2023-08-08 14:58:32 ResultSearchPage:204 :getTotalPrice - message:Get total price
]]></system-out>
    <system-err><![CDATA[Aug 08, 2023 2:58:29 PM org.openqa.selenium.remote.service.DriverService$Builder getLogOutput
INFO: Driver logs no longer sent to console by default; https://www.selenium.dev/documentation/webdriver/drivers/service/#setting-log-output
Aug 08, 2023 2:58:30 PM org.openqa.selenium.devtools.CdpVersionFinder findNearestMatch
WARNING: Unable to find an exact match for CDP version 115, so returning the closest version found: 114
]]></system-err>
  </testcase>
  <testcase name="checkLanguages" classname="CheckLanguagesTest" time="1.087">
    <system-out><![CDATA[[ERROR] 2023-08-08 14:58:33 HttpClient:176 :execute - message:Error HTTP 404 executing https://chromedriver.storage.googleapis.com/LATEST_RELEASE_115
[WARN ] 2023-08-08 14:58:33 VersionDetector:123 :getDriverVersionFromRepository - message:Exception reading https://chromedriver.storage.googleapis.com/LATEST_RELEASE_115 to get latest version of chromedriver (Error HTTP 404 executing https://chromedriver.storage.googleapis.com/LATEST_RELEASE_115)
[INFO ] 2023-08-08 14:58:34 WebDriverManager:1291 :exportDriver - message:Exporting webdriver.chrome.driver as C:\Users\Aguka\.cache\selenium\chromedriver\win32\114.0.5735.90\chromedriver.exe
[INFO ] 2023-08-08 14:58:34 MainPage:87 :waitForPageLoading - message:Waiting for page loading
[INFO ] 2023-08-08 14:58:34 BaseTest:46 :setUp - message:Tests will run at 1920x1080 in CHROME browser.
[INFO ] 2023-08-08 14:58:37 MainPage:87 :waitForPageLoading - message:Waiting for page loading
[INFO ] 2023-08-08 14:58:41 MainPage:93 :switchToFrame - message:Switch to frame
[INFO ] 2023-08-08 14:58:41 MainPage:146 :sizeLanguagesList - message:Getting size list of languages
[INFO ] 2023-08-08 14:58:41 MainPage:115 :getLanguages - message:Getting list all languages
[INFO ] 2023-08-08 14:58:41 MainPage:151 :findingUkrainianLanguagesInList - message:Checking the Ukrainian language is in the list
]]></system-out>
    <system-err><![CDATA[Aug 08, 2023 2:58:34 PM org.openqa.selenium.remote.service.DriverService$Builder getLogOutput
INFO: Driver logs no longer sent to console by default; https://www.selenium.dev/documentation/webdriver/drivers/service/#setting-log-output
Aug 08, 2023 2:58:34 PM org.openqa.selenium.devtools.CdpVersionFinder findNearestMatch
WARNING: Unable to find an exact match for CDP version 115, so returning the closest version found: 114
]]></system-err>
  </testcase>
  <testcase name="priceDropCheck" classname="PriceDropCheckTest" time="1.441">
    <system-out><![CDATA[[ERROR] 2023-08-08 14:58:43 HttpClient:176 :execute - message:Error HTTP 404 executing https://chromedriver.storage.googleapis.com/LATEST_RELEASE_115
[WARN ] 2023-08-08 14:58:43 VersionDetector:123 :getDriverVersionFromRepository - message:Exception reading https://chromedriver.storage.googleapis.com/LATEST_RELEASE_115 to get latest version of chromedriver (Error HTTP 404 executing https://chromedriver.storage.googleapis.com/LATEST_RELEASE_115)
[INFO ] 2023-08-08 14:58:44 WebDriverManager:1291 :exportDriver - message:Exporting webdriver.chrome.driver as C:\Users\Aguka\.cache\selenium\chromedriver\win32\114.0.5735.90\chromedriver.exe
[INFO ] 2023-08-08 14:58:45 BaseTest:46 :setUp - message:Tests will run at 1920x1080 in CHROME browser.
[INFO ] 2023-08-08 14:58:46 MainPage:93 :switchToFrame - message:Switch to frame
[INFO ] 2023-08-08 14:58:46 MainPage:178 :getSizePopularProduct - message:Get size popular product
[INFO ] 2023-08-08 14:58:48 MainPage:87 :waitForPageLoading - message:Waiting for page loading
[INFO ] 2023-08-08 14:58:51 MainPage:93 :switchToFrame - message:Switch to frame
[INFO ] 2023-08-08 14:58:51 MainPage:190 :clickPricesDrop - message:Click button prices drop
[INFO ] 2023-08-08 14:58:52 PricesDropPage:22 :getPricesDropProduct - message:Get list prices product
]]></system-out>
    <system-err><![CDATA[Aug 08, 2023 2:58:44 PM org.openqa.selenium.remote.service.DriverService$Builder getLogOutput
INFO: Driver logs no longer sent to console by default; https://www.selenium.dev/documentation/webdriver/drivers/service/#setting-log-output
Aug 08, 2023 2:58:45 PM org.openqa.selenium.devtools.CdpVersionFinder findNearestMatch
WARNING: Unable to find an exact match for CDP version 115, so returning the closest version found: 114
]]></system-err>
  </testcase>
  <testcase name="registrationWithValidData" classname="RegistrationWithInvalidDataTest" time="2.854">
    <system-out><![CDATA[[ERROR] 2023-08-08 14:58:54 HttpClient:176 :execute - message:Error HTTP 404 executing https://chromedriver.storage.googleapis.com/LATEST_RELEASE_115
[WARN ] 2023-08-08 14:58:54 VersionDetector:123 :getDriverVersionFromRepository - message:Exception reading https://chromedriver.storage.googleapis.com/LATEST_RELEASE_115 to get latest version of chromedriver (Error HTTP 404 executing https://chromedriver.storage.googleapis.com/LATEST_RELEASE_115)
[INFO ] 2023-08-08 14:58:54 WebDriverManager:1291 :exportDriver - message:Exporting webdriver.chrome.driver as C:\Users\Aguka\.cache\selenium\chromedriver\win32\114.0.5735.90\chromedriver.exe
[INFO ] 2023-08-08 14:58:55 BaseTest:46 :setUp - message:Tests will run at 1920x1080 in CHROME browser.
[INFO ] 2023-08-08 14:59:03 MainPage:87 :waitForPageLoading - message:Waiting for page loading
[INFO ] 2023-08-08 14:59:13 MainPage:93 :switchToFrame - message:Switch to frame
[INFO ] 2023-08-08 14:59:13 MainPage:161 :clickButtonSignIn - message:Clicking button Sign In
[INFO ] 2023-08-08 14:59:13 LoginPage:46 :clickNotAccount - message:Clicking button not account
[INFO ] 2023-08-08 14:59:14 LoginPage:52 :fillRegistrationFormWithRandomData - message:Filling registration form with random data
[INFO ] 2023-08-08 14:59:15 LoginPage:74 :isInvalidFieldMustBeRed - message:Is invalid field must be red
[INFO ] 2023-08-08 14:59:15 LoginPage:69 :getMessageAlertInvalidFormat - message:Getting message alert invalid format
]]></system-out>
    <system-err><![CDATA[Aug 08, 2023 2:58:54 PM org.openqa.selenium.remote.service.DriverService$Builder getLogOutput
INFO: Driver logs no longer sent to console by default; https://www.selenium.dev/documentation/webdriver/drivers/service/#setting-log-output
Aug 08, 2023 2:58:55 PM org.openqa.selenium.devtools.CdpVersionFinder findNearestMatch
WARNING: Unable to find an exact match for CDP version 115, so returning the closest version found: 114
]]></system-err>
  </testcase>
  <testcase name="checkPopularProducts" classname="CheckPopularProductsTest" time="1.548">
    <failure message="no such window: target window already closed&#10;from unknown error: web view not found&#10;  (Session info: chrome=115.0.5790.170)&#10;Build info: version: &apos;4.10.0&apos;, revision: &apos;c14d967899&apos;&#10;System info: os.name: &apos;Windows 11&apos;, os.arch: &apos;amd64&apos;, os.version: &apos;10.0&apos;, java.version: &apos;17.0.7&apos;&#10;Driver info: org.openqa.selenium.chrome.ChromeDriver&#10;Command: [d2421d72eabba98e13f173c8c11fa80b, findChildElement {id=D8EC9C759DB623CAE11DC30D5A7FB9C9_element_59, using=xpath, value=.//span[@class=&apos;price&apos;]}]&#10;Capabilities {acceptInsecureCerts: false, browserName: chrome, browserVersion: 115.0.5790.170, chrome: {chromedriverVersion: 114.0.5735.90 (386bc09e8f4f..., userDataDir: C:\Users\Aguka\AppData\Loca...}, goog:chromeOptions: {debuggerAddress: localhost:61049}, networkConnectionEnabled: false, pageLoadStrategy: normal, platformName: windows, proxy: Proxy(), se:cdp: ws://localhost:61049/devtoo..., se:cdpVersion: 115.0.5790.170, setWindowRect: true, strictFileInteractability: false, timeouts: {implicit: 0, pageLoad: 300000, script: 30000}, unhandledPromptBehavior: dismiss and notify, webauthn:extension:credBlob: true, webauthn:extension:largeBlob: true, webauthn:extension:minPinLength: true, webauthn:extension:prf: true, webauthn:virtualAuthenticators: true}&#10;Session ID: d2421d72eabba98e13f173c8c11fa80b" type="org.openqa.selenium.NoSuchWindowException"><![CDATA[org.openqa.selenium.NoSuchWindowException: 
no such window: target window already closed
from unknown error: web view not found
  (Session info: chrome=115.0.5790.170)
Build info: version: '4.10.0', revision: 'c14d967899'
System info: os.name: 'Windows 11', os.arch: 'amd64', os.version: '10.0', java.version: '17.0.7'
Driver info: org.openqa.selenium.chrome.ChromeDriver
Command: [d2421d72eabba98e13f173c8c11fa80b, findChildElement {id=D8EC9C759DB623CAE11DC30D5A7FB9C9_element_59, using=xpath, value=.//span[@class='price']}]
Capabilities {acceptInsecureCerts: false, browserName: chrome, browserVersion: 115.0.5790.170, chrome: {chromedriverVersion: 114.0.5735.90 (386bc09e8f4f..., userDataDir: C:\Users\Aguka\AppData\Loca...}, goog:chromeOptions: {debuggerAddress: localhost:61049}, networkConnectionEnabled: false, pageLoadStrategy: normal, platformName: windows, proxy: Proxy(), se:cdp: ws://localhost:61049/devtoo..., se:cdpVersion: 115.0.5790.170, setWindowRect: true, strictFileInteractability: false, timeouts: {implicit: 0, pageLoad: 300000, script: 30000}, unhandledPromptBehavior: dismiss and notify, webauthn:extension:credBlob: true, webauthn:extension:largeBlob: true, webauthn:extension:minPinLength: true, webauthn:extension:prf: true, webauthn:virtualAuthenticators: true}
Session ID: d2421d72eabba98e13f173c8c11fa80b
	at java.base/jdk.internal.reflect.NativeConstructorAccessorImpl.newInstance0(Native Method)
	at java.base/jdk.internal.reflect.NativeConstructorAccessorImpl.newInstance(NativeConstructorAccessorImpl.java:77)
	at java.base/jdk.internal.reflect.DelegatingConstructorAccessorImpl.newInstance(DelegatingConstructorAccessorImpl.java:45)
	at java.base/java.lang.reflect.Constructor.newInstanceWithCaller(Constructor.java:499)
	at java.base/java.lang.reflect.Constructor.newInstance(Constructor.java:480)
	at org.openqa.selenium.remote.codec.w3c.W3CHttpResponseCodec.createException(W3CHttpResponseCodec.java:199)
	at org.openqa.selenium.remote.codec.w3c.W3CHttpResponseCodec.decode(W3CHttpResponseCodec.java:132)
	at org.openqa.selenium.remote.codec.w3c.W3CHttpResponseCodec.decode(W3CHttpResponseCodec.java:51)
	at org.openqa.selenium.remote.HttpCommandExecutor.execute(HttpCommandExecutor.java:191)
	at org.openqa.selenium.remote.service.DriverCommandExecutor.invokeExecute(DriverCommandExecutor.java:196)
	at org.openqa.selenium.remote.service.DriverCommandExecutor.execute(DriverCommandExecutor.java:171)
	at org.openqa.selenium.remote.RemoteWebDriver.execute(RemoteWebDriver.java:531)
	at org.openqa.selenium.remote.ElementLocation$ElementFinder$2.findElement(ElementLocation.java:165)
	at org.openqa.selenium.remote.ElementLocation.findElement(ElementLocation.java:59)
	at org.openqa.selenium.remote.RemoteWebDriver.findElement(RemoteWebDriver.java:350)
	at org.openqa.selenium.remote.RemoteWebElement.findElement(RemoteWebElement.java:212)
	at pages.PopularProductComponent.<init>(PopularProductComponent.java:27)
	at pages.MainPage.getSizePopularProduct(MainPage.java:182)
	at CheckPopularProductsTest.checkPopularProducts(CheckPopularProductsTest.java:14)
	at java.base/jdk.internal.reflect.NativeMethodAccessorImpl.invoke0(Native Method)
	at java.base/jdk.internal.reflect.NativeMethodAccessorImpl.invoke(NativeMethodAccessorImpl.java:77)
	at java.base/jdk.internal.reflect.DelegatingMethodAccessorImpl.invoke(DelegatingMethodAccessorImpl.java:43)
	at java.base/java.lang.reflect.Method.invoke(Method.java:568)
	at org.testng.internal.invokers.MethodInvocationHelper.invokeMethod(MethodInvocationHelper.java:139)
	at org.testng.internal.invokers.TestInvoker.invokeMethod(TestInvoker.java:677)
	at org.testng.internal.invokers.TestInvoker.invokeTestMethod(TestInvoker.java:221)
	at org.testng.internal.invokers.MethodRunner.runInSequence(MethodRunner.java:50)
	at org.testng.internal.invokers.TestInvoker$MethodInvocationAgent.invoke(TestInvoker.java:969)
	at org.testng.internal.invokers.TestInvoker.invokeTestMethods(TestInvoker.java:194)
	at org.testng.internal.invokers.TestMethodWorker.invokeTestMethods(TestMethodWorker.java:148)
	at org.testng.internal.invokers.TestMethodWorker.run(TestMethodWorker.java:128)
	at java.base/java.util.concurrent.ThreadPoolExecutor.runWorker(ThreadPoolExecutor.java:1136)
	at java.base/java.util.concurrent.ThreadPoolExecutor$Worker.run(ThreadPoolExecutor.java:635)
	at java.base/java.lang.Thread.run(Thread.java:833)
]]></failure>
    <system-out><![CDATA[[ERROR] 2023-08-08 14:59:17 HttpClient:176 :execute - message:Error HTTP 404 executing https://chromedriver.storage.googleapis.com/LATEST_RELEASE_115
[WARN ] 2023-08-08 14:59:17 VersionDetector:123 :getDriverVersionFromRepository - message:Exception reading https://chromedriver.storage.googleapis.com/LATEST_RELEASE_115 to get latest version of chromedriver (Error HTTP 404 executing https://chromedriver.storage.googleapis.com/LATEST_RELEASE_115)
[INFO ] 2023-08-08 14:59:18 WebDriverManager:1291 :exportDriver - message:Exporting webdriver.chrome.driver as C:\Users\Aguka\.cache\selenium\chromedriver\win32\114.0.5735.90\chromedriver.exe
[INFO ] 2023-08-08 14:59:18 BaseTest:46 :setUp - message:Tests will run at 1920x1080 in CHROME browser.
[INFO ] 2023-08-08 14:59:34 MainPage:87 :waitForPageLoading - message:Waiting for page loading
[INFO ] 2023-08-08 14:59:34 MainPage:93 :switchToFrame - message:Switch to frame
[INFO ] 2023-08-08 14:59:34 MainPage:161 :clickButtonSignIn - message:Clicking button Sign In
[INFO ] 2023-08-08 14:59:34 LoginPage:46 :clickNotAccount - message:Clicking button not account
[INFO ] 2023-08-08 14:59:35 LoginPage:52 :fillRegistrationFormWithRandomData - message:Filling registration form with random data
]]></system-out>
    <system-err><![CDATA[Aug 08, 2023 2:59:18 PM org.openqa.selenium.remote.service.DriverService$Builder getLogOutput
INFO: Driver logs no longer sent to console by default; https://www.selenium.dev/documentation/webdriver/drivers/service/#setting-log-output
Aug 08, 2023 2:59:18 PM org.openqa.selenium.devtools.CdpVersionFinder findNearestMatch
WARNING: Unable to find an exact match for CDP version 115, so returning the closest version found: 114
]]></system-err>
  </testcase>
  <testcase name="tearDown[[TestResult name=checkPopularProducts status=FAILURE method=CheckPopularProductsTest.checkPopularProducts()[pri:0, instance:CheckPopularProductsTest@4f453e63] output={null}]](0)" classname="CheckPopularProductsTest" time="1.548">
    <failure message="no such window: target window already closed&#10;from unknown error: web view not found&#10;  (Session info: chrome=115.0.5790.170)&#10;Build info: version: &apos;4.10.0&apos;, revision: &apos;c14d967899&apos;&#10;System info: os.name: &apos;Windows 11&apos;, os.arch: &apos;amd64&apos;, os.version: &apos;10.0&apos;, java.version: &apos;17.0.7&apos;&#10;Driver info: org.openqa.selenium.chrome.ChromeDriver&#10;Command: [d2421d72eabba98e13f173c8c11fa80b, screenshot {}]&#10;Capabilities {acceptInsecureCerts: false, browserName: chrome, browserVersion: 115.0.5790.170, chrome: {chromedriverVersion: 114.0.5735.90 (386bc09e8f4f..., userDataDir: C:\Users\Aguka\AppData\Loca...}, goog:chromeOptions: {debuggerAddress: localhost:61049}, networkConnectionEnabled: false, pageLoadStrategy: normal, platformName: windows, proxy: Proxy(), se:cdp: ws://localhost:61049/devtoo..., se:cdpVersion: 115.0.5790.170, setWindowRect: true, strictFileInteractability: false, timeouts: {implicit: 0, pageLoad: 300000, script: 30000}, unhandledPromptBehavior: dismiss and notify, webauthn:extension:credBlob: true, webauthn:extension:largeBlob: true, webauthn:extension:minPinLength: true, webauthn:extension:prf: true, webauthn:virtualAuthenticators: true}&#10;Session ID: d2421d72eabba98e13f173c8c11fa80b" type="org.openqa.selenium.NoSuchWindowException"><![CDATA[org.openqa.selenium.NoSuchWindowException: 
no such window: target window already closed
from unknown error: web view not found
  (Session info: chrome=115.0.5790.170)
Build info: version: '4.10.0', revision: 'c14d967899'
System info: os.name: 'Windows 11', os.arch: 'amd64', os.version: '10.0', java.version: '17.0.7'
Driver info: org.openqa.selenium.chrome.ChromeDriver
Command: [d2421d72eabba98e13f173c8c11fa80b, screenshot {}]
Capabilities {acceptInsecureCerts: false, browserName: chrome, browserVersion: 115.0.5790.170, chrome: {chromedriverVersion: 114.0.5735.90 (386bc09e8f4f..., userDataDir: C:\Users\Aguka\AppData\Loca...}, goog:chromeOptions: {debuggerAddress: localhost:61049}, networkConnectionEnabled: false, pageLoadStrategy: normal, platformName: windows, proxy: Proxy(), se:cdp: ws://localhost:61049/devtoo..., se:cdpVersion: 115.0.5790.170, setWindowRect: true, strictFileInteractability: false, timeouts: {implicit: 0, pageLoad: 300000, script: 30000}, unhandledPromptBehavior: dismiss and notify, webauthn:extension:credBlob: true, webauthn:extension:largeBlob: true, webauthn:extension:minPinLength: true, webauthn:extension:prf: true, webauthn:virtualAuthenticators: true}
Session ID: d2421d72eabba98e13f173c8c11fa80b
	at java.base/jdk.internal.reflect.NativeConstructorAccessorImpl.newInstance0(Native Method)
	at java.base/jdk.internal.reflect.NativeConstructorAccessorImpl.newInstance(NativeConstructorAccessorImpl.java:77)
	at java.base/jdk.internal.reflect.DelegatingConstructorAccessorImpl.newInstance(DelegatingConstructorAccessorImpl.java:45)
	at java.base/java.lang.reflect.Constructor.newInstanceWithCaller(Constructor.java:499)
	at java.base/java.lang.reflect.Constructor.newInstance(Constructor.java:480)
	at org.openqa.selenium.remote.codec.w3c.W3CHttpResponseCodec.createException(W3CHttpResponseCodec.java:199)
	at org.openqa.selenium.remote.codec.w3c.W3CHttpResponseCodec.decode(W3CHttpResponseCodec.java:132)
	at org.openqa.selenium.remote.codec.w3c.W3CHttpResponseCodec.decode(W3CHttpResponseCodec.java:51)
	at org.openqa.selenium.remote.HttpCommandExecutor.execute(HttpCommandExecutor.java:191)
	at org.openqa.selenium.remote.service.DriverCommandExecutor.invokeExecute(DriverCommandExecutor.java:196)
	at org.openqa.selenium.remote.service.DriverCommandExecutor.execute(DriverCommandExecutor.java:171)
	at org.openqa.selenium.remote.RemoteWebDriver.execute(RemoteWebDriver.java:531)
	at org.openqa.selenium.remote.RemoteWebDriver.execute(RemoteWebDriver.java:590)
	at org.openqa.selenium.remote.RemoteWebDriver.execute(RemoteWebDriver.java:594)
	at org.openqa.selenium.remote.RemoteWebDriver.getScreenshotAs(RemoteWebDriver.java:316)
	at BaseTest.takeScreenshot(BaseTest.java:29)
	at BaseTest.takeScreenshotAndAttachToAllure(BaseTest.java:24)
	at BaseTest.tearDown(BaseTest.java:59)
	at java.base/jdk.internal.reflect.NativeMethodAccessorImpl.invoke0(Native Method)
	at java.base/jdk.internal.reflect.NativeMethodAccessorImpl.invoke(NativeMethodAccessorImpl.java:77)
	at java.base/jdk.internal.reflect.DelegatingMethodAccessorImpl.invoke(DelegatingMethodAccessorImpl.java:43)
	at java.base/java.lang.reflect.Method.invoke(Method.java:568)
	at org.testng.internal.invokers.MethodInvocationHelper.invokeMethod(MethodInvocationHelper.java:139)
	at org.testng.internal.invokers.MethodInvocationHelper.invokeMethodConsideringTimeout(MethodInvocationHelper.java:69)
	at org.testng.internal.invokers.ConfigInvoker.invokeConfigurationMethod(ConfigInvoker.java:361)
	at org.testng.internal.invokers.ConfigInvoker.invokeConfigurations(ConfigInvoker.java:296)
	at org.testng.internal.invokers.TestInvoker.runConfigMethods(TestInvoker.java:823)
	at org.testng.internal.invokers.TestInvoker.runAfterConfigurations(TestInvoker.java:792)
	at org.testng.internal.invokers.TestInvoker.invokeMethod(TestInvoker.java:768)
	at org.testng.internal.invokers.TestInvoker.invokeTestMethod(TestInvoker.java:221)
	at org.testng.internal.invokers.MethodRunner.runInSequence(MethodRunner.java:50)
	at org.testng.internal.invokers.TestInvoker$MethodInvocationAgent.invoke(TestInvoker.java:969)
	at org.testng.internal.invokers.TestInvoker.invokeTestMethods(TestInvoker.java:194)
	at org.testng.internal.invokers.TestMethodWorker.invokeTestMethods(TestMethodWorker.java:148)
	at org.testng.internal.invokers.TestMethodWorker.run(TestMethodWorker.java:128)
	at java.base/java.util.concurrent.ThreadPoolExecutor.runWorker(ThreadPoolExecutor.java:1136)
	at java.base/java.util.concurrent.ThreadPoolExecutor$Worker.run(ThreadPoolExecutor.java:635)
	at java.base/java.lang.Thread.run(Thread.java:833)
]]></failure>
  </testcase>
  <testcase name="registrationWithValidData" classname="RegistrationWithValidDataTest" time="3.124">
    <system-out><![CDATA[[ERROR] 2023-08-08 14:59:37 HttpClient:176 :execute - message:Error HTTP 404 executing https://chromedriver.storage.googleapis.com/LATEST_RELEASE_115
[WARN ] 2023-08-08 14:59:37 VersionDetector:123 :getDriverVersionFromRepository - message:Exception reading https://chromedriver.storage.googleapis.com/LATEST_RELEASE_115 to get latest version of chromedriver (Error HTTP 404 executing https://chromedriver.storage.googleapis.com/LATEST_RELEASE_115)
[INFO ] 2023-08-08 14:59:37 LoginPage:64 :getDisplayedUserName - message:Get displayed user name
]]></system-out>
  </testcase>
  <testcase name="checkoutEndToEnd" classname="CheckoutEndToEndTest" time="34.211">
    <system-out><![CDATA[[INFO ] 2023-08-08 14:59:38 WebDriverManager:1291 :exportDriver - message:Exporting webdriver.chrome.driver as C:\Users\Aguka\.cache\selenium\chromedriver\win32\114.0.5735.90\chromedriver.exe
[INFO ] 2023-08-08 14:59:39 BaseTest:46 :setUp - message:Tests will run at 1920x1080 in CHROME browser.
[ERROR] 2023-08-08 14:59:39 HttpClient:176 :execute - message:Error HTTP 404 executing https://chromedriver.storage.googleapis.com/LATEST_RELEASE_115
[WARN ] 2023-08-08 14:59:39 VersionDetector:123 :getDriverVersionFromRepository - message:Exception reading https://chromedriver.storage.googleapis.com/LATEST_RELEASE_115 to get latest version of chromedriver (Error HTTP 404 executing https://chromedriver.storage.googleapis.com/LATEST_RELEASE_115)
[INFO ] 2023-08-08 14:59:39 WebDriverManager:1291 :exportDriver - message:Exporting webdriver.chrome.driver as C:\Users\Aguka\.cache\selenium\chromedriver\win32\114.0.5735.90\chromedriver.exe
[INFO ] 2023-08-08 14:59:40 BaseTest:46 :setUp - message:Tests will run at 1920x1080 in CHROME browser.
[INFO ] 2023-08-08 14:59:46 MainPage:87 :waitForPageLoading - message:Waiting for page loading
[INFO ] 2023-08-08 14:59:46 MainPage:93 :switchToFrame - message:Switch to frame
[INFO ] 2023-08-08 14:59:46 MainPage:202 :setFieldSearch - message:Set field search and enter
[INFO ] 2023-08-08 14:59:46 ResultSearchPage:209 :clickCustomizableMug - message:Click Customizable Mug
[INFO ] 2023-08-08 14:59:53 MainPage:87 :waitForPageLoading - message:Waiting for page loading
[INFO ] 2023-08-08 14:59:53 MainPage:93 :switchToFrame - message:Switch to frame
[INFO ] 2023-08-08 14:59:53 MainPage:196 :clickAllProducts - message:Click button All Products
39.62
]]></system-out>
    <system-err><![CDATA[Aug 08, 2023 2:59:38 PM org.openqa.selenium.remote.service.DriverService$Builder getLogOutput
INFO: Driver logs no longer sent to console by default; https://www.selenium.dev/documentation/webdriver/drivers/service/#setting-log-output
Aug 08, 2023 2:59:39 PM org.openqa.selenium.devtools.CdpVersionFinder findNearestMatch
WARNING: Unable to find an exact match for CDP version 115, so returning the closest version found: 114
Aug 08, 2023 2:59:39 PM org.openqa.selenium.remote.service.DriverService$Builder getLogOutput
INFO: Driver logs no longer sent to console by default; https://www.selenium.dev/documentation/webdriver/drivers/service/#setting-log-output
Aug 08, 2023 2:59:40 PM org.openqa.selenium.devtools.CdpVersionFinder findNearestMatch
WARNING: Unable to find an exact match for CDP version 115, so returning the closest version found: 114
]]></system-err>
  </testcase>
  <testcase name="checkSubscribeWithInvalidEmail" classname="SubscribeWithInvalidEmailTest" time="0.12">
    <system-out><![CDATA[[ERROR] 2023-08-08 15:00:29 HttpClient:176 :execute - message:Error HTTP 404 executing https://chromedriver.storage.googleapis.com/LATEST_RELEASE_115
[WARN ] 2023-08-08 15:00:29 VersionDetector:123 :getDriverVersionFromRepository - message:Exception reading https://chromedriver.storage.googleapis.com/LATEST_RELEASE_115 to get latest version of chromedriver (Error HTTP 404 executing https://chromedriver.storage.googleapis.com/LATEST_RELEASE_115)
[INFO ] 2023-08-08 15:00:29 WebDriverManager:1291 :exportDriver - message:Exporting webdriver.chrome.driver as C:\Users\Aguka\.cache\selenium\chromedriver\win32\114.0.5735.90\chromedriver.exe
[INFO ] 2023-08-08 15:00:30 BaseTest:46 :setUp - message:Tests will run at 1920x1080 in CHROME browser.
[INFO ] 2023-08-08 15:01:05 MainPage:87 :waitForPageLoading - message:Waiting for page loading
[INFO ] 2023-08-08 15:01:05 MainPage:93 :switchToFrame - message:Switch to frame
[INFO ] 2023-08-08 15:01:05 MainPage:98 :getMessageOnPageGetOurLatestNewsAndSpecialSales - message:Getting message near the email field
[INFO ] 2023-08-08 15:01:05 MainPage:105 :getMessageOnPageOnMayUnsubscribeAtAnyMoment - message:Getting message under email field
[INFO ] 2023-08-08 15:01:05 MainPage:110 :getMessageButtonSubscribe - message:Getting CssValue with button subscribe
]]></system-out>
    <system-err><![CDATA[Aug 08, 2023 3:00:29 PM org.openqa.selenium.remote.service.DriverService$Builder getLogOutput
INFO: Driver logs no longer sent to console by default; https://www.selenium.dev/documentation/webdriver/drivers/service/#setting-log-output
Aug 08, 2023 3:00:30 PM org.openqa.selenium.devtools.CdpVersionFinder findNearestMatch
WARNING: Unable to find an exact match for CDP version 115, so returning the closest version found: 114
]]></system-err>
  </testcase>
  <testcase name="sortingCheck" classname="SortingCheckTest" time="186.221">
    <failure message="java.lang.reflect.InvocationTargetException&#10;Build info: version: &apos;4.10.0&apos;, revision: &apos;c14d967899&apos;&#10;System info: os.name: &apos;Windows 11&apos;, os.arch: &apos;amd64&apos;, os.version: &apos;10.0&apos;, java.version: &apos;17.0.7&apos;&#10;Driver info: org.openqa.selenium.chrome.ChromeDriver&#10;Command: [527b5f02b32bd553cac45c1973f7138b, actions {actions=[org.openqa.selenium.interactions.Sequence@3ba2099b]}]&#10;Capabilities {acceptInsecureCerts: false, browserName: chrome, browserVersion: 115.0.5790.170, chrome: {chromedriverVersion: 114.0.5735.90 (386bc09e8f4f..., userDataDir: C:\Users\Aguka\AppData\Loca...}, goog:chromeOptions: {debuggerAddress: localhost:61416}, networkConnectionEnabled: false, pageLoadStrategy: normal, platformName: windows, proxy: Proxy(), se:cdp: ws://localhost:61416/devtoo..., se:cdpVersion: 115.0.5790.170, setWindowRect: true, strictFileInteractability: false, timeouts: {implicit: 0, pageLoad: 300000, script: 30000}, unhandledPromptBehavior: dismiss and notify, webauthn:extension:credBlob: true, webauthn:extension:largeBlob: true, webauthn:extension:minPinLength: true, webauthn:extension:prf: true, webauthn:virtualAuthenticators: true}&#10;Session ID: 527b5f02b32bd553cac45c1973f7138b" type="org.openqa.selenium.json.JsonException"><![CDATA[org.openqa.selenium.json.JsonException: 
java.lang.reflect.InvocationTargetException
Build info: version: '4.10.0', revision: 'c14d967899'
System info: os.name: 'Windows 11', os.arch: 'amd64', os.version: '10.0', java.version: '17.0.7'
Driver info: org.openqa.selenium.chrome.ChromeDriver
Command: [527b5f02b32bd553cac45c1973f7138b, actions {actions=[org.openqa.selenium.interactions.Sequence@3ba2099b]}]
Capabilities {acceptInsecureCerts: false, browserName: chrome, browserVersion: 115.0.5790.170, chrome: {chromedriverVersion: 114.0.5735.90 (386bc09e8f4f..., userDataDir: C:\Users\Aguka\AppData\Loca...}, goog:chromeOptions: {debuggerAddress: localhost:61416}, networkConnectionEnabled: false, pageLoadStrategy: normal, platformName: windows, proxy: Proxy(), se:cdp: ws://localhost:61416/devtoo..., se:cdpVersion: 115.0.5790.170, setWindowRect: true, strictFileInteractability: false, timeouts: {implicit: 0, pageLoad: 300000, script: 30000}, unhandledPromptBehavior: dismiss and notify, webauthn:extension:credBlob: true, webauthn:extension:largeBlob: true, webauthn:extension:minPinLength: true, webauthn:extension:prf: true, webauthn:virtualAuthenticators: true}
Session ID: 527b5f02b32bd553cac45c1973f7138b
	at org.openqa.selenium.json.JsonOutput.convertUsingMethod(JsonOutput.java:395)
	at org.openqa.selenium.json.JsonOutput.lambda$new$16(JsonOutput.java:165)
	at org.openqa.selenium.json.JsonOutput.write(JsonOutput.java:322)
	at org.openqa.selenium.json.JsonOutput.lambda$new$22(JsonOutput.java:185)
	at java.base/java.util.stream.ForEachOps$ForEachOp$OfRef.accept(ForEachOps.java:183)
	at java.base/java.util.stream.ReferencePipeline$2$1.accept(ReferencePipeline.java:179)
	at java.base/java.util.Iterator.forEachRemaining(Iterator.java:133)
	at java.base/java.util.Spliterators$IteratorSpliterator.forEachRemaining(Spliterators.java:1845)
	at java.base/java.util.stream.AbstractPipeline.copyInto(AbstractPipeline.java:509)
	at java.base/java.util.stream.AbstractPipeline.wrapAndCopyInto(AbstractPipeline.java:499)
	at java.base/java.util.stream.ForEachOps$ForEachOp.evaluateSequential(ForEachOps.java:150)
	at java.base/java.util.stream.ForEachOps$ForEachOp$OfRef.evaluateSequential(ForEachOps.java:173)
	at java.base/java.util.stream.AbstractPipeline.evaluate(AbstractPipeline.java:234)
	at java.base/java.util.stream.ReferencePipeline.forEach(ReferencePipeline.java:596)
	at org.openqa.selenium.json.JsonOutput.lambda$new$23(JsonOutput.java:185)
	at org.openqa.selenium.json.JsonOutput.write(JsonOutput.java:322)
	at org.openqa.selenium.json.JsonOutput.lambda$new$24(JsonOutput.java:203)
	at com.google.common.collect.SingletonImmutableBiMap.forEach(SingletonImmutableBiMap.java:68)
	at org.openqa.selenium.json.JsonOutput.lambda$new$25(JsonOutput.java:198)
	at org.openqa.selenium.json.JsonOutput.write(JsonOutput.java:322)
	at org.openqa.selenium.json.JsonOutput.write(JsonOutput.java:313)
	at org.openqa.selenium.json.Json.toJson(Json.java:43)
	at org.openqa.selenium.remote.codec.AbstractHttpCommandCodec.encode(AbstractHttpCommandCodec.java:256)
	at org.openqa.selenium.remote.codec.AbstractHttpCommandCodec.encode(AbstractHttpCommandCodec.java:120)
	at org.openqa.selenium.remote.HttpCommandExecutor.execute(HttpCommandExecutor.java:179)
	at org.openqa.selenium.remote.service.DriverCommandExecutor.invokeExecute(DriverCommandExecutor.java:196)
	at org.openqa.selenium.remote.service.DriverCommandExecutor.execute(DriverCommandExecutor.java:171)
	at org.openqa.selenium.remote.RemoteWebDriver.execute(RemoteWebDriver.java:531)
	at org.openqa.selenium.remote.RemoteWebDriver.perform(RemoteWebDriver.java:603)
	at org.openqa.selenium.interactions.Actions$BuiltAction.perform(Actions.java:585)
	at org.openqa.selenium.interactions.Actions.perform(Actions.java:554)
	at pages.HomePage.clickButtonNext(HomePage.java:80)
	at pages.HomePage.mergeList(HomePage.java:86)
	at pages.HomePage.getSavedList(HomePage.java:94)
	at pages.HomePage.sortedAZ(HomePage.java:100)
	at SortingCheckTest.sortingCheck(SortingCheckTest.java:19)
	at java.base/jdk.internal.reflect.NativeMethodAccessorImpl.invoke0(Native Method)
	at java.base/jdk.internal.reflect.NativeMethodAccessorImpl.invoke(NativeMethodAccessorImpl.java:77)
	at java.base/jdk.internal.reflect.DelegatingMethodAccessorImpl.invoke(DelegatingMethodAccessorImpl.java:43)
	at java.base/java.lang.reflect.Method.invoke(Method.java:568)
	at org.testng.internal.invokers.MethodInvocationHelper.invokeMethod(MethodInvocationHelper.java:139)
	at org.testng.internal.invokers.TestInvoker.invokeMethod(TestInvoker.java:677)
	at org.testng.internal.invokers.TestInvoker.invokeTestMethod(TestInvoker.java:221)
	at org.testng.internal.invokers.MethodRunner.runInSequence(MethodRunner.java:50)
	at org.testng.internal.invokers.TestInvoker$MethodInvocationAgent.invoke(TestInvoker.java:969)
	at org.testng.internal.invokers.TestInvoker.invokeTestMethods(TestInvoker.java:194)
	at org.testng.internal.invokers.TestMethodWorker.invokeTestMethods(TestMethodWorker.java:148)
	at org.testng.internal.invokers.TestMethodWorker.run(TestMethodWorker.java:128)
	at java.base/java.util.concurrent.ThreadPoolExecutor.runWorker(ThreadPoolExecutor.java:1136)
	at java.base/java.util.concurrent.ThreadPoolExecutor$Worker.run(ThreadPoolExecutor.java:635)
	at java.base/java.lang.Thread.run(Thread.java:833)
	Suppressed: org.openqa.selenium.json.JsonException: Attempting to close incomplete json stream
Build info: version: '4.10.0', revision: 'c14d967899'
System info: os.name: 'Windows 11', os.arch: 'amd64', os.version: '10.0', java.version: '17.0.7'
Driver info: driver.version: RemoteWebDriver
		at org.openqa.selenium.json.JsonOutput.close(JsonOutput.java:338)
		at org.openqa.selenium.json.Json.toJson(Json.java:41)
		... 29 more
Caused by: java.lang.reflect.InvocationTargetException
	at java.base/jdk.internal.reflect.NativeMethodAccessorImpl.invoke0(Native Method)
	at java.base/jdk.internal.reflect.NativeMethodAccessorImpl.invoke(NativeMethodAccessorImpl.java:77)
	at java.base/jdk.internal.reflect.DelegatingMethodAccessorImpl.invoke(DelegatingMethodAccessorImpl.java:43)
	at java.base/java.lang.reflect.Method.invoke(Method.java:568)
	at org.openqa.selenium.json.JsonOutput.convertUsingMethod(JsonOutput.java:391)
	... 50 more
Caused by: org.openqa.selenium.NoSuchElementException: no such element: Unable to locate element: {"method":"xpath","selector":"//a[@class='next js-search-link']"}
  (Session info: chrome=115.0.5790.170)
For documentation on this error, please visit: https://www.selenium.dev/documentation/webdriver/troubleshooting/errors#no-such-element-exception
Build info: version: '4.10.0', revision: 'c14d967899'
System info: os.name: 'Windows 11', os.arch: 'amd64', os.version: '10.0', java.version: '17.0.7'
Driver info: org.openqa.selenium.chrome.ChromeDriver
Command: [527b5f02b32bd553cac45c1973f7138b, findElement {using=xpath, value=//a[@class='next js-search-link']}]
Capabilities {acceptInsecureCerts: false, browserName: chrome, browserVersion: 115.0.5790.170, chrome: {chromedriverVersion: 114.0.5735.90 (386bc09e8f4f..., userDataDir: C:\Users\Aguka\AppData\Loca...}, goog:chromeOptions: {debuggerAddress: localhost:61416}, networkConnectionEnabled: false, pageLoadStrategy: normal, platformName: windows, proxy: Proxy(), se:cdp: ws://localhost:61416/devtoo..., se:cdpVersion: 115.0.5790.170, setWindowRect: true, strictFileInteractability: false, timeouts: {implicit: 0, pageLoad: 300000, script: 30000}, unhandledPromptBehavior: dismiss and notify, webauthn:extension:credBlob: true, webauthn:extension:largeBlob: true, webauthn:extension:minPinLength: true, webauthn:extension:prf: true, webauthn:virtualAuthenticators: true}
Session ID: 527b5f02b32bd553cac45c1973f7138b
	at jdk.internal.reflect.GeneratedConstructorAccessor22.newInstance(Unknown Source)
	at java.base/jdk.internal.reflect.DelegatingConstructorAccessorImpl.newInstance(DelegatingConstructorAccessorImpl.java:45)
	at java.base/java.lang.reflect.Constructor.newInstanceWithCaller(Constructor.java:499)
	at java.base/java.lang.reflect.Constructor.newInstance(Constructor.java:480)
	at org.openqa.selenium.remote.codec.w3c.W3CHttpResponseCodec.createException(W3CHttpResponseCodec.java:199)
	at org.openqa.selenium.remote.codec.w3c.W3CHttpResponseCodec.decode(W3CHttpResponseCodec.java:132)
	at org.openqa.selenium.remote.codec.w3c.W3CHttpResponseCodec.decode(W3CHttpResponseCodec.java:51)
	at org.openqa.selenium.remote.HttpCommandExecutor.execute(HttpCommandExecutor.java:191)
	at org.openqa.selenium.remote.service.DriverCommandExecutor.invokeExecute(DriverCommandExecutor.java:196)
	at org.openqa.selenium.remote.service.DriverCommandExecutor.execute(DriverCommandExecutor.java:171)
	at org.openqa.selenium.remote.RemoteWebDriver.execute(RemoteWebDriver.java:531)
	at org.openqa.selenium.remote.ElementLocation$ElementFinder$2.findElement(ElementLocation.java:165)
	at org.openqa.selenium.remote.ElementLocation.findElement(ElementLocation.java:59)
	at org.openqa.selenium.remote.RemoteWebDriver.findElement(RemoteWebDriver.java:350)
	at org.openqa.selenium.remote.RemoteWebDriver.findElement(RemoteWebDriver.java:344)
	at org.openqa.selenium.support.pagefactory.DefaultElementLocator.findElement(DefaultElementLocator.java:68)
	at org.openqa.selenium.support.pagefactory.internal.LocatingElementHandler.invoke(LocatingElementHandler.java:38)
	at jdk.proxy2/jdk.proxy2.$Proxy15.getWrappedElement(Unknown Source)
	at org.openqa.selenium.interactions.PointerInput$Origin.asArg(PointerInput.java:275)
	at org.openqa.selenium.interactions.PointerInput$Move.encode(PointerInput.java:224)
	at org.openqa.selenium.interactions.Sequence.encode(Sequence.java:72)
	at org.openqa.selenium.interactions.Sequence.toJson(Sequence.java:81)
	... 55 more
]]></failure>
  </testcase>
</testsuite>