<?xml version="1.0" encoding="UTF-8"?>
<testng-results ignored="0" total="10" passed="8" failed="2" skipped="0">
  <reporter-output>
  </reporter-output>
  <suite started-at="2023-07-27T17:09:17 EEST" name="Run all tests" finished-at="2023-07-27T17:12:23 EEST" duration-ms="186690">
    <groups>
    </groups>
    <test started-at="2023-07-27T17:09:17 EEST" name="Test 1" finished-at="2023-07-27T17:12:23 EEST" duration-ms="186690">
      <class name="SortingCheck">
        <test-method is-config="true" signature="setUp()[pri:0, instance:SortingCheck@5a8ba37c]" started-at="2023-07-27T17:11:53 EEST" name="setUp" finished-at="2023-07-27T17:12:07 EEST" duration-ms="13813" status="PASS">
          <reporter-output>
          </reporter-output>
        </test-method> <!-- setUp -->
        <test-method signature="sortingCheck()[pri:0, instance:SortingCheck@5a8ba37c]" started-at="2023-07-27T17:12:07 EEST" name="sortingCheck" finished-at="2023-07-27T17:12:09 EEST" duration-ms="2061" status="FAIL">
          <exception class="java.lang.AssertionError">
            <message>
              <![CDATA[The following asserts failed:
Lists differ at element [0]: Brown Bear Cushion != Hummingbird Printed T-Shirt expected [Brown Bear Cushion] but found [Hummingbird Printed T-Shirt]]]>
            </message>
            <full-stacktrace>
              <![CDATA[java.lang.AssertionError: The following asserts failed:
Lists differ at element [0]: Brown Bear Cushion != Hummingbird Printed T-Shirt expected [Brown Bear Cushion] but found [Hummingbird Printed T-Shirt]
at org.testng.asserts.SoftAssert.assertAll(SoftAssert.java:46)
at org.testng.asserts.SoftAssert.assertAll(SoftAssert.java:30)
at SortingCheck.sortingCheck(SortingCheck.java:26)
at java.base/jdk.internal.reflect.NativeMethodAccessorImpl.invoke0(Native Method)
at java.base/jdk.internal.reflect.NativeMethodAccessorImpl.invoke(NativeMethodAccessorImpl.java:77)
at java.base/jdk.internal.reflect.DelegatingMethodAccessorImpl.invoke(DelegatingMethodAccessorImpl.java:43)
at java.base/java.lang.reflect.Method.invoke(Method.java:568)
at org.testng.internal.invokers.MethodInvocationHelper.invokeMethod(MethodInvocationHelper.java:139)
at org.testng.internal.invokers.TestInvoker.invokeMethod(TestInvoker.java:677)
at org.testng.internal.invokers.TestInvoker.invokeTestMethod(TestInvoker.java:221)
at org.testng.internal.invokers.MethodRunner.runInSequence(MethodRunner.java:50)
at org.testng.internal.invokers.TestInvoker$MethodInvocationAgent.invoke(TestInvoker.java:969)
at org.testng.internal.invokers.TestInvoker.invokeTestMethods(TestInvoker.java:194)
at org.testng.internal.invokers.TestMethodWorker.invokeTestMethods(TestMethodWorker.java:148)
at org.testng.internal.invokers.TestMethodWorker.run(TestMethodWorker.java:128)
at java.base/java.util.concurrent.ThreadPoolExecutor.runWorker(ThreadPoolExecutor.java:1136)
at java.base/java.util.concurrent.ThreadPoolExecutor$Worker.run(ThreadPoolExecutor.java:635)
at java.base/java.lang.Thread.run(Thread.java:833)
]]>
            </full-stacktrace>
          </exception> <!-- java.lang.AssertionError -->
          <reporter-output>
          </reporter-output>
        </test-method> <!-- sortingCheck -->
        <test-method is-config="true" signature="tearDown()[pri:0, instance:SortingCheck@5a8ba37c]" started-at="2023-07-27T17:12:09 EEST" name="tearDown" finished-at="2023-07-27T17:12:09 EEST" duration-ms="190" status="PASS">
          <reporter-output>
          </reporter-output>
        </test-method> <!-- tearDown -->
      </class> <!-- SortingCheck -->
      <class name="CheckLanguages">
        <test-method is-config="true" signature="setUp()[pri:0, instance:CheckLanguages@7159139f]" started-at="2023-07-27T17:09:53 EEST" name="setUp" finished-at="2023-07-27T17:10:06 EEST" duration-ms="13027" status="PASS">
          <reporter-output>
          </reporter-output>
        </test-method> <!-- setUp -->
        <test-method signature="checkLanguages()[pri:0, instance:CheckLanguages@7159139f]" started-at="2023-07-27T17:10:06 EEST" name="checkLanguages" finished-at="2023-07-27T17:10:06 EEST" duration-ms="700" status="PASS">
          <reporter-output>
          </reporter-output>
        </test-method> <!-- checkLanguages -->
        <test-method is-config="true" signature="tearDown()[pri:0, instance:CheckLanguages@7159139f]" started-at="2023-07-27T17:10:06 EEST" name="tearDown" finished-at="2023-07-27T17:10:07 EEST" duration-ms="193" status="PASS">
          <reporter-output>
          </reporter-output>
        </test-method> <!-- tearDown -->
      </class> <!-- CheckLanguages -->
      <class name="SubscribeWithInvalidEmail">
        <test-method is-config="true" signature="setUp()[pri:0, instance:SubscribeWithInvalidEmail@37c2eacb]" started-at="2023-07-27T17:12:09 EEST" name="setUp" finished-at="2023-07-27T17:12:23 EEST" duration-ms="14017" status="PASS">
          <reporter-output>
          </reporter-output>
        </test-method> <!-- setUp -->
        <test-method signature="checkSubscribeWithInvalidEmail()[pri:0, instance:SubscribeWithInvalidEmail@37c2eacb]" started-at="2023-07-27T17:12:23 EEST" name="checkSubscribeWithInvalidEmail" finished-at="2023-07-27T17:12:23 EEST" duration-ms="56" status="PASS">
          <reporter-output>
          </reporter-output>
        </test-method> <!-- checkSubscribeWithInvalidEmail -->
        <test-method is-config="true" signature="tearDown()[pri:0, instance:SubscribeWithInvalidEmail@37c2eacb]" started-at="2023-07-27T17:12:23 EEST" name="tearDown" finished-at="2023-07-27T17:12:23 EEST" duration-ms="154" status="PASS">
          <reporter-output>
          </reporter-output>
        </test-method> <!-- tearDown -->
      </class> <!-- SubscribeWithInvalidEmail -->
      <class name="CheckPopularProducts">
        <test-method is-config="true" signature="setUp()[pri:0, instance:CheckPopularProducts@65bcf7c2]" started-at="2023-07-27T17:10:07 EEST" name="setUp" finished-at="2023-07-27T17:10:19 EEST" duration-ms="12101" status="PASS">
          <reporter-output>
          </reporter-output>
        </test-method> <!-- setUp -->
        <test-method signature="checkPopularProducts()[pri:0, instance:CheckPopularProducts@65bcf7c2]" started-at="2023-07-27T17:10:19 EEST" name="checkPopularProducts" finished-at="2023-07-27T17:10:19 EEST" duration-ms="730" status="PASS">
          <reporter-output>
          </reporter-output>
        </test-method> <!-- checkPopularProducts -->
        <test-method is-config="true" signature="tearDown()[pri:0, instance:CheckPopularProducts@65bcf7c2]" started-at="2023-07-27T17:10:19 EEST" name="tearDown" finished-at="2023-07-27T17:10:20 EEST" duration-ms="176" status="PASS">
          <reporter-output>
          </reporter-output>
        </test-method> <!-- tearDown -->
      </class> <!-- CheckPopularProducts -->
      <class name="CheckoutEndToEnd">
        <test-method is-config="true" signature="setUp()[pri:0, instance:CheckoutEndToEnd@55ecbafe]" started-at="2023-07-27T17:11:08 EEST" name="setUp" finished-at="2023-07-27T17:11:21 EEST" duration-ms="13820" status="PASS">
          <reporter-output>
          </reporter-output>
        </test-method> <!-- setUp -->
        <test-method signature="checkoutEndToEnd()[pri:0, instance:CheckoutEndToEnd@55ecbafe]" started-at="2023-07-27T17:11:21 EEST" name="checkoutEndToEnd" finished-at="2023-07-27T17:11:53 EEST" duration-ms="31395" status="FAIL">
          <exception class="org.openqa.selenium.TimeoutException">
            <message>
              <![CDATA[Expected condition failed: waiting for visibility of [[ChromeDriver: chrome on windows (a89d49ab9496d3fefbcae35756603fe7)] -> xpath: //*[@id='customer-form']/footer/button] (tried for 10 second(s) with 500 milliseconds interval)
Build info: version: '4.10.0', revision: 'c14d967899'
System info: os.name: 'Windows 11', os.arch: 'amd64', os.version: '10.0', java.version: '17.0.7'
Driver info: org.openqa.selenium.chrome.ChromeDriver
Capabilities {acceptInsecureCerts: false, browserName: chrome, browserVersion: 114.0.5735.199, chrome: {chromedriverVersion: 114.0.5735.90 (386bc09e8f4f..., userDataDir: C:\Users\Aguka\AppData\Loca...}, goog:chromeOptions: {debuggerAddress: localhost:52169}, networkConnectionEnabled: false, pageLoadStrategy: normal, platformName: windows, proxy: Proxy(), se:cdp: ws://localhost:52169/devtoo..., se:cdpVersion: 114.0.5735.199, setWindowRect: true, strictFileInteractability: false, timeouts: {implicit: 0, pageLoad: 300000, script: 30000}, unhandledPromptBehavior: dismiss and notify, webauthn:extension:credBlob: true, webauthn:extension:largeBlob: true, webauthn:extension:minPinLength: true, webauthn:extension:prf: true, webauthn:virtualAuthenticators: true}
Session ID: a89d49ab9496d3fefbcae35756603fe7]]>
            </message>
            <full-stacktrace>
              <![CDATA[org.openqa.selenium.TimeoutException: Expected condition failed: waiting for visibility of [[ChromeDriver: chrome on windows (a89d49ab9496d3fefbcae35756603fe7)] -> xpath: //*[@id='customer-form']/footer/button] (tried for 10 second(s) with 500 milliseconds interval)
Build info: version: '4.10.0', revision: 'c14d967899'
System info: os.name: 'Windows 11', os.arch: 'amd64', os.version: '10.0', java.version: '17.0.7'
Driver info: org.openqa.selenium.chrome.ChromeDriver
Capabilities {acceptInsecureCerts: false, browserName: chrome, browserVersion: 114.0.5735.199, chrome: {chromedriverVersion: 114.0.5735.90 (386bc09e8f4f..., userDataDir: C:\Users\Aguka\AppData\Loca...}, goog:chromeOptions: {debuggerAddress: localhost:52169}, networkConnectionEnabled: false, pageLoadStrategy: normal, platformName: windows, proxy: Proxy(), se:cdp: ws://localhost:52169/devtoo..., se:cdpVersion: 114.0.5735.199, setWindowRect: true, strictFileInteractability: false, timeouts: {implicit: 0, pageLoad: 300000, script: 30000}, unhandledPromptBehavior: dismiss and notify, webauthn:extension:credBlob: true, webauthn:extension:largeBlob: true, webauthn:extension:minPinLength: true, webauthn:extension:prf: true, webauthn:virtualAuthenticators: true}
Session ID: a89d49ab9496d3fefbcae35756603fe7
at org.openqa.selenium.support.ui.WebDriverWait.timeoutException(WebDriverWait.java:84)
at org.openqa.selenium.support.ui.FluentWait.until(FluentWait.java:230)
at pages.BasePage.waitUntilPresent(BasePage.java:25)
at pages.ResultSearchPage.clickButtonContinueAddresses(ResultSearchPage.java:256)
at CheckoutEndToEnd.checkoutEndToEnd(CheckoutEndToEnd.java:40)
at java.base/jdk.internal.reflect.NativeMethodAccessorImpl.invoke0(Native Method)
at java.base/jdk.internal.reflect.NativeMethodAccessorImpl.invoke(NativeMethodAccessorImpl.java:77)
at java.base/jdk.internal.reflect.DelegatingMethodAccessorImpl.invoke(DelegatingMethodAccessorImpl.java:43)
at java.base/java.lang.reflect.Method.invoke(Method.java:568)
at org.testng.internal.invokers.MethodInvocationHelper.invokeMethod(MethodInvocationHelper.java:139)
at org.testng.internal.invokers.TestInvoker.invokeMethod(TestInvoker.java:677)
at org.testng.internal.invokers.TestInvoker.invokeTestMethod(TestInvoker.java:221)
at org.testng.internal.invokers.MethodRunner.runInSequence(MethodRunner.java:50)
at org.testng.internal.invokers.TestInvoker$MethodInvocationAgent.invoke(TestInvoker.java:969)
at org.testng.internal.invokers.TestInvoker.invokeTestMethods(TestInvoker.java:194)
at org.testng.internal.invokers.TestMethodWorker.invokeTestMethods(TestMethodWorker.java:148)
at org.testng.internal.invokers.TestMethodWorker.run(TestMethodWorker.java:128)
at java.base/java.util.concurrent.ThreadPoolExecutor.runWorker(ThreadPoolExecutor.java:1136)
at java.base/java.util.concurrent.ThreadPoolExecutor$Worker.run(ThreadPoolExecutor.java:635)
at java.base/java.lang.Thread.run(Thread.java:833)
]]>
            </full-stacktrace>
          </exception> <!-- org.openqa.selenium.TimeoutException -->
          <reporter-output>
          </reporter-output>
        </test-method> <!-- checkoutEndToEnd -->
        <test-method is-config="true" signature="tearDown()[pri:0, instance:CheckoutEndToEnd@55ecbafe]" started-at="2023-07-27T17:11:53 EEST" name="tearDown" finished-at="2023-07-27T17:11:53 EEST" duration-ms="191" status="PASS">
          <reporter-output>
          </reporter-output>
        </test-method> <!-- tearDown -->
      </class> <!-- CheckoutEndToEnd -->
      <class name="AddingToCart">
        <test-method is-config="true" signature="setUp()[pri:0, instance:AddingToCart@3ed0918d]" started-at="2023-07-27T17:09:17 EEST" name="setUp" finished-at="2023-07-27T17:09:32 EEST" duration-ms="15338" status="PASS">
          <reporter-output>
          </reporter-output>
        </test-method> <!-- setUp -->
        <test-method signature="addingToCart()[pri:0, instance:AddingToCart@3ed0918d]" started-at="2023-07-27T17:09:32 EEST" name="addingToCart" finished-at="2023-07-27T17:09:38 EEST" duration-ms="5842" status="PASS">
          <reporter-output>
          </reporter-output>
        </test-method> <!-- addingToCart -->
        <test-method is-config="true" signature="tearDown()[pri:0, instance:AddingToCart@3ed0918d]" started-at="2023-07-27T17:09:38 EEST" name="tearDown" finished-at="2023-07-27T17:09:38 EEST" duration-ms="219" status="PASS">
          <reporter-output>
          </reporter-output>
        </test-method> <!-- tearDown -->
      </class> <!-- AddingToCart -->
      <class name="PriceDropCheck">
        <test-method is-config="true" signature="setUp()[pri:0, instance:PriceDropCheck@3db64bd4]" started-at="2023-07-27T17:10:20 EEST" name="setUp" finished-at="2023-07-27T17:10:34 EEST" duration-ms="14150" status="PASS">
          <reporter-output>
          </reporter-output>
        </test-method> <!-- setUp -->
        <test-method signature="priceDropCheck()[pri:0, instance:PriceDropCheck@3db64bd4]" started-at="2023-07-27T17:10:34 EEST" name="priceDropCheck" finished-at="2023-07-27T17:10:35 EEST" duration-ms="962" status="PASS">
          <reporter-output>
          </reporter-output>
        </test-method> <!-- priceDropCheck -->
        <test-method is-config="true" signature="tearDown()[pri:0, instance:PriceDropCheck@3db64bd4]" started-at="2023-07-27T17:10:35 EEST" name="tearDown" finished-at="2023-07-27T17:10:35 EEST" duration-ms="188" status="PASS">
          <reporter-output>
          </reporter-output>
        </test-method> <!-- tearDown -->
      </class> <!-- PriceDropCheck -->
      <class name="RegistrationWithInvalidData">
        <test-method is-config="true" signature="setUp()[pri:0, instance:RegistrationWithInvalidData@6e106680]" started-at="2023-07-27T17:10:35 EEST" name="setUp" finished-at="2023-07-27T17:10:49 EEST" duration-ms="13983" status="PASS">
          <reporter-output>
          </reporter-output>
        </test-method> <!-- setUp -->
        <test-method signature="registrationWithValidData()[pri:0, instance:RegistrationWithInvalidData@6e106680]" started-at="2023-07-27T17:10:49 EEST" name="registrationWithValidData" finished-at="2023-07-27T17:10:51 EEST" duration-ms="2288" status="PASS">
          <reporter-output>
          </reporter-output>
        </test-method> <!-- registrationWithValidData -->
        <test-method is-config="true" signature="tearDown()[pri:0, instance:RegistrationWithInvalidData@6e106680]" started-at="2023-07-27T17:10:51 EEST" name="tearDown" finished-at="2023-07-27T17:10:51 EEST" duration-ms="184" status="PASS">
          <reporter-output>
          </reporter-output>
        </test-method> <!-- tearDown -->
      </class> <!-- RegistrationWithInvalidData -->
      <class name="RegistrationWithValidData">
        <test-method is-config="true" signature="setUp()[pri:0, instance:RegistrationWithValidData@576c5536]" started-at="2023-07-27T17:10:51 EEST" name="setUp" finished-at="2023-07-27T17:11:05 EEST" duration-ms="13677" status="PASS">
          <reporter-output>
          </reporter-output>
        </test-method> <!-- setUp -->
        <test-method signature="registrationWithValidData()[pri:0, instance:RegistrationWithValidData@576c5536]" started-at="2023-07-27T17:11:05 EEST" name="registrationWithValidData" finished-at="2023-07-27T17:11:07 EEST" duration-ms="2325" status="PASS">
          <reporter-output>
          </reporter-output>
        </test-method> <!-- registrationWithValidData -->
        <test-method is-config="true" signature="tearDown()[pri:0, instance:RegistrationWithValidData@576c5536]" started-at="2023-07-27T17:11:07 EEST" name="tearDown" finished-at="2023-07-27T17:11:08 EEST" duration-ms="173" status="PASS">
          <reporter-output>
          </reporter-output>
        </test-method> <!-- tearDown -->
      </class> <!-- RegistrationWithValidData -->
      <class name="CheckCategories">
        <test-method is-config="true" signature="setUp()[pri:0, instance:CheckCategories@16c8b7bd]" started-at="2023-07-27T17:09:38 EEST" name="setUp" finished-at="2023-07-27T17:09:52 EEST" duration-ms="13720" status="PASS">
          <reporter-output>
          </reporter-output>
        </test-method> <!-- setUp -->
        <test-method signature="checkCategories()[pri:0, instance:CheckCategories@16c8b7bd]" started-at="2023-07-27T17:09:52 EEST" name="checkCategories" finished-at="2023-07-27T17:09:53 EEST" duration-ms="614" status="PASS">
          <reporter-output>
          </reporter-output>
        </test-method> <!-- checkCategories -->
        <test-method is-config="true" signature="tearDown()[pri:0, instance:CheckCategories@16c8b7bd]" started-at="2023-07-27T17:09:53 EEST" name="tearDown" finished-at="2023-07-27T17:09:53 EEST" duration-ms="186" status="PASS">
          <reporter-output>
          </reporter-output>
        </test-method> <!-- tearDown -->
      </class> <!-- CheckCategories -->
    </test> <!-- Test 1 -->
  </suite> <!-- Run all tests -->
</testng-results>
