<?xml version="1.0" encoding="UTF-8"?>
<testng-results ignored="0" total="10" passed="9" failed="1" skipped="0">
  <reporter-output>
  </reporter-output>
  <suite started-at="2023-08-15T11:25:05 EEST" name="Run all tests" finished-at="2023-08-15T11:29:34 EEST" duration-ms="269910">
    <groups>
    </groups>
    <test started-at="2023-08-15T11:25:05 EEST" name="Test 1" finished-at="2023-08-15T11:29:34 EEST" duration-ms="269910">
      <class name="PriceDropCheckTest">
        <test-method is-config="true" signature="setUp()[pri:0, instance:PriceDropCheckTest@2f98635e]" started-at="2023-08-15T11:26:41 EEST" name="setUp" finished-at="2023-08-15T11:27:25 EEST" duration-ms="44426" status="PASS">
          <reporter-output>
          </reporter-output>
        </test-method> <!-- setUp -->
        <test-method signature="priceDropCheck()[pri:0, instance:PriceDropCheckTest@2f98635e]" started-at="2023-08-15T11:27:25 EEST" name="priceDropCheck" finished-at="2023-08-15T11:27:26 EEST" duration-ms="1050" status="PASS">
          <reporter-output>
          </reporter-output>
        </test-method> <!-- priceDropCheck -->
        <test-method is-config="true" signature="tearDown(org.testng.ITestResult)[pri:0, instance:PriceDropCheckTest@2f98635e]" started-at="2023-08-15T11:27:26 EEST" name="tearDown" finished-at="2023-08-15T11:27:26 EEST" duration-ms="187" status="PASS">
          <params>
            <param index="0">
              <value>
                <![CDATA[[TestResult name=priceDropCheck status=SUCCESS method=PriceDropCheckTest.priceDropCheck()[pri:0, instance:PriceDropCheckTest@2f98635e] output={null}]]]>
              </value>
            </param>
          </params>
          <reporter-output>
          </reporter-output>
        </test-method> <!-- tearDown -->
      </class> <!-- PriceDropCheckTest -->
      <class name="SortingCheckTest">
        <test-method is-config="true" signature="setUp()[pri:0, instance:SortingCheckTest@221dad51]" started-at="2023-08-15T11:28:15 EEST" name="setUp" finished-at="2023-08-15T11:28:59 EEST" duration-ms="44230" status="PASS">
          <reporter-output>
          </reporter-output>
        </test-method> <!-- setUp -->
        <test-method signature="sortingCheck()[pri:0, instance:SortingCheckTest@221dad51]" started-at="2023-08-15T11:28:59 EEST" name="sortingCheck" finished-at="2023-08-15T11:29:00 EEST" duration-ms="1341" status="FAIL">
          <exception class="java.lang.StackOverflowError">
            <full-stacktrace>
              <![CDATA[java.lang.StackOverflowError
at pages.HomePage.waitSeconds(HomePage.java:45)
at pages.HomePage.waitSeconds(HomePage.java:45)
at pages.HomePage.waitSeconds(HomePage.java:45)
at pages.HomePage.waitSeconds(HomePage.java:45)
at pages.HomePage.waitSeconds(HomePage.java:45)
at pages.HomePage.waitSeconds(HomePage.java:45)
at pages.HomePage.waitSeconds(HomePage.java:45)
at pages.HomePage.waitSeconds(HomePage.java:45)
at pages.HomePage.waitSeconds(HomePage.java:45)
at pages.HomePage.waitSeconds(HomePage.java:45)
at pages.HomePage.waitSeconds(HomePage.java:45)
at pages.HomePage.waitSeconds(HomePage.java:45)
at pages.HomePage.waitSeconds(HomePage.java:45)
at pages.HomePage.waitSeconds(HomePage.java:45)
at pages.HomePage.waitSeconds(HomePage.java:45)
at pages.HomePage.waitSeconds(HomePage.java:45)
at pages.HomePage.waitSeconds(HomePage.java:45)
at pages.HomePage.waitSeconds(HomePage.java:45)
at pages.HomePage.waitSeconds(HomePage.java:45)
at pages.HomePage.waitSeconds(HomePage.java:45)
at pages.HomePage.waitSeconds(HomePage.java:45)
at pages.HomePage.waitSeconds(HomePage.java:45)
at pages.HomePage.waitSeconds(HomePage.java:45)
at pages.HomePage.waitSeconds(HomePage.java:45)
at pages.HomePage.waitSeconds(HomePage.java:45)
at pages.HomePage.waitSeconds(HomePage.java:45)
at pages.HomePage.waitSeconds(HomePage.java:45)
at pages.HomePage.waitSeconds(HomePage.java:45)
at pages.HomePage.waitSeconds(HomePage.java:45)
at pages.HomePage.waitSeconds(HomePage.java:45)
at pages.HomePage.waitSeconds(HomePage.java:45)
at pages.HomePage.waitSeconds(HomePage.java:45)
at pages.HomePage.waitSeconds(HomePage.java:45)
at pages.HomePage.waitSeconds(HomePage.java:45)
at pages.HomePage.waitSeconds(HomePage.java:45)
at pages.HomePage.waitSeconds(HomePage.java:45)
at pages.HomePage.waitSeconds(HomePage.java:45)
at pages.HomePage.waitSeconds(HomePage.java:45)
at pages.HomePage.waitSeconds(HomePage.java:45)
at pages.HomePage.waitSeconds(HomePage.java:45)
at pages.HomePage.waitSeconds(HomePage.java:45)
at pages.HomePage.waitSeconds(HomePage.java:45)
at pages.HomePage.waitSeconds(HomePage.java:45)
at pages.HomePage.waitSeconds(HomePage.java:45)
at pages.HomePage.waitSeconds(HomePage.java:45)
at pages.HomePage.waitSeconds(HomePage.java:45)
at pages.HomePage.waitSeconds(HomePage.java:45)
at pages.HomePage.waitSeconds(HomePage.java:45)
at pages.HomePage.waitSeconds(HomePage.java:45)
at pages.HomePage.waitSeconds(HomePage.java:45)
at pages.HomePage.waitSeconds(HomePage.java:45)
at pages.HomePage.waitSeconds(HomePage.java:45)
at pages.HomePage.waitSeconds(HomePage.java:45)
at pages.HomePage.waitSeconds(HomePage.java:45)
at pages.HomePage.waitSeconds(HomePage.java:45)
at pages.HomePage.waitSeconds(HomePage.java:45)
at pages.HomePage.waitSeconds(HomePage.java:45)
at pages.HomePage.waitSeconds(HomePage.java:45)
at pages.HomePage.waitSeconds(HomePage.java:45)
at pages.HomePage.waitSeconds(HomePage.java:45)
at pages.HomePage.waitSeconds(HomePage.java:45)
at pages.HomePage.waitSeconds(HomePage.java:45)
at pages.HomePage.waitSeconds(HomePage.java:45)
at pages.HomePage.waitSeconds(HomePage.java:45)
at pages.HomePage.waitSeconds(HomePage.java:45)
at pages.HomePage.waitSeconds(HomePage.java:45)
at pages.HomePage.waitSeconds(HomePage.java:45)
at pages.HomePage.waitSeconds(HomePage.java:45)
at pages.HomePage.waitSeconds(HomePage.java:45)
at pages.HomePage.waitSeconds(HomePage.java:45)
at pages.HomePage.waitSeconds(HomePage.java:45)
at pages.HomePage.waitSeconds(HomePage.java:45)
at pages.HomePage.waitSeconds(HomePage.java:45)
at pages.HomePage.waitSeconds(HomePage.java:45)
at pages.HomePage.waitSeconds(HomePage.java:45)
at pages.HomePage.waitSeconds(HomePage.java:45)
at pages.HomePage.waitSeconds(HomePage.java:45)
at pages.HomePage.waitSeconds(HomePage.java:45)
at pages.HomePage.waitSeconds(HomePage.java:45)
at pages.HomePage.waitSeconds(HomePage.java:45)
at pages.HomePage.waitSeconds(HomePage.java:45)
at pages.HomePage.waitSeconds(HomePage.java:45)
at pages.HomePage.waitSeconds(HomePage.java:45)
at pages.HomePage.waitSeconds(HomePage.java:45)
at pages.HomePage.waitSeconds(HomePage.java:45)
at pages.HomePage.waitSeconds(HomePage.java:45)
at pages.HomePage.waitSeconds(HomePage.java:45)
at pages.HomePage.waitSeconds(HomePage.java:45)
at pages.HomePage.waitSeconds(HomePage.java:45)
at pages.HomePage.waitSeconds(HomePage.java:45)
at pages.HomePage.waitSeconds(HomePage.java:45)
at pages.HomePage.waitSeconds(HomePage.java:45)
at pages.HomePage.waitSeconds(HomePage.java:45)
at pages.HomePage.waitSeconds(HomePage.java:45)
at pages.HomePage.waitSeconds(HomePage.java:45)
at pages.HomePage.waitSeconds(HomePage.java:45)
at pages.HomePage.waitSeconds(HomePage.java:45)
at pages.HomePage.waitSeconds(HomePage.java:45)
at pages.HomePage.waitSeconds(HomePage.java:45)
at pages.HomePage.waitSeconds(HomePage.java:45)
at pages.HomePage.waitSeconds(HomePage.java:45)
at pages.HomePage.waitSeconds(HomePage.java:45)
at pages.HomePage.waitSeconds(HomePage.java:45)
at pages.HomePage.waitSeconds(HomePage.java:45)
at pages.HomePage.waitSeconds(HomePage.java:45)
at pages.HomePage.waitSeconds(HomePage.java:45)
at pages.HomePage.waitSeconds(HomePage.java:45)
at pages.HomePage.waitSeconds(HomePage.java:45)
at pages.HomePage.waitSeconds(HomePage.java:45)
at pages.HomePage.waitSeconds(HomePage.java:45)
at pages.HomePage.waitSeconds(HomePage.java:45)
at pages.HomePage.waitSeconds(HomePage.java:45)
at pages.HomePage.waitSeconds(HomePage.java:45)
at pages.HomePage.waitSeconds(HomePage.java:45)
at pages.HomePage.waitSeconds(HomePage.java:45)
at pages.HomePage.waitSeconds(HomePage.java:45)
at pages.HomePage.waitSeconds(HomePage.java:45)
at pages.HomePage.waitSeconds(HomePage.java:45)
at pages.HomePage.waitSeconds(HomePage.java:45)
at pages.HomePage.waitSeconds(HomePage.java:45)
at pages.HomePage.waitSeconds(HomePage.java:45)
at pages.HomePage.waitSeconds(HomePage.java:45)
at pages.HomePage.waitSeconds(HomePage.java:45)
at pages.HomePage.waitSeconds(HomePage.java:45)
at pages.HomePage.waitSeconds(HomePage.java:45)
at pages.HomePage.waitSeconds(HomePage.java:45)
at pages.HomePage.waitSeconds(HomePage.java:45)
at pages.HomePage.waitSeconds(HomePage.java:45)
at pages.HomePage.waitSeconds(HomePage.java:45)
at pages.HomePage.waitSeconds(HomePage.java:45)
at pages.HomePage.waitSeconds(HomePage.java:45)
at pages.HomePage.waitSeconds(HomePage.java:45)
at pages.HomePage.waitSeconds(HomePage.java:45)
at pages.HomePage.waitSeconds(HomePage.java:45)
at pages.HomePage.waitSeconds(HomePage.java:45)
at pages.HomePage.waitSeconds(HomePage.java:45)
at pages.HomePage.waitSeconds(HomePage.java:45)
at pages.HomePage.waitSeconds(HomePage.java:45)
at pages.HomePage.waitSeconds(HomePage.java:45)
at pages.HomePage.waitSeconds(HomePage.java:45)
at pages.HomePage.waitSeconds(HomePage.java:45)
at pages.HomePage.waitSeconds(HomePage.java:45)
at pages.HomePage.waitSeconds(HomePage.java:45)
at pages.HomePage.waitSeconds(HomePage.java:45)
at pages.HomePage.waitSeconds(HomePage.java:45)
at pages.HomePage.waitSeconds(HomePage.java:45)
at pages.HomePage.waitSeconds(HomePage.java:45)
at pages.HomePage.waitSeconds(HomePage.java:45)
at pages.HomePage.waitSeconds(HomePage.java:45)
at pages.HomePage.waitSeconds(HomePage.java:45)
at pages.HomePage.waitSeconds(HomePage.java:45)
at pages.HomePage.waitSeconds(HomePage.java:45)
at pages.HomePage.waitSeconds(HomePage.java:45)
at pages.HomePage.waitSeconds(HomePage.java:45)
at pages.HomePage.waitSeconds(HomePage.java:45)
at pages.HomePage.waitSeconds(HomePage.java:45)
at pages.HomePage.waitSeconds(HomePage.java:45)
at pages.HomePage.waitSeconds(HomePage.java:45)
at pages.HomePage.waitSeconds(HomePage.java:45)
at pages.HomePage.waitSeconds(HomePage.java:45)
at pages.HomePage.waitSeconds(HomePage.java:45)
at pages.HomePage.waitSeconds(HomePage.java:45)
at pages.HomePage.waitSeconds(HomePage.java:45)
at pages.HomePage.waitSeconds(HomePage.java:45)
at pages.HomePage.waitSeconds(HomePage.java:45)
at pages.HomePage.waitSeconds(HomePage.java:45)
at pages.HomePage.waitSeconds(HomePage.java:45)
at pages.HomePage.waitSeconds(HomePage.java:45)
at pages.HomePage.waitSeconds(HomePage.java:45)
at pages.HomePage.waitSeconds(HomePage.java:45)
at pages.HomePage.waitSeconds(HomePage.java:45)
at pages.HomePage.waitSeconds(HomePage.java:45)
at pages.HomePage.waitSeconds(HomePage.java:45)
at pages.HomePage.waitSeconds(HomePage.java:45)
at pages.HomePage.waitSeconds(HomePage.java:45)
at pages.HomePage.waitSeconds(HomePage.java:45)
at pages.HomePage.waitSeconds(HomePage.java:45)
at pages.HomePage.waitSeconds(HomePage.java:45)
at pages.HomePage.waitSeconds(HomePage.java:45)
at pages.HomePage.waitSeconds(HomePage.java:45)
at pages.HomePage.waitSeconds(HomePage.java:45)
at pages.HomePage.waitSeconds(HomePage.java:45)
at pages.HomePage.waitSeconds(HomePage.java:45)
at pages.HomePage.waitSeconds(HomePage.java:45)
at pages.HomePage.waitSeconds(HomePage.java:45)
at pages.HomePage.waitSeconds(HomePage.java:45)
at pages.HomePage.waitSeconds(HomePage.java:45)
at pages.HomePage.waitSeconds(HomePage.java:45)
at pages.HomePage.waitSeconds(HomePage.java:45)
at pages.HomePage.waitSeconds(HomePage.java:45)
at pages.HomePage.waitSeconds(HomePage.java:45)
at pages.HomePage.waitSeconds(HomePage.java:45)
at pages.HomePage.waitSeconds(HomePage.java:45)
at pages.HomePage.waitSeconds(HomePage.java:45)
at pages.HomePage.waitSeconds(HomePage.java:45)
at pages.HomePage.waitSeconds(HomePage.java:45)
at pages.HomePage.waitSeconds(HomePage.java:45)
at pages.HomePage.waitSeconds(HomePage.java:45)
at pages.HomePage.waitSeconds(HomePage.java:45)
at pages.HomePage.waitSeconds(HomePage.java:45)
at pages.HomePage.waitSeconds(HomePage.java:45)
at pages.HomePage.waitSeconds(HomePage.java:45)
at pages.HomePage.waitSeconds(HomePage.java:45)
at pages.HomePage.waitSeconds(HomePage.java:45)
at pages.HomePage.waitSeconds(HomePage.java:45)
at pages.HomePage.waitSeconds(HomePage.java:45)
at pages.HomePage.waitSeconds(HomePage.java:45)
at pages.HomePage.waitSeconds(HomePage.java:45)
at pages.HomePage.waitSeconds(HomePage.java:45)
at pages.HomePage.waitSeconds(HomePage.java:45)
at pages.HomePage.waitSeconds(HomePage.java:45)
at pages.HomePage.waitSeconds(HomePage.java:45)
at pages.HomePage.waitSeconds(HomePage.java:45)
at pages.HomePage.waitSeconds(HomePage.java:45)
at pages.HomePage.waitSeconds(HomePage.java:45)
at pages.HomePage.waitSeconds(HomePage.java:45)
at pages.HomePage.waitSeconds(HomePage.java:45)
at pages.HomePage.waitSeconds(HomePage.java:45)
at pages.HomePage.waitSeconds(HomePage.java:45)
at pages.HomePage.waitSeconds(HomePage.java:45)
at pages.HomePage.waitSeconds(HomePage.java:45)
at pages.HomePage.waitSeconds(HomePage.java:45)
at pages.HomePage.waitSeconds(HomePage.java:45)
at pages.HomePage.waitSeconds(HomePage.java:45)
at pages.HomePage.waitSeconds(HomePage.java:45)
at pages.HomePage.waitSeconds(HomePage.java:45)
at pages.HomePage.waitSeconds(HomePage.java:45)
at pages.HomePage.waitSeconds(HomePage.java:45)
at pages.HomePage.waitSeconds(HomePage.java:45)
at pages.HomePage.waitSeconds(HomePage.java:45)
at pages.HomePage.waitSeconds(HomePage.java:45)
at pages.HomePage.waitSeconds(HomePage.java:45)
at pages.HomePage.waitSeconds(HomePage.java:45)
at pages.HomePage.waitSeconds(HomePage.java:45)
at pages.HomePage.waitSeconds(HomePage.java:45)
at pages.HomePage.waitSeconds(HomePage.java:45)
at pages.HomePage.waitSeconds(HomePage.java:45)
at pages.HomePage.waitSeconds(HomePage.java:45)
at pages.HomePage.waitSeconds(HomePage.java:45)
at pages.HomePage.waitSeconds(HomePage.java:45)
at pages.HomePage.waitSeconds(HomePage.java:45)
at pages.HomePage.waitSeconds(HomePage.java:45)
at pages.HomePage.waitSeconds(HomePage.java:45)
at pages.HomePage.waitSeconds(HomePage.java:45)
at pages.HomePage.waitSeconds(HomePage.java:45)
at pages.HomePage.waitSeconds(HomePage.java:45)
at pages.HomePage.waitSeconds(HomePage.java:45)
at pages.HomePage.waitSeconds(HomePage.java:45)
at pages.HomePage.waitSeconds(HomePage.java:45)
at pages.HomePage.waitSeconds(HomePage.java:45)
at pages.HomePage.waitSeconds(HomePage.java:45)
at pages.HomePage.waitSeconds(HomePage.java:45)
at pages.HomePage.waitSeconds(HomePage.java:45)
at pages.HomePage.waitSeconds(HomePage.java:45)
at pages.HomePage.waitSeconds(HomePage.java:45)
at pages.HomePage.waitSeconds(HomePage.java:45)
at pages.HomePage.waitSeconds(HomePage.java:45)
at pages.HomePage.waitSeconds(HomePage.java:45)
at pages.HomePage.waitSeconds(HomePage.java:45)
at pages.HomePage.waitSeconds(HomePage.java:45)
at pages.HomePage.waitSeconds(HomePage.java:45)
at pages.HomePage.waitSeconds(HomePage.java:45)
at pages.HomePage.waitSeconds(HomePage.java:45)
at pages.HomePage.waitSeconds(HomePage.java:45)
at pages.HomePage.waitSeconds(HomePage.java:45)
at pages.HomePage.waitSeconds(HomePage.java:45)
at pages.HomePage.waitSeconds(HomePage.java:45)
at pages.HomePage.waitSeconds(HomePage.java:45)
at pages.HomePage.waitSeconds(HomePage.java:45)
at pages.HomePage.waitSeconds(HomePage.java:45)
at pages.HomePage.waitSeconds(HomePage.java:45)
at pages.HomePage.waitSeconds(HomePage.java:45)
at pages.HomePage.waitSeconds(HomePage.java:45)
at pages.HomePage.waitSeconds(HomePage.java:45)
at pages.HomePage.waitSeconds(HomePage.java:45)
at pages.HomePage.waitSeconds(HomePage.java:45)
at pages.HomePage.waitSeconds(HomePage.java:45)
at pages.HomePage.waitSeconds(HomePage.java:45)
at pages.HomePage.waitSeconds(HomePage.java:45)
at pages.HomePage.waitSeconds(HomePage.java:45)
at pages.HomePage.waitSeconds(HomePage.java:45)
at pages.HomePage.waitSeconds(HomePage.java:45)
at pages.HomePage.waitSeconds(HomePage.java:45)
at pages.HomePage.waitSeconds(HomePage.java:45)
at pages.HomePage.waitSeconds(HomePage.java:45)
at pages.HomePage.waitSeconds(HomePage.java:45)
at pages.HomePage.waitSeconds(HomePage.java:45)
at pages.HomePage.waitSeconds(HomePage.java:45)
at pages.HomePage.waitSeconds(HomePage.java:45)
at pages.HomePage.waitSeconds(HomePage.java:45)
at pages.HomePage.waitSeconds(HomePage.java:45)
at pages.HomePage.waitSeconds(HomePage.java:45)
at pages.HomePage.waitSeconds(HomePage.java:45)
at pages.HomePage.waitSeconds(HomePage.java:45)
at pages.HomePage.waitSeconds(HomePage.java:45)
at pages.HomePage.waitSeconds(HomePage.java:45)
at pages.HomePage.waitSeconds(HomePage.java:45)
at pages.HomePage.waitSeconds(HomePage.java:45)
at pages.HomePage.waitSeconds(HomePage.java:45)
at pages.HomePage.waitSeconds(HomePage.java:45)
at pages.HomePage.waitSeconds(HomePage.java:45)
at pages.HomePage.waitSeconds(HomePage.java:45)
at pages.HomePage.waitSeconds(HomePage.java:45)
at pages.HomePage.waitSeconds(HomePage.java:45)
at pages.HomePage.waitSeconds(HomePage.java:45)
at pages.HomePage.waitSeconds(HomePage.java:45)
at pages.HomePage.waitSeconds(HomePage.java:45)
at pages.HomePage.waitSeconds(HomePage.java:45)
at pages.HomePage.waitSeconds(HomePage.java:45)
at pages.HomePage.waitSeconds(HomePage.java:45)
at pages.HomePage.waitSeconds(HomePage.java:45)
at pages.HomePage.waitSeconds(HomePage.java:45)
at pages.HomePage.waitSeconds(HomePage.java:45)
at pages.HomePage.waitSeconds(HomePage.java:45)
at pages.HomePage.waitSeconds(HomePage.java:45)
at pages.HomePage.waitSeconds(HomePage.java:45)
at pages.HomePage.waitSeconds(HomePage.java:45)
at pages.HomePage.waitSeconds(HomePage.java:45)
at pages.HomePage.waitSeconds(HomePage.java:45)
at pages.HomePage.waitSeconds(HomePage.java:45)
at pages.HomePage.waitSeconds(HomePage.java:45)
at pages.HomePage.waitSeconds(HomePage.java:45)
at pages.HomePage.waitSeconds(HomePage.java:45)
at pages.HomePage.waitSeconds(HomePage.java:45)
at pages.HomePage.waitSeconds(HomePage.java:45)
at pages.HomePage.waitSeconds(HomePage.java:45)
at pages.HomePage.waitSeconds(HomePage.java:45)
at pages.HomePage.waitSeconds(HomePage.java:45)
at pages.HomePage.waitSeconds(HomePage.java:45)
at pages.HomePage.waitSeconds(HomePage.java:45)
at pages.HomePage.waitSeconds(HomePage.java:45)
at pages.HomePage.waitSeconds(HomePage.java:45)
at pages.HomePage.waitSeconds(HomePage.java:45)
at pages.HomePage.waitSeconds(HomePage.java:45)
at pages.HomePage.waitSeconds(HomePage.java:45)
at pages.HomePage.waitSeconds(HomePage.java:45)
at pages.HomePage.waitSeconds(HomePage.java:45)
at pages.HomePage.waitSeconds(HomePage.java:45)
at pages.HomePage.waitSeconds(HomePage.java:45)
at pages.HomePage.waitSeconds(HomePage.java:45)
at pages.HomePage.waitSeconds(HomePage.java:45)
at pages.HomePage.waitSeconds(HomePage.java:45)
at pages.HomePage.waitSeconds(HomePage.java:45)
at pages.HomePage.waitSeconds(HomePage.java:45)
at pages.HomePage.waitSeconds(HomePage.java:45)
at pages.HomePage.waitSeconds(HomePage.java:45)
at pages.HomePage.waitSeconds(HomePage.java:45)
at pages.HomePage.waitSeconds(HomePage.java:45)
at pages.HomePage.waitSeconds(HomePage.java:45)
at pages.HomePage.waitSeconds(HomePage.java:45)
at pages.HomePage.waitSeconds(HomePage.java:45)
at pages.HomePage.waitSeconds(HomePage.java:45)
at pages.HomePage.waitSeconds(HomePage.java:45)
at pages.HomePage.waitSeconds(HomePage.java:45)
at pages.HomePage.waitSeconds(HomePage.java:45)
at pages.HomePage.waitSeconds(HomePage.java:45)
at pages.HomePage.waitSeconds(HomePage.java:45)
at pages.HomePage.waitSeconds(HomePage.java:45)
at pages.HomePage.waitSeconds(HomePage.java:45)
at pages.HomePage.waitSeconds(HomePage.java:45)
at pages.HomePage.waitSeconds(HomePage.java:45)
at pages.HomePage.waitSeconds(HomePage.java:45)
at pages.HomePage.waitSeconds(HomePage.java:45)
at pages.HomePage.waitSeconds(HomePage.java:45)
at pages.HomePage.waitSeconds(HomePage.java:45)
at pages.HomePage.waitSeconds(HomePage.java:45)
at pages.HomePage.waitSeconds(HomePage.java:45)
at pages.HomePage.waitSeconds(HomePage.java:45)
at pages.HomePage.waitSeconds(HomePage.java:45)
at pages.HomePage.waitSeconds(HomePage.java:45)
at pages.HomePage.waitSeconds(HomePage.java:45)
at pages.HomePage.waitSeconds(HomePage.java:45)
at pages.HomePage.waitSeconds(HomePage.java:45)
at pages.HomePage.waitSeconds(HomePage.java:45)
at pages.HomePage.waitSeconds(HomePage.java:45)
at pages.HomePage.waitSeconds(HomePage.java:45)
at pages.HomePage.waitSeconds(HomePage.java:45)
at pages.HomePage.waitSeconds(HomePage.java:45)
at pages.HomePage.waitSeconds(HomePage.java:45)
at pages.HomePage.waitSeconds(HomePage.java:45)
at pages.HomePage.waitSeconds(HomePage.java:45)
at pages.HomePage.waitSeconds(HomePage.java:45)
at pages.HomePage.waitSeconds(HomePage.java:45)
at pages.HomePage.waitSeconds(HomePage.java:45)
at pages.HomePage.waitSeconds(HomePage.java:45)
at pages.HomePage.waitSeconds(HomePage.java:45)
at pages.HomePage.waitSeconds(HomePage.java:45)
at pages.HomePage.waitSeconds(HomePage.java:45)
at pages.HomePage.waitSeconds(HomePage.java:45)
at pages.HomePage.waitSeconds(HomePage.java:45)
at pages.HomePage.waitSeconds(HomePage.java:45)
at pages.HomePage.waitSeconds(HomePage.java:45)
at pages.HomePage.waitSeconds(HomePage.java:45)
at pages.HomePage.waitSeconds(HomePage.java:45)
at pages.HomePage.waitSeconds(HomePage.java:45)
at pages.HomePage.waitSeconds(HomePage.java:45)
at pages.HomePage.waitSeconds(HomePage.java:45)
at pages.HomePage.waitSeconds(HomePage.java:45)
at pages.HomePage.waitSeconds(HomePage.java:45)
at pages.HomePage.waitSeconds(HomePage.java:45)
at pages.HomePage.waitSeconds(HomePage.java:45)
at pages.HomePage.waitSeconds(HomePage.java:45)
at pages.HomePage.waitSeconds(HomePage.java:45)
at pages.HomePage.waitSeconds(HomePage.java:45)
at pages.HomePage.waitSeconds(HomePage.java:45)
at pages.HomePage.waitSeconds(HomePage.java:45)
at pages.HomePage.waitSeconds(HomePage.java:45)
at pages.HomePage.waitSeconds(HomePage.java:45)
at pages.HomePage.waitSeconds(HomePage.java:45)
at pages.HomePage.waitSeconds(HomePage.java:45)
at pages.HomePage.waitSeconds(HomePage.java:45)
at pages.HomePage.waitSeconds(HomePage.java:45)
at pages.HomePage.waitSeconds(HomePage.java:45)
at pages.HomePage.waitSeconds(HomePage.java:45)
at pages.HomePage.waitSeconds(HomePage.java:45)
at pages.HomePage.waitSeconds(HomePage.java:45)
at pages.HomePage.waitSeconds(HomePage.java:45)
at pages.HomePage.waitSeconds(HomePage.java:45)
at pages.HomePage.waitSeconds(HomePage.java:45)
at pages.HomePage.waitSeconds(HomePage.java:45)
at pages.HomePage.waitSeconds(HomePage.java:45)
at pages.HomePage.waitSeconds(HomePage.java:45)
at pages.HomePage.waitSeconds(HomePage.java:45)
at pages.HomePage.waitSeconds(HomePage.java:45)
at pages.HomePage.waitSeconds(HomePage.java:45)
at pages.HomePage.waitSeconds(HomePage.java:45)
at pages.HomePage.waitSeconds(HomePage.java:45)
at pages.HomePage.waitSeconds(HomePage.java:45)
at pages.HomePage.waitSeconds(HomePage.java:45)
at pages.HomePage.waitSeconds(HomePage.java:45)
at pages.HomePage.waitSeconds(HomePage.java:45)
at pages.HomePage.waitSeconds(HomePage.java:45)
at pages.HomePage.waitSeconds(HomePage.java:45)
at pages.HomePage.waitSeconds(HomePage.java:45)
at pages.HomePage.waitSeconds(HomePage.java:45)
at pages.HomePage.waitSeconds(HomePage.java:45)
at pages.HomePage.waitSeconds(HomePage.java:45)
at pages.HomePage.waitSeconds(HomePage.java:45)
at pages.HomePage.waitSeconds(HomePage.java:45)
at pages.HomePage.waitSeconds(HomePage.java:45)
at pages.HomePage.waitSeconds(HomePage.java:45)
at pages.HomePage.waitSeconds(HomePage.java:45)
at pages.HomePage.waitSeconds(HomePage.java:45)
at pages.HomePage.waitSeconds(HomePage.java:45)
at pages.HomePage.waitSeconds(HomePage.java:45)
at pages.HomePage.waitSeconds(HomePage.java:45)
at pages.HomePage.waitSeconds(HomePage.java:45)
at pages.HomePage.waitSeconds(HomePage.java:45)
at pages.HomePage.waitSeconds(HomePage.java:45)
at pages.HomePage.waitSeconds(HomePage.java:45)
at pages.HomePage.waitSeconds(HomePage.java:45)
at pages.HomePage.waitSeconds(HomePage.java:45)
at pages.HomePage.waitSeconds(HomePage.java:45)
at pages.HomePage.waitSeconds(HomePage.java:45)
at pages.HomePage.waitSeconds(HomePage.java:45)
at pages.HomePage.waitSeconds(HomePage.java:45)
at pages.HomePage.waitSeconds(HomePage.java:45)
at pages.HomePage.waitSeconds(HomePage.java:45)
at pages.HomePage.waitSeconds(HomePage.java:45)
at pages.HomePage.waitSeconds(HomePage.java:45)
at pages.HomePage.waitSeconds(HomePage.java:45)
at pages.HomePage.waitSeconds(HomePage.java:45)
at pages.HomePage.waitSeconds(HomePage.java:45)
at pages.HomePage.waitSeconds(HomePage.java:45)
at pages.HomePage.waitSeconds(HomePage.java:45)
at pages.HomePage.waitSeconds(HomePage.java:45)
at pages.HomePage.waitSeconds(HomePage.java:45)
at pages.HomePage.waitSeconds(HomePage.java:45)
at pages.HomePage.waitSeconds(HomePage.java:45)
at pages.HomePage.waitSeconds(HomePage.java:45)
at pages.HomePage.waitSeconds(HomePage.java:45)
at pages.HomePage.waitSeconds(HomePage.java:45)
at pages.HomePage.waitSeconds(HomePage.java:45)
at pages.HomePage.waitSeconds(HomePage.java:45)
at pages.HomePage.waitSeconds(HomePage.java:45)
at pages.HomePage.waitSeconds(HomePage.java:45)
at pages.HomePage.waitSeconds(HomePage.java:45)
at pages.HomePage.waitSeconds(HomePage.java:45)
at pages.HomePage.waitSeconds(HomePage.java:45)
at pages.HomePage.waitSeconds(HomePage.java:45)
at pages.HomePage.waitSeconds(HomePage.java:45)
at pages.HomePage.waitSeconds(HomePage.java:45)
at pages.HomePage.waitSeconds(HomePage.java:45)
at pages.HomePage.waitSeconds(HomePage.java:45)
at pages.HomePage.waitSeconds(HomePage.java:45)
at pages.HomePage.waitSeconds(HomePage.java:45)
at pages.HomePage.waitSeconds(HomePage.java:45)
at pages.HomePage.waitSeconds(HomePage.java:45)
at pages.HomePage.waitSeconds(HomePage.java:45)
at pages.HomePage.waitSeconds(HomePage.java:45)
at pages.HomePage.waitSeconds(HomePage.java:45)
at pages.HomePage.waitSeconds(HomePage.java:45)
at pages.HomePage.waitSeconds(HomePage.java:45)
at pages.HomePage.waitSeconds(HomePage.java:45)
at pages.HomePage.waitSeconds(HomePage.java:45)
at pages.HomePage.waitSeconds(HomePage.java:45)
at pages.HomePage.waitSeconds(HomePage.java:45)
at pages.HomePage.waitSeconds(HomePage.java:45)
at pages.HomePage.waitSeconds(HomePage.java:45)
at pages.HomePage.waitSeconds(HomePage.java:45)
at pages.HomePage.waitSeconds(HomePage.java:45)
at pages.HomePage.waitSeconds(HomePage.java:45)
at pages.HomePage.waitSeconds(HomePage.java:45)
at pages.HomePage.waitSeconds(HomePage.java:45)
at pages.HomePage.waitSeconds(HomePage.java:45)
at pages.HomePage.waitSeconds(HomePage.java:45)
at pages.HomePage.waitSeconds(HomePage.java:45)
at pages.HomePage.waitSeconds(HomePage.java:45)
at pages.HomePage.waitSeconds(HomePage.java:45)
at pages.HomePage.waitSeconds(HomePage.java:45)
at pages.HomePage.waitSeconds(HomePage.java:45)
at pages.HomePage.waitSeconds(HomePage.java:45)
at pages.HomePage.waitSeconds(HomePage.java:45)
at pages.HomePage.waitSeconds(HomePage.java:45)
at pages.HomePage.waitSeconds(HomePage.java:45)
at pages.HomePage.waitSeconds(HomePage.java:45)
at pages.HomePage.waitSeconds(HomePage.java:45)
at pages.HomePage.waitSeconds(HomePage.java:45)
at pages.HomePage.waitSeconds(HomePage.java:45)
at pages.HomePage.waitSeconds(HomePage.java:45)
at pages.HomePage.waitSeconds(HomePage.java:45)
at pages.HomePage.waitSeconds(HomePage.java:45)
at pages.HomePage.waitSeconds(HomePage.java:45)
at pages.HomePage.waitSeconds(HomePage.java:45)
at pages.HomePage.waitSeconds(HomePage.java:45)
at pages.HomePage.waitSeconds(HomePage.java:45)
at pages.HomePage.waitSeconds(HomePage.java:45)
at pages.HomePage.waitSeconds(HomePage.java:45)
at pages.HomePage.waitSeconds(HomePage.java:45)
at pages.HomePage.waitSeconds(HomePage.java:45)
at pages.HomePage.waitSeconds(HomePage.java:45)
at pages.HomePage.waitSeconds(HomePage.java:45)
at pages.HomePage.waitSeconds(HomePage.java:45)
at pages.HomePage.waitSeconds(HomePage.java:45)
at pages.HomePage.waitSeconds(HomePage.java:45)
at pages.HomePage.waitSeconds(HomePage.java:45)
at pages.HomePage.waitSeconds(HomePage.java:45)
at pages.HomePage.waitSeconds(HomePage.java:45)
at pages.HomePage.waitSeconds(HomePage.java:45)
at pages.HomePage.waitSeconds(HomePage.java:45)
at pages.HomePage.waitSeconds(HomePage.java:45)
at pages.HomePage.waitSeconds(HomePage.java:45)
at pages.HomePage.waitSeconds(HomePage.java:45)
at pages.HomePage.waitSeconds(HomePage.java:45)
at pages.HomePage.waitSeconds(HomePage.java:45)
at pages.HomePage.waitSeconds(HomePage.java:45)
at pages.HomePage.waitSeconds(HomePage.java:45)
at pages.HomePage.waitSeconds(HomePage.java:45)
at pages.HomePage.waitSeconds(HomePage.java:45)
at pages.HomePage.waitSeconds(HomePage.java:45)
at pages.HomePage.waitSeconds(HomePage.java:45)
at pages.HomePage.waitSeconds(HomePage.java:45)
at pages.HomePage.waitSeconds(HomePage.java:45)
at pages.HomePage.waitSeconds(HomePage.java:45)
at pages.HomePage.waitSeconds(HomePage.java:45)
at pages.HomePage.waitSeconds(HomePage.java:45)
at pages.HomePage.waitSeconds(HomePage.java:45)
at pages.HomePage.waitSeconds(HomePage.java:45)
at pages.HomePage.waitSeconds(HomePage.java:45)
at pages.HomePage.waitSeconds(HomePage.java:45)
at pages.HomePage.waitSeconds(HomePage.java:45)
at pages.HomePage.waitSeconds(HomePage.java:45)
at pages.HomePage.waitSeconds(HomePage.java:45)
at pages.HomePage.waitSeconds(HomePage.java:45)
at pages.HomePage.waitSeconds(HomePage.java:45)
at pages.HomePage.waitSeconds(HomePage.java:45)
at pages.HomePage.waitSeconds(HomePage.java:45)
at pages.HomePage.waitSeconds(HomePage.java:45)
at pages.HomePage.waitSeconds(HomePage.java:45)
at pages.HomePage.waitSeconds(HomePage.java:45)
at pages.HomePage.waitSeconds(HomePage.java:45)
at pages.HomePage.waitSeconds(HomePage.java:45)
at pages.HomePage.waitSeconds(HomePage.java:45)
at pages.HomePage.waitSeconds(HomePage.java:45)
at pages.HomePage.waitSeconds(HomePage.java:45)
at pages.HomePage.waitSeconds(HomePage.java:45)
at pages.HomePage.waitSeconds(HomePage.java:45)
at pages.HomePage.waitSeconds(HomePage.java:45)
at pages.HomePage.waitSeconds(HomePage.java:45)
at pages.HomePage.waitSeconds(HomePage.java:45)
at pages.HomePage.waitSeconds(HomePage.java:45)
at pages.HomePage.waitSeconds(HomePage.java:45)
at pages.HomePage.waitSeconds(HomePage.java:45)
at pages.HomePage.waitSeconds(HomePage.java:45)
at pages.HomePage.waitSeconds(HomePage.java:45)
at pages.HomePage.waitSeconds(HomePage.java:45)
at pages.HomePage.waitSeconds(HomePage.java:45)
at pages.HomePage.waitSeconds(HomePage.java:45)
at pages.HomePage.waitSeconds(HomePage.java:45)
at pages.HomePage.waitSeconds(HomePage.java:45)
at pages.HomePage.waitSeconds(HomePage.java:45)
at pages.HomePage.waitSeconds(HomePage.java:45)
at pages.HomePage.waitSeconds(HomePage.java:45)
at pages.HomePage.waitSeconds(HomePage.java:45)
at pages.HomePage.waitSeconds(HomePage.java:45)
at pages.HomePage.waitSeconds(HomePage.java:45)
at pages.HomePage.waitSeconds(HomePage.java:45)
at pages.HomePage.waitSeconds(HomePage.java:45)
at pages.HomePage.waitSeconds(HomePage.java:45)
at pages.HomePage.waitSeconds(HomePage.java:45)
at pages.HomePage.waitSeconds(HomePage.java:45)
at pages.HomePage.waitSeconds(HomePage.java:45)
at pages.HomePage.waitSeconds(HomePage.java:45)
at pages.HomePage.waitSeconds(HomePage.java:45)
at pages.HomePage.waitSeconds(HomePage.java:45)
at pages.HomePage.waitSeconds(HomePage.java:45)
at pages.HomePage.waitSeconds(HomePage.java:45)
at pages.HomePage.waitSeconds(HomePage.java:45)
at pages.HomePage.waitSeconds(HomePage.java:45)
at pages.HomePage.waitSeconds(HomePage.java:45)
at pages.HomePage.waitSeconds(HomePage.java:45)
at pages.HomePage.waitSeconds(HomePage.java:45)
at pages.HomePage.waitSeconds(HomePage.java:45)
at pages.HomePage.waitSeconds(HomePage.java:45)
at pages.HomePage.waitSeconds(HomePage.java:45)
at pages.HomePage.waitSeconds(HomePage.java:45)
at pages.HomePage.waitSeconds(HomePage.java:45)
at pages.HomePage.waitSeconds(HomePage.java:45)
at pages.HomePage.waitSeconds(HomePage.java:45)
at pages.HomePage.waitSeconds(HomePage.java:45)
at pages.HomePage.waitSeconds(HomePage.java:45)
at pages.HomePage.waitSeconds(HomePage.java:45)
at pages.HomePage.waitSeconds(HomePage.java:45)
at pages.HomePage.waitSeconds(HomePage.java:45)
at pages.HomePage.waitSeconds(HomePage.java:45)
at pages.HomePage.waitSeconds(HomePage.java:45)
at pages.HomePage.waitSeconds(HomePage.java:45)
at pages.HomePage.waitSeconds(HomePage.java:45)
at pages.HomePage.waitSeconds(HomePage.java:45)
at pages.HomePage.waitSeconds(HomePage.java:45)
at pages.HomePage.waitSeconds(HomePage.java:45)
at pages.HomePage.waitSeconds(HomePage.java:45)
at pages.HomePage.waitSeconds(HomePage.java:45)
at pages.HomePage.waitSeconds(HomePage.java:45)
at pages.HomePage.waitSeconds(HomePage.java:45)
at pages.HomePage.waitSeconds(HomePage.java:45)
at pages.HomePage.waitSeconds(HomePage.java:45)
at pages.HomePage.waitSeconds(HomePage.java:45)
at pages.HomePage.waitSeconds(HomePage.java:45)
at pages.HomePage.waitSeconds(HomePage.java:45)
at pages.HomePage.waitSeconds(HomePage.java:45)
at pages.HomePage.waitSeconds(HomePage.java:45)
at pages.HomePage.waitSeconds(HomePage.java:45)
at pages.HomePage.waitSeconds(HomePage.java:45)
at pages.HomePage.waitSeconds(HomePage.java:45)
at pages.HomePage.waitSeconds(HomePage.java:45)
at pages.HomePage.waitSeconds(HomePage.java:45)
at pages.HomePage.waitSeconds(HomePage.java:45)
at pages.HomePage.waitSeconds(HomePage.java:45)
at pages.HomePage.waitSeconds(HomePage.java:45)
at pages.HomePage.waitSeconds(HomePage.java:45)
at pages.HomePage.waitSeconds(HomePage.java:45)
at pages.HomePage.waitSeconds(HomePage.java:45)
at pages.HomePage.waitSeconds(HomePage.java:45)
at pages.HomePage.waitSeconds(HomePage.java:45)
at pages.HomePage.waitSeconds(HomePage.java:45)
at pages.HomePage.waitSeconds(HomePage.java:45)
at pages.HomePage.waitSeconds(HomePage.java:45)
at pages.HomePage.waitSeconds(HomePage.java:45)
at pages.HomePage.waitSeconds(HomePage.java:45)
at pages.HomePage.waitSeconds(HomePage.java:45)
at pages.HomePage.waitSeconds(HomePage.java:45)
at pages.HomePage.waitSeconds(HomePage.java:45)
at pages.HomePage.waitSeconds(HomePage.java:45)
at pages.HomePage.waitSeconds(HomePage.java:45)
at pages.HomePage.waitSeconds(HomePage.java:45)
at pages.HomePage.waitSeconds(HomePage.java:45)
at pages.HomePage.waitSeconds(HomePage.java:45)
at pages.HomePage.waitSeconds(HomePage.java:45)
at pages.HomePage.waitSeconds(HomePage.java:45)
at pages.HomePage.waitSeconds(HomePage.java:45)
at pages.HomePage.waitSeconds(HomePage.java:45)
at pages.HomePage.waitSeconds(HomePage.java:45)
at pages.HomePage.waitSeconds(HomePage.java:45)
at pages.HomePage.waitSeconds(HomePage.java:45)
at pages.HomePage.waitSeconds(HomePage.java:45)
at pages.HomePage.waitSeconds(HomePage.java:45)
at pages.HomePage.waitSeconds(HomePage.java:45)
at pages.HomePage.waitSeconds(HomePage.java:45)
at pages.HomePage.waitSeconds(HomePage.java:45)
at pages.HomePage.waitSeconds(HomePage.java:45)
at pages.HomePage.waitSeconds(HomePage.java:45)
at pages.HomePage.waitSeconds(HomePage.java:45)
at pages.HomePage.waitSeconds(HomePage.java:45)
at pages.HomePage.waitSeconds(HomePage.java:45)
at pages.HomePage.waitSeconds(HomePage.java:45)
at pages.HomePage.waitSeconds(HomePage.java:45)
at pages.HomePage.waitSeconds(HomePage.java:45)
at pages.HomePage.waitSeconds(HomePage.java:45)
at pages.HomePage.waitSeconds(HomePage.java:45)
at pages.HomePage.waitSeconds(HomePage.java:45)
at pages.HomePage.waitSeconds(HomePage.java:45)
at pages.HomePage.waitSeconds(HomePage.java:45)
at pages.HomePage.waitSeconds(HomePage.java:45)
at pages.HomePage.waitSeconds(HomePage.java:45)
at pages.HomePage.waitSeconds(HomePage.java:45)
at pages.HomePage.waitSeconds(HomePage.java:45)
at pages.HomePage.waitSeconds(HomePage.java:45)
at pages.HomePage.waitSeconds(HomePage.java:45)
at pages.HomePage.waitSeconds(HomePage.java:45)
at pages.HomePage.waitSeconds(HomePage.java:45)
at pages.HomePage.waitSeconds(HomePage.java:45)
at pages.HomePage.waitSeconds(HomePage.java:45)
at pages.HomePage.waitSeconds(HomePage.java:45)
at pages.HomePage.waitSeconds(HomePage.java:45)
at pages.HomePage.waitSeconds(HomePage.java:45)
at pages.HomePage.waitSeconds(HomePage.java:45)
at pages.HomePage.waitSeconds(HomePage.java:45)
at pages.HomePage.waitSeconds(HomePage.java:45)
at pages.HomePage.waitSeconds(HomePage.java:45)
at pages.HomePage.waitSeconds(HomePage.java:45)
at pages.HomePage.waitSeconds(HomePage.java:45)
at pages.HomePage.waitSeconds(HomePage.java:45)
at pages.HomePage.waitSeconds(HomePage.java:45)
at pages.HomePage.waitSeconds(HomePage.java:45)
at pages.HomePage.waitSeconds(HomePage.java:45)
at pages.HomePage.waitSeconds(HomePage.java:45)
at pages.HomePage.waitSeconds(HomePage.java:45)
at pages.HomePage.waitSeconds(HomePage.java:45)
at pages.HomePage.waitSeconds(HomePage.java:45)
at pages.HomePage.waitSeconds(HomePage.java:45)
at pages.HomePage.waitSeconds(HomePage.java:45)
at pages.HomePage.waitSeconds(HomePage.java:45)
at pages.HomePage.waitSeconds(HomePage.java:45)
at pages.HomePage.waitSeconds(HomePage.java:45)
at pages.HomePage.waitSeconds(HomePage.java:45)
at pages.HomePage.waitSeconds(HomePage.java:45)
at pages.HomePage.waitSeconds(HomePage.java:45)
at pages.HomePage.waitSeconds(HomePage.java:45)
at pages.HomePage.waitSeconds(HomePage.java:45)
at pages.HomePage.waitSeconds(HomePage.java:45)
at pages.HomePage.waitSeconds(HomePage.java:45)
at pages.HomePage.waitSeconds(HomePage.java:45)
at pages.HomePage.waitSeconds(HomePage.java:45)
at pages.HomePage.waitSeconds(HomePage.java:45)
at pages.HomePage.waitSeconds(HomePage.java:45)
at pages.HomePage.waitSeconds(HomePage.java:45)
at pages.HomePage.waitSeconds(HomePage.java:45)
at pages.HomePage.waitSeconds(HomePage.java:45)
at pages.HomePage.waitSeconds(HomePage.java:45)
at pages.HomePage.waitSeconds(HomePage.java:45)
at pages.HomePage.waitSeconds(HomePage.java:45)
at pages.HomePage.waitSeconds(HomePage.java:45)
at pages.HomePage.waitSeconds(HomePage.java:45)
at pages.HomePage.waitSeconds(HomePage.java:45)
at pages.HomePage.waitSeconds(HomePage.java:45)
at pages.HomePage.waitSeconds(HomePage.java:45)
at pages.HomePage.waitSeconds(HomePage.java:45)
at pages.HomePage.waitSeconds(HomePage.java:45)
at pages.HomePage.waitSeconds(HomePage.java:45)
at pages.HomePage.waitSeconds(HomePage.java:45)
at pages.HomePage.waitSeconds(HomePage.java:45)
at pages.HomePage.waitSeconds(HomePage.java:45)
at pages.HomePage.waitSeconds(HomePage.java:45)
at pages.HomePage.waitSeconds(HomePage.java:45)
at pages.HomePage.waitSeconds(HomePage.java:45)
at pages.HomePage.waitSeconds(HomePage.java:45)
at pages.HomePage.waitSeconds(HomePage.java:45)
at pages.HomePage.waitSeconds(HomePage.java:45)
at pages.HomePage.waitSeconds(HomePage.java:45)
at pages.HomePage.waitSeconds(HomePage.java:45)
at pages.HomePage.waitSeconds(HomePage.java:45)
at pages.HomePage.waitSeconds(HomePage.java:45)
at pages.HomePage.waitSeconds(HomePage.java:45)
at pages.HomePage.waitSeconds(HomePage.java:45)
at pages.HomePage.waitSeconds(HomePage.java:45)
at pages.HomePage.waitSeconds(HomePage.java:45)
at pages.HomePage.waitSeconds(HomePage.java:45)
at pages.HomePage.waitSeconds(HomePage.java:45)
at pages.HomePage.waitSeconds(HomePage.java:45)
at pages.HomePage.waitSeconds(HomePage.java:45)
at pages.HomePage.waitSeconds(HomePage.java:45)
at pages.HomePage.waitSeconds(HomePage.java:45)
at pages.HomePage.waitSeconds(HomePage.java:45)
at pages.HomePage.waitSeconds(HomePage.java:45)
at pages.HomePage.waitSeconds(HomePage.java:45)
at pages.HomePage.waitSeconds(HomePage.java:45)
at pages.HomePage.waitSeconds(HomePage.java:45)
at pages.HomePage.waitSeconds(HomePage.java:45)
at pages.HomePage.waitSeconds(HomePage.java:45)
at pages.HomePage.waitSeconds(HomePage.java:45)
at pages.HomePage.waitSeconds(HomePage.java:45)
at pages.HomePage.waitSeconds(HomePage.java:45)
at pages.HomePage.waitSeconds(HomePage.java:45)
at pages.HomePage.waitSeconds(HomePage.java:45)
at pages.HomePage.waitSeconds(HomePage.java:45)
at pages.HomePage.waitSeconds(HomePage.java:45)
at pages.HomePage.waitSeconds(HomePage.java:45)
at pages.HomePage.waitSeconds(HomePage.java:45)
at pages.HomePage.waitSeconds(HomePage.java:45)
at pages.HomePage.waitSeconds(HomePage.java:45)
at pages.HomePage.waitSeconds(HomePage.java:45)
at pages.HomePage.waitSeconds(HomePage.java:45)
at pages.HomePage.waitSeconds(HomePage.java:45)
at pages.HomePage.waitSeconds(HomePage.java:45)
at pages.HomePage.waitSeconds(HomePage.java:45)
at pages.HomePage.waitSeconds(HomePage.java:45)
at pages.HomePage.waitSeconds(HomePage.java:45)
at pages.HomePage.waitSeconds(HomePage.java:45)
at pages.HomePage.waitSeconds(HomePage.java:45)
at pages.HomePage.waitSeconds(HomePage.java:45)
at pages.HomePage.waitSeconds(HomePage.java:45)
at pages.HomePage.waitSeconds(HomePage.java:45)
at pages.HomePage.waitSeconds(HomePage.java:45)
at pages.HomePage.waitSeconds(HomePage.java:45)
at pages.HomePage.waitSeconds(HomePage.java:45)
at pages.HomePage.waitSeconds(HomePage.java:45)
at pages.HomePage.waitSeconds(HomePage.java:45)
at pages.HomePage.waitSeconds(HomePage.java:45)
at pages.HomePage.waitSeconds(HomePage.java:45)
at pages.HomePage.waitSeconds(HomePage.java:45)
at pages.HomePage.waitSeconds(HomePage.java:45)
at pages.HomePage.waitSeconds(HomePage.java:45)
at pages.HomePage.waitSeconds(HomePage.java:45)
at pages.HomePage.waitSeconds(HomePage.java:45)
at pages.HomePage.waitSeconds(HomePage.java:45)
at pages.HomePage.waitSeconds(HomePage.java:45)
at pages.HomePage.waitSeconds(HomePage.java:45)
at pages.HomePage.waitSeconds(HomePage.java:45)
at pages.HomePage.waitSeconds(HomePage.java:45)
at pages.HomePage.waitSeconds(HomePage.java:45)
at pages.HomePage.waitSeconds(HomePage.java:45)
at pages.HomePage.waitSeconds(HomePage.java:45)
at pages.HomePage.waitSeconds(HomePage.java:45)
at pages.HomePage.waitSeconds(HomePage.java:45)
at pages.HomePage.waitSeconds(HomePage.java:45)
at pages.HomePage.waitSeconds(HomePage.java:45)
at pages.HomePage.waitSeconds(HomePage.java:45)
at pages.HomePage.waitSeconds(HomePage.java:45)
at pages.HomePage.waitSeconds(HomePage.java:45)
at pages.HomePage.waitSeconds(HomePage.java:45)
at pages.HomePage.waitSeconds(HomePage.java:45)
at pages.HomePage.waitSeconds(HomePage.java:45)
at pages.HomePage.waitSeconds(HomePage.java:45)
at pages.HomePage.waitSeconds(HomePage.java:45)
at pages.HomePage.waitSeconds(HomePage.java:45)
at pages.HomePage.waitSeconds(HomePage.java:45)
at pages.HomePage.waitSeconds(HomePage.java:45)
at pages.HomePage.waitSeconds(HomePage.java:45)
at pages.HomePage.waitSeconds(HomePage.java:45)
at pages.HomePage.waitSeconds(HomePage.java:45)
at pages.HomePage.waitSeconds(HomePage.java:45)
at pages.HomePage.waitSeconds(HomePage.java:45)
at pages.HomePage.waitSeconds(HomePage.java:45)
at pages.HomePage.waitSeconds(HomePage.java:45)
at pages.HomePage.waitSeconds(HomePage.java:45)
at pages.HomePage.waitSeconds(HomePage.java:45)
at pages.HomePage.waitSeconds(HomePage.java:45)
at pages.HomePage.waitSeconds(HomePage.java:45)
at pages.HomePage.waitSeconds(HomePage.java:45)
at pages.HomePage.waitSeconds(HomePage.java:45)
at pages.HomePage.waitSeconds(HomePage.java:45)
at pages.HomePage.waitSeconds(HomePage.java:45)
at pages.HomePage.waitSeconds(HomePage.java:45)
at pages.HomePage.waitSeconds(HomePage.java:45)
at pages.HomePage.waitSeconds(HomePage.java:45)
at pages.HomePage.waitSeconds(HomePage.java:45)
at pages.HomePage.waitSeconds(HomePage.java:45)
at pages.HomePage.waitSeconds(HomePage.java:45)
at pages.HomePage.waitSeconds(HomePage.java:45)
at pages.HomePage.waitSeconds(HomePage.java:45)
at pages.HomePage.waitSeconds(HomePage.java:45)
at pages.HomePage.waitSeconds(HomePage.java:45)
at pages.HomePage.waitSeconds(HomePage.java:45)
at pages.HomePage.waitSeconds(HomePage.java:45)
at pages.HomePage.waitSeconds(HomePage.java:45)
at pages.HomePage.waitSeconds(HomePage.java:45)
at pages.HomePage.waitSeconds(HomePage.java:45)
at pages.HomePage.waitSeconds(HomePage.java:45)
at pages.HomePage.waitSeconds(HomePage.java:45)
at pages.HomePage.waitSeconds(HomePage.java:45)
at pages.HomePage.waitSeconds(HomePage.java:45)
at pages.HomePage.waitSeconds(HomePage.java:45)
at pages.HomePage.waitSeconds(HomePage.java:45)
at pages.HomePage.waitSeconds(HomePage.java:45)
at pages.HomePage.waitSeconds(HomePage.java:45)
at pages.HomePage.waitSeconds(HomePage.java:45)
at pages.HomePage.waitSeconds(HomePage.java:45)
at pages.HomePage.waitSeconds(HomePage.java:45)
at pages.HomePage.waitSeconds(HomePage.java:45)
at pages.HomePage.waitSeconds(HomePage.java:45)
at pages.HomePage.waitSeconds(HomePage.java:45)
at pages.HomePage.waitSeconds(HomePage.java:45)
at pages.HomePage.waitSeconds(HomePage.java:45)
at pages.HomePage.waitSeconds(HomePage.java:45)
at pages.HomePage.waitSeconds(HomePage.java:45)
at pages.HomePage.waitSeconds(HomePage.java:45)
at pages.HomePage.waitSeconds(HomePage.java:45)
at pages.HomePage.waitSeconds(HomePage.java:45)
at pages.HomePage.waitSeconds(HomePage.java:45)
at pages.HomePage.waitSeconds(HomePage.java:45)
at pages.HomePage.waitSeconds(HomePage.java:45)
at pages.HomePage.waitSeconds(HomePage.java:45)
at pages.HomePage.waitSeconds(HomePage.java:45)
at pages.HomePage.waitSeconds(HomePage.java:45)
at pages.HomePage.waitSeconds(HomePage.java:45)
at pages.HomePage.waitSeconds(HomePage.java:45)
at pages.HomePage.waitSeconds(HomePage.java:45)
at pages.HomePage.waitSeconds(HomePage.java:45)
at pages.HomePage.waitSeconds(HomePage.java:45)
at pages.HomePage.waitSeconds(HomePage.java:45)
at pages.HomePage.waitSeconds(HomePage.java:45)
at pages.HomePage.waitSeconds(HomePage.java:45)
at pages.HomePage.waitSeconds(HomePage.java:45)
at pages.HomePage.waitSeconds(HomePage.java:45)
at pages.HomePage.waitSeconds(HomePage.java:45)
at pages.HomePage.waitSeconds(HomePage.java:45)
at pages.HomePage.waitSeconds(HomePage.java:45)
at pages.HomePage.waitSeconds(HomePage.java:45)
at pages.HomePage.waitSeconds(HomePage.java:45)
at pages.HomePage.waitSeconds(HomePage.java:45)
at pages.HomePage.waitSeconds(HomePage.java:45)
at pages.HomePage.waitSeconds(HomePage.java:45)
at pages.HomePage.waitSeconds(HomePage.java:45)
at pages.HomePage.waitSeconds(HomePage.java:45)
at pages.HomePage.waitSeconds(HomePage.java:45)
at pages.HomePage.waitSeconds(HomePage.java:45)
at pages.HomePage.waitSeconds(HomePage.java:45)
at pages.HomePage.waitSeconds(HomePage.java:45)
at pages.HomePage.waitSeconds(HomePage.java:45)
at pages.HomePage.waitSeconds(HomePage.java:45)
at pages.HomePage.waitSeconds(HomePage.java:45)
at pages.HomePage.waitSeconds(HomePage.java:45)
at pages.HomePage.waitSeconds(HomePage.java:45)
at pages.HomePage.waitSeconds(HomePage.java:45)
at pages.HomePage.waitSeconds(HomePage.java:45)
at pages.HomePage.waitSeconds(HomePage.java:45)
at pages.HomePage.waitSeconds(HomePage.java:45)
at pages.HomePage.waitSeconds(HomePage.java:45)
at pages.HomePage.waitSeconds(HomePage.java:45)
at pages.HomePage.waitSeconds(HomePage.java:45)
at pages.HomePage.waitSeconds(HomePage.java:45)
at pages.HomePage.waitSeconds(HomePage.java:45)
at pages.HomePage.waitSeconds(HomePage.java:45)
at pages.HomePage.waitSeconds(HomePage.java:45)
at pages.HomePage.waitSeconds(HomePage.java:45)
at pages.HomePage.waitSeconds(HomePage.java:45)
at pages.HomePage.waitSeconds(HomePage.java:45)
at pages.HomePage.waitSeconds(HomePage.java:45)
at pages.HomePage.waitSeconds(HomePage.java:45)
at pages.HomePage.waitSeconds(HomePage.java:45)
at pages.HomePage.waitSeconds(HomePage.java:45)
at pages.HomePage.waitSeconds(HomePage.java:45)
at pages.HomePage.waitSeconds(HomePage.java:45)
at pages.HomePage.waitSeconds(HomePage.java:45)
at pages.HomePage.waitSeconds(HomePage.java:45)
at pages.HomePage.waitSeconds(HomePage.java:45)
at pages.HomePage.waitSeconds(HomePage.java:45)
at pages.HomePage.waitSeconds(HomePage.java:45)
at pages.HomePage.waitSeconds(HomePage.java:45)
at pages.HomePage.waitSeconds(HomePage.java:45)
at pages.HomePage.waitSeconds(HomePage.java:45)
at pages.HomePage.waitSeconds(HomePage.java:45)
at pages.HomePage.waitSeconds(HomePage.java:45)
at pages.HomePage.waitSeconds(HomePage.java:45)
at pages.HomePage.waitSeconds(HomePage.java:45)
at pages.HomePage.waitSeconds(HomePage.java:45)
at pages.HomePage.waitSeconds(HomePage.java:45)
at pages.HomePage.waitSeconds(HomePage.java:45)
at pages.HomePage.waitSeconds(HomePage.java:45)
at pages.HomePage.waitSeconds(HomePage.java:45)
at pages.HomePage.waitSeconds(HomePage.java:45)
at pages.HomePage.waitSeconds(HomePage.java:45)
at pages.HomePage.waitSeconds(HomePage.java:45)
at pages.HomePage.waitSeconds(HomePage.java:45)
at pages.HomePage.waitSeconds(HomePage.java:45)
at pages.HomePage.waitSeconds(HomePage.java:45)
at pages.HomePage.waitSeconds(HomePage.java:45)
at pages.HomePage.waitSeconds(HomePage.java:45)
at pages.HomePage.waitSeconds(HomePage.java:45)
at pages.HomePage.waitSeconds(HomePage.java:45)
at pages.HomePage.waitSeconds(HomePage.java:45)
at pages.HomePage.waitSeconds(HomePage.java:45)
at pages.HomePage.waitSeconds(HomePage.java:45)
at pages.HomePage.waitSeconds(HomePage.java:45)
at pages.HomePage.waitSeconds(HomePage.java:45)
at pages.HomePage.waitSeconds(HomePage.java:45)
at pages.HomePage.waitSeconds(HomePage.java:45)
at pages.HomePage.waitSeconds(HomePage.java:45)
at pages.HomePage.waitSeconds(HomePage.java:45)
at pages.HomePage.waitSeconds(HomePage.java:45)
at pages.HomePage.waitSeconds(HomePage.java:45)
at pages.HomePage.waitSeconds(HomePage.java:45)
at pages.HomePage.waitSeconds(HomePage.java:45)
at pages.HomePage.waitSeconds(HomePage.java:45)
at pages.HomePage.waitSeconds(HomePage.java:45)
at pages.HomePage.waitSeconds(HomePage.java:45)
at pages.HomePage.waitSeconds(HomePage.java:45)
at pages.HomePage.waitSeconds(HomePage.java:45)
at pages.HomePage.waitSeconds(HomePage.java:45)
at pages.HomePage.waitSeconds(HomePage.java:45)
at pages.HomePage.waitSeconds(HomePage.java:45)
at pages.HomePage.waitSeconds(HomePage.java:45)
at pages.HomePage.waitSeconds(HomePage.java:45)
at pages.HomePage.waitSeconds(HomePage.java:45)
at pages.HomePage.waitSeconds(HomePage.java:45)
at pages.HomePage.waitSeconds(HomePage.java:45)
at pages.HomePage.waitSeconds(HomePage.java:45)
at pages.HomePage.waitSeconds(HomePage.java:45)
at pages.HomePage.waitSeconds(HomePage.java:45)
at pages.HomePage.waitSeconds(HomePage.java:45)
at pages.HomePage.waitSeconds(HomePage.java:45)
at pages.HomePage.waitSeconds(HomePage.java:45)
at pages.HomePage.waitSeconds(HomePage.java:45)
at pages.HomePage.waitSeconds(HomePage.java:45)
at pages.HomePage.waitSeconds(HomePage.java:45)
at pages.HomePage.waitSeconds(HomePage.java:45)
at pages.HomePage.waitSeconds(HomePage.java:45)
at pages.HomePage.waitSeconds(HomePage.java:45)
at pages.HomePage.waitSeconds(HomePage.java:45)
at pages.HomePage.waitSeconds(HomePage.java:45)
at pages.HomePage.waitSeconds(HomePage.java:45)
at pages.HomePage.waitSeconds(HomePage.java:45)
at pages.HomePage.waitSeconds(HomePage.java:45)
at pages.HomePage.waitSeconds(HomePage.java:45)
at pages.HomePage.waitSeconds(HomePage.java:45)
at pages.HomePage.waitSeconds(HomePage.java:45)
at pages.HomePage.waitSeconds(HomePage.java:45)
at pages.HomePage.waitSeconds(HomePage.java:45)
at pages.HomePage.waitSeconds(HomePage.java:45)
at pages.HomePage.waitSeconds(HomePage.java:45)
at pages.HomePage.waitSeconds(HomePage.java:45)
at pages.HomePage.waitSeconds(HomePage.java:45)
at pages.HomePage.waitSeconds(HomePage.java:45)
]]>
            </full-stacktrace>
          </exception> <!-- java.lang.StackOverflowError -->
          <reporter-output>
          </reporter-output>
        </test-method> <!-- sortingCheck -->
        <test-method is-config="true" signature="tearDown(org.testng.ITestResult)[pri:0, instance:SortingCheckTest@221dad51]" started-at="2023-08-15T11:29:00 EEST" name="tearDown" finished-at="2023-08-15T11:29:01 EEST" duration-ms="668" status="PASS">
          <params>
            <param index="0">
              <value>
                <![CDATA[[TestResult name=sortingCheck status=FAILURE method=SortingCheckTest.sortingCheck()[pri:0, instance:SortingCheckTest@221dad51] output={null}]]]>
              </value>
            </param>
          </params>
          <reporter-output>
          </reporter-output>
        </test-method> <!-- tearDown -->
      </class> <!-- SortingCheckTest -->
      <class name="CheckLanguagesTest">
        <test-method is-config="true" signature="setUp()[pri:0, instance:CheckLanguagesTest@7c9bdee9]" started-at="2023-08-15T11:25:55 EEST" name="setUp" finished-at="2023-08-15T11:26:39 EEST" duration-ms="43929" status="PASS">
          <reporter-output>
          </reporter-output>
        </test-method> <!-- setUp -->
        <test-method signature="checkLanguages()[pri:0, instance:CheckLanguagesTest@7c9bdee9]" started-at="2023-08-15T11:26:39 EEST" name="checkLanguages" finished-at="2023-08-15T11:26:40 EEST" duration-ms="884" status="PASS">
          <reporter-output>
          </reporter-output>
        </test-method> <!-- checkLanguages -->
        <test-method is-config="true" signature="tearDown(org.testng.ITestResult)[pri:0, instance:CheckLanguagesTest@7c9bdee9]" started-at="2023-08-15T11:26:40 EEST" name="tearDown" finished-at="2023-08-15T11:26:41 EEST" duration-ms="278" status="PASS">
          <params>
            <param index="0">
              <value>
                <![CDATA[[TestResult name=checkLanguages status=SUCCESS method=CheckLanguagesTest.checkLanguages()[pri:0, instance:CheckLanguagesTest@7c9bdee9] output={null}]]]>
              </value>
            </param>
          </params>
          <reporter-output>
          </reporter-output>
        </test-method> <!-- tearDown -->
      </class> <!-- CheckLanguagesTest -->
      <class name="AddingToCartTest">
        <test-method is-config="true" signature="setUp()[pri:0, instance:AddingToCartTest@4c59e45e]" started-at="2023-08-15T11:25:05 EEST" name="setUp" finished-at="2023-08-15T11:25:53 EEST" duration-ms="48061" status="PASS">
          <reporter-output>
          </reporter-output>
        </test-method> <!-- setUp -->
        <test-method signature="addingToCart()[pri:0, instance:AddingToCartTest@4c59e45e]" started-at="2023-08-15T11:25:53 EEST" name="addingToCart" finished-at="2023-08-15T11:26:00 EEST" duration-ms="7287" status="PASS">
          <reporter-output>
          </reporter-output>
        </test-method> <!-- addingToCart -->
        <test-method is-config="true" signature="tearDown(org.testng.ITestResult)[pri:0, instance:AddingToCartTest@4c59e45e]" started-at="2023-08-15T11:26:00 EEST" name="tearDown" finished-at="2023-08-15T11:26:00 EEST" duration-ms="168" status="PASS">
          <params>
            <param index="0">
              <value>
                <![CDATA[[TestResult name=addingToCart status=SUCCESS method=AddingToCartTest.addingToCart()[pri:0, instance:AddingToCartTest@4c59e45e] output={null}]]]>
              </value>
            </param>
          </params>
          <reporter-output>
          </reporter-output>
        </test-method> <!-- tearDown -->
      </class> <!-- AddingToCartTest -->
      <class name="SubscribeWithInvalidEmailTest">
        <test-method is-config="true" signature="setUp()[pri:0, instance:SubscribeWithInvalidEmailTest@2cec704c]" started-at="2023-08-15T11:28:51 EEST" name="setUp" finished-at="2023-08-15T11:29:34 EEST" duration-ms="43785" status="PASS">
          <reporter-output>
          </reporter-output>
        </test-method> <!-- setUp -->
        <test-method signature="checkSubscribeWithInvalidEmail()[pri:0, instance:SubscribeWithInvalidEmailTest@2cec704c]" started-at="2023-08-15T11:29:34 EEST" name="checkSubscribeWithInvalidEmail" finished-at="2023-08-15T11:29:34 EEST" duration-ms="61" status="PASS">
          <reporter-output>
          </reporter-output>
        </test-method> <!-- checkSubscribeWithInvalidEmail -->
        <test-method is-config="true" signature="tearDown(org.testng.ITestResult)[pri:0, instance:SubscribeWithInvalidEmailTest@2cec704c]" started-at="2023-08-15T11:29:34 EEST" name="tearDown" finished-at="2023-08-15T11:29:34 EEST" duration-ms="121" status="PASS">
          <params>
            <param index="0">
              <value>
                <![CDATA[[TestResult name=checkSubscribeWithInvalidEmail status=SUCCESS method=SubscribeWithInvalidEmailTest.checkSubscribeWithInvalidEmail()[pri:0, instance:SubscribeWithInvalidEmailTest@2cec704c] output={null}]]]>
              </value>
            </param>
          </params>
          <reporter-output>
          </reporter-output>
        </test-method> <!-- tearDown -->
      </class> <!-- SubscribeWithInvalidEmailTest -->
      <class name="RegistrationWithValidDataTest">
        <test-method is-config="true" signature="setUp()[pri:0, instance:RegistrationWithValidDataTest@6b0615ae]" started-at="2023-08-15T11:27:26 EEST" name="setUp" finished-at="2023-08-15T11:28:10 EEST" duration-ms="43880" status="PASS">
          <reporter-output>
          </reporter-output>
        </test-method> <!-- setUp -->
        <test-method signature="registrationWithValidData()[pri:0, instance:RegistrationWithValidDataTest@6b0615ae]" started-at="2023-08-15T11:28:10 EEST" name="registrationWithValidData" finished-at="2023-08-15T11:28:14 EEST" duration-ms="4318" status="PASS">
          <reporter-output>
          </reporter-output>
        </test-method> <!-- registrationWithValidData -->
        <test-method is-config="true" signature="tearDown(org.testng.ITestResult)[pri:0, instance:RegistrationWithValidDataTest@6b0615ae]" started-at="2023-08-15T11:28:14 EEST" name="tearDown" finished-at="2023-08-15T11:28:15 EEST" duration-ms="121" status="PASS">
          <params>
            <param index="0">
              <value>
                <![CDATA[[TestResult name=registrationWithValidData status=SUCCESS method=RegistrationWithValidDataTest.registrationWithValidData()[pri:0, instance:RegistrationWithValidDataTest@6b0615ae] output={null}]]]>
              </value>
            </param>
          </params>
          <reporter-output>
          </reporter-output>
        </test-method> <!-- tearDown -->
      </class> <!-- RegistrationWithValidDataTest -->
      <class name="CheckPopularProductsTest">
        <test-method is-config="true" signature="setUp()[pri:0, instance:CheckPopularProductsTest@7afbf561]" started-at="2023-08-15T11:26:00 EEST" name="setUp" finished-at="2023-08-15T11:26:44 EEST" duration-ms="43977" status="PASS">
          <reporter-output>
          </reporter-output>
        </test-method> <!-- setUp -->
        <test-method signature="checkPopularProducts()[pri:0, instance:CheckPopularProductsTest@7afbf561]" started-at="2023-08-15T11:26:44 EEST" name="checkPopularProducts" finished-at="2023-08-15T11:26:45 EEST" duration-ms="753" status="PASS">
          <reporter-output>
          </reporter-output>
        </test-method> <!-- checkPopularProducts -->
        <test-method is-config="true" signature="tearDown(org.testng.ITestResult)[pri:0, instance:CheckPopularProductsTest@7afbf561]" started-at="2023-08-15T11:26:45 EEST" name="tearDown" finished-at="2023-08-15T11:26:45 EEST" duration-ms="114" status="PASS">
          <params>
            <param index="0">
              <value>
                <![CDATA[[TestResult name=checkPopularProducts status=SUCCESS method=CheckPopularProductsTest.checkPopularProducts()[pri:0, instance:CheckPopularProductsTest@7afbf561] output={null}]]]>
              </value>
            </param>
          </params>
          <reporter-output>
          </reporter-output>
        </test-method> <!-- tearDown -->
      </class> <!-- CheckPopularProductsTest -->
      <class name="CheckCategoriesTest">
        <test-method is-config="true" signature="setUp()[pri:0, instance:CheckCategoriesTest@4f453e63]" started-at="2023-08-15T11:25:05 EEST" name="setUp" finished-at="2023-08-15T11:25:53 EEST" duration-ms="48061" status="PASS">
          <reporter-output>
          </reporter-output>
        </test-method> <!-- setUp -->
        <test-method signature="checkCategories()[pri:0, instance:CheckCategoriesTest@4f453e63]" started-at="2023-08-15T11:25:53 EEST" name="checkCategories" finished-at="2023-08-15T11:25:55 EEST" duration-ms="2316" status="PASS">
          <reporter-output>
          </reporter-output>
        </test-method> <!-- checkCategories -->
        <test-method is-config="true" signature="tearDown(org.testng.ITestResult)[pri:0, instance:CheckCategoriesTest@4f453e63]" started-at="2023-08-15T11:25:55 EEST" name="tearDown" finished-at="2023-08-15T11:25:55 EEST" duration-ms="239" status="PASS">
          <params>
            <param index="0">
              <value>
                <![CDATA[[TestResult name=checkCategories status=SUCCESS method=CheckCategoriesTest.checkCategories()[pri:0, instance:CheckCategoriesTest@4f453e63] output={null}]]]>
              </value>
            </param>
          </params>
          <reporter-output>
          </reporter-output>
        </test-method> <!-- tearDown -->
      </class> <!-- CheckCategoriesTest -->
      <class name="CheckoutEndToEndTest">
        <test-method is-config="true" signature="setUp()[pri:0, instance:CheckoutEndToEndTest@4e73b552]" started-at="2023-08-15T11:27:31 EEST" name="setUp" finished-at="2023-08-15T11:28:15 EEST" duration-ms="43706" status="PASS">
          <reporter-output>
          </reporter-output>
        </test-method> <!-- setUp -->
        <test-method signature="checkoutEndToEnd()[pri:0, instance:CheckoutEndToEndTest@4e73b552]" started-at="2023-08-15T11:28:15 EEST" name="checkoutEndToEnd" finished-at="2023-08-15T11:28:50 EEST" duration-ms="35618" status="PASS">
          <reporter-output>
          </reporter-output>
        </test-method> <!-- checkoutEndToEnd -->
        <test-method is-config="true" signature="tearDown(org.testng.ITestResult)[pri:0, instance:CheckoutEndToEndTest@4e73b552]" started-at="2023-08-15T11:28:50 EEST" name="tearDown" finished-at="2023-08-15T11:28:51 EEST" duration-ms="213" status="PASS">
          <params>
            <param index="0">
              <value>
                <![CDATA[[TestResult name=checkoutEndToEnd status=SUCCESS method=CheckoutEndToEndTest.checkoutEndToEnd()[pri:0, instance:CheckoutEndToEndTest@4e73b552] output={null}]]]>
              </value>
            </param>
          </params>
          <reporter-output>
          </reporter-output>
        </test-method> <!-- tearDown -->
      </class> <!-- CheckoutEndToEndTest -->
      <class name="RegistrationWithInvalidDataTest">
        <test-method is-config="true" signature="setUp()[pri:0, instance:RegistrationWithInvalidDataTest@49c8f6e8]" started-at="2023-08-15T11:26:45 EEST" name="setUp" finished-at="2023-08-15T11:27:29 EEST" duration-ms="43729" status="PASS">
          <reporter-output>
          </reporter-output>
        </test-method> <!-- setUp -->
        <test-method signature="registrationWithValidData()[pri:0, instance:RegistrationWithInvalidDataTest@49c8f6e8]" started-at="2023-08-15T11:27:29 EEST" name="registrationWithValidData" finished-at="2023-08-15T11:27:31 EEST" duration-ms="1883" status="PASS">
          <reporter-output>
          </reporter-output>
        </test-method> <!-- registrationWithValidData -->
        <test-method is-config="true" signature="tearDown(org.testng.ITestResult)[pri:0, instance:RegistrationWithInvalidDataTest@49c8f6e8]" started-at="2023-08-15T11:27:31 EEST" name="tearDown" finished-at="2023-08-15T11:27:31 EEST" duration-ms="152" status="PASS">
          <params>
            <param index="0">
              <value>
                <![CDATA[[TestResult name=registrationWithValidData status=SUCCESS method=RegistrationWithInvalidDataTest.registrationWithValidData()[pri:0, instance:RegistrationWithInvalidDataTest@49c8f6e8] output={null}]]]>
              </value>
            </param>
          </params>
          <reporter-output>
          </reporter-output>
        </test-method> <!-- tearDown -->
      </class> <!-- RegistrationWithInvalidDataTest -->
    </test> <!-- Test 1 -->
  </suite> <!-- Run all tests -->
</testng-results>
