<?xml version="1.0" encoding="UTF-8"?>
<testng-results ignored="0" total="10" passed="7" failed="3" skipped="0">
  <reporter-output>
  </reporter-output>
  <suite started-at="2023-08-09T00:41:32 EEST" name="Run all tests" finished-at="2023-08-09T00:43:16 EEST" duration-ms="103627">
    <groups>
    </groups>
    <test started-at="2023-08-09T00:41:32 EEST" name="Test 1" finished-at="2023-08-09T00:43:16 EEST" duration-ms="103627">
      <class name="PriceDropCheckTest">
        <test-method is-config="true" signature="setUp()[pri:0, instance:PriceDropCheckTest@1aac188d]" started-at="2023-08-09T00:42:14 EEST" name="setUp" finished-at="2023-08-09T00:42:28 EEST" duration-ms="14216" status="PASS">
          <reporter-output>
          </reporter-output>
        </test-method> <!-- setUp -->
        <test-method signature="priceDropCheck()[pri:0, instance:PriceDropCheckTest@1aac188d]" started-at="2023-08-09T00:42:28 EEST" name="priceDropCheck" finished-at="2023-08-09T00:42:29 EEST" duration-ms="1225" status="PASS">
          <reporter-output>
          </reporter-output>
        </test-method> <!-- priceDropCheck -->
        <test-method is-config="true" signature="tearDown(org.testng.ITestResult)[pri:0, instance:PriceDropCheckTest@1aac188d]" started-at="2023-08-09T00:42:29 EEST" name="tearDown" finished-at="2023-08-09T00:42:29 EEST" duration-ms="234" status="PASS">
          <params>
            <param index="0">
              <value>
                <![CDATA[[TestResult name=priceDropCheck status=SUCCESS method=PriceDropCheckTest.priceDropCheck()[pri:0, instance:PriceDropCheckTest@1aac188d] output={null}]]]>
              </value>
            </param>
          </params>
          <reporter-output>
          </reporter-output>
        </test-method> <!-- tearDown -->
      </class> <!-- PriceDropCheckTest -->
      <class name="SortingCheckTest">
        <test-method is-config="true" signature="setUp()[pri:0, instance:SortingCheckTest@62a4417]" started-at="2023-08-09T00:42:39 EEST" name="setUp" finished-at="2023-08-09T00:42:45 EEST" duration-ms="6674" status="PASS">
          <reporter-output>
          </reporter-output>
        </test-method> <!-- setUp -->
        <test-method signature="sortingCheck()[pri:0, instance:SortingCheckTest@62a4417]" started-at="2023-08-09T00:42:45 EEST" name="sortingCheck" finished-at="2023-08-09T00:43:15 EEST" duration-ms="29799" status="FAIL">
          <exception class="org.assertj.core.api.SoftAssertionError">
            <message>
              <![CDATA[
The following assertion failed:
1) 
Expecting:
 <[AllProductsComponent{name='Hummingbird - Vector graphics', currentPrice='10.8', oldPrice='0.0'},
    AllProductsComponent{name='Brown bear - Vector graphics', currentPrice='10.8', oldPrice='0.0'},
    AllProductsComponent{name='Mountain fox - Vector graphics', currentPrice='10.8', oldPrice='0.0'},
    AllProductsComponent{name='Mug Today is a good day', currentPrice='14.28', oldPrice='0.0'},
    AllProductsComponent{name='Mug The adventure begins', currentPrice='14.28', oldPrice='0.0'},
    AllProductsComponent{name='Mug The best is yet to come', currentPrice='14.28', oldPrice='0.0'},
    AllProductsComponent{name='Hummingbird notebook', currentPrice='15.48', oldPrice='0.0'},
    AllProductsComponent{name='Brown bear notebook', currentPrice='15.48', oldPrice='0.0'},
    AllProductsComponent{name='Mountain fox notebook', currentPrice='15.48', oldPrice='0.0'},
    AllProductsComponent{name='Customizable mug', currentPrice='16.68', oldPrice='0.0'},
    AllProductsComponent{name='Hummingbird cushion', currentPrice='22.68', oldPrice='0.0'},
    AllProductsComponent{name='Brown bear cushion', currentPrice='22.68', oldPrice='0.0'},
    AllProductsComponent{name='Mountain fox cushion', currentPrice='22.68', oldPrice='0.0'},
    AllProductsComponent{name='Hummingbird printed t-shirt', currentPrice='22.94', oldPrice='28.68'},
    AllProductsComponent{name='Hummingbird printed sweater', currentPrice='34.46', oldPrice='43.08'},
    AllProductsComponent{name='Today is a good day Framed...', currentPrice='34.8', oldPrice='0.0'},
    AllProductsComponent{name='The adventure begins Framed...', currentPrice='34.8', oldPrice='0.0'},
    AllProductsComponent{name='The best is yet to come'...', currentPrice='34.8', oldPrice='0.0'},
    AllProductsComponent{name='Pack Mug + Framed poster', currentPrice='42.0', oldPrice='0.0'}]>
to be equal to:
 <[AllProductsComponent{name='Hummingbird - Vector graphics', currentPrice='10.8', oldPrice='0.0'},
    AllProductsComponent{name='Brown bear - Vector graphics', currentPrice='10.8', oldPrice='0.0'},
    AllProductsComponent{name='Mountain fox - Vector graphics', currentPrice='10.8', oldPrice='0.0'},
    AllProductsComponent{name='Mug Today is a good day', currentPrice='14.28', oldPrice='0.0'},
    AllProductsComponent{name='Mug The adventure begins', currentPrice='14.28', oldPrice='0.0'},
    AllProductsComponent{name='Mug The best is yet to come', currentPrice='14.28', oldPrice='0.0'},
    AllProductsComponent{name='Hummingbird notebook', currentPrice='15.48', oldPrice='0.0'},
    AllProductsComponent{name='Brown bear notebook', currentPrice='15.48', oldPrice='0.0'},
    AllProductsComponent{name='Mountain fox notebook', currentPrice='15.48', oldPrice='0.0'},
    AllProductsComponent{name='Customizable mug', currentPrice='16.68', oldPrice='0.0'},
    AllProductsComponent{name='Hummingbird cushion', currentPrice='22.68', oldPrice='0.0'},
    AllProductsComponent{name='Brown bear cushion', currentPrice='22.68', oldPrice='0.0'},
    AllProductsComponent{name='Mountain fox cushion', currentPrice='22.68', oldPrice='0.0'},
    AllProductsComponent{name='Hummingbird printed t-shirt', currentPrice='22.94', oldPrice='28.68'},
    AllProductsComponent{name='Today is a good day Framed...', currentPrice='34.8', oldPrice='0.0'},
    AllProductsComponent{name='The adventure begins Framed...', currentPrice='34.8', oldPrice='0.0'},
    AllProductsComponent{name='The best is yet to come'...', currentPrice='34.8', oldPrice='0.0'},
    AllProductsComponent{name='Pack Mug + Framed poster', currentPrice='42.0', oldPrice='0.0'},
    AllProductsComponent{name='Hummingbird printed sweater', currentPrice='34.46', oldPrice='43.08'}]>
but was not.
at SortingCheckTest.sortingCheck(SortingCheckTest.java:29)
]]>
            </message>
            <full-stacktrace>
              <![CDATA[org.assertj.core.api.SoftAssertionError: 
The following assertion failed:
1) 
Expecting:
 <[AllProductsComponent{name='Hummingbird - Vector graphics', currentPrice='10.8', oldPrice='0.0'},
    AllProductsComponent{name='Brown bear - Vector graphics', currentPrice='10.8', oldPrice='0.0'},
    AllProductsComponent{name='Mountain fox - Vector graphics', currentPrice='10.8', oldPrice='0.0'},
    AllProductsComponent{name='Mug Today is a good day', currentPrice='14.28', oldPrice='0.0'},
    AllProductsComponent{name='Mug The adventure begins', currentPrice='14.28', oldPrice='0.0'},
    AllProductsComponent{name='Mug The best is yet to come', currentPrice='14.28', oldPrice='0.0'},
    AllProductsComponent{name='Hummingbird notebook', currentPrice='15.48', oldPrice='0.0'},
    AllProductsComponent{name='Brown bear notebook', currentPrice='15.48', oldPrice='0.0'},
    AllProductsComponent{name='Mountain fox notebook', currentPrice='15.48', oldPrice='0.0'},
    AllProductsComponent{name='Customizable mug', currentPrice='16.68', oldPrice='0.0'},
    AllProductsComponent{name='Hummingbird cushion', currentPrice='22.68', oldPrice='0.0'},
    AllProductsComponent{name='Brown bear cushion', currentPrice='22.68', oldPrice='0.0'},
    AllProductsComponent{name='Mountain fox cushion', currentPrice='22.68', oldPrice='0.0'},
    AllProductsComponent{name='Hummingbird printed t-shirt', currentPrice='22.94', oldPrice='28.68'},
    AllProductsComponent{name='Hummingbird printed sweater', currentPrice='34.46', oldPrice='43.08'},
    AllProductsComponent{name='Today is a good day Framed...', currentPrice='34.8', oldPrice='0.0'},
    AllProductsComponent{name='The adventure begins Framed...', currentPrice='34.8', oldPrice='0.0'},
    AllProductsComponent{name='The best is yet to come'...', currentPrice='34.8', oldPrice='0.0'},
    AllProductsComponent{name='Pack Mug + Framed poster', currentPrice='42.0', oldPrice='0.0'}]>
to be equal to:
 <[AllProductsComponent{name='Hummingbird - Vector graphics', currentPrice='10.8', oldPrice='0.0'},
    AllProductsComponent{name='Brown bear - Vector graphics', currentPrice='10.8', oldPrice='0.0'},
    AllProductsComponent{name='Mountain fox - Vector graphics', currentPrice='10.8', oldPrice='0.0'},
    AllProductsComponent{name='Mug Today is a good day', currentPrice='14.28', oldPrice='0.0'},
    AllProductsComponent{name='Mug The adventure begins', currentPrice='14.28', oldPrice='0.0'},
    AllProductsComponent{name='Mug The best is yet to come', currentPrice='14.28', oldPrice='0.0'},
    AllProductsComponent{name='Hummingbird notebook', currentPrice='15.48', oldPrice='0.0'},
    AllProductsComponent{name='Brown bear notebook', currentPrice='15.48', oldPrice='0.0'},
    AllProductsComponent{name='Mountain fox notebook', currentPrice='15.48', oldPrice='0.0'},
    AllProductsComponent{name='Customizable mug', currentPrice='16.68', oldPrice='0.0'},
    AllProductsComponent{name='Hummingbird cushion', currentPrice='22.68', oldPrice='0.0'},
    AllProductsComponent{name='Brown bear cushion', currentPrice='22.68', oldPrice='0.0'},
    AllProductsComponent{name='Mountain fox cushion', currentPrice='22.68', oldPrice='0.0'},
    AllProductsComponent{name='Hummingbird printed t-shirt', currentPrice='22.94', oldPrice='28.68'},
    AllProductsComponent{name='Today is a good day Framed...', currentPrice='34.8', oldPrice='0.0'},
    AllProductsComponent{name='The adventure begins Framed...', currentPrice='34.8', oldPrice='0.0'},
    AllProductsComponent{name='The best is yet to come'...', currentPrice='34.8', oldPrice='0.0'},
    AllProductsComponent{name='Pack Mug + Framed poster', currentPrice='42.0', oldPrice='0.0'},
    AllProductsComponent{name='Hummingbird printed sweater', currentPrice='34.46', oldPrice='43.08'}]>
but was not.
at SortingCheckTest.sortingCheck(SortingCheckTest.java:29)

at org.assertj.core.error.AssertionErrorCreator.multipleSoftAssertionsError(AssertionErrorCreator.java:75)
at org.assertj.core.api.AbstractSoftAssertions.assertAll(AbstractSoftAssertions.java:38)
at org.assertj.core.api.AbstractSoftAssertions.assertAll(AbstractSoftAssertions.java:43)
at SortingCheckTest.sortingCheck(SortingCheckTest.java:37)
at java.base/jdk.internal.reflect.NativeMethodAccessorImpl.invoke0(Native Method)
at java.base/jdk.internal.reflect.NativeMethodAccessorImpl.invoke(NativeMethodAccessorImpl.java:77)
at java.base/jdk.internal.reflect.DelegatingMethodAccessorImpl.invoke(DelegatingMethodAccessorImpl.java:43)
at java.base/java.lang.reflect.Method.invoke(Method.java:568)
at org.testng.internal.invokers.MethodInvocationHelper.invokeMethod(MethodInvocationHelper.java:139)
at org.testng.internal.invokers.TestInvoker.invokeMethod(TestInvoker.java:677)
at org.testng.internal.invokers.TestInvoker.invokeTestMethod(TestInvoker.java:221)
at org.testng.internal.invokers.MethodRunner.runInSequence(MethodRunner.java:50)
at org.testng.internal.invokers.TestInvoker$MethodInvocationAgent.invoke(TestInvoker.java:969)
at org.testng.internal.invokers.TestInvoker.invokeTestMethods(TestInvoker.java:194)
at org.testng.internal.invokers.TestMethodWorker.invokeTestMethods(TestMethodWorker.java:148)
at org.testng.internal.invokers.TestMethodWorker.run(TestMethodWorker.java:128)
at java.base/java.util.concurrent.ThreadPoolExecutor.runWorker(ThreadPoolExecutor.java:1136)
at java.base/java.util.concurrent.ThreadPoolExecutor$Worker.run(ThreadPoolExecutor.java:635)
at java.base/java.lang.Thread.run(Thread.java:833)
]]>
            </full-stacktrace>
          </exception> <!-- org.assertj.core.api.SoftAssertionError -->
          <reporter-output>
          </reporter-output>
        </test-method> <!-- sortingCheck -->
        <test-method is-config="true" signature="tearDown(org.testng.ITestResult)[pri:0, instance:SortingCheckTest@62a4417]" started-at="2023-08-09T00:43:15 EEST" name="tearDown" finished-at="2023-08-09T00:43:16 EEST" duration-ms="460" status="PASS">
          <params>
            <param index="0">
              <value>
                <![CDATA[[TestResult name=sortingCheck status=FAILURE method=SortingCheckTest.sortingCheck()[pri:0, instance:SortingCheckTest@62a4417] output={null}]]]>
              </value>
            </param>
          </params>
          <reporter-output>
          </reporter-output>
        </test-method> <!-- tearDown -->
      </class> <!-- SortingCheckTest -->
      <class name="CheckLanguagesTest">
        <test-method is-config="true" signature="setUp()[pri:0, instance:CheckLanguagesTest@5a00eb1e]" started-at="2023-08-09T00:41:32 EEST" name="setUp" finished-at="2023-08-09T00:42:11 EEST" duration-ms="38838" status="PASS">
          <reporter-output>
          </reporter-output>
        </test-method> <!-- setUp -->
        <test-method signature="checkLanguages()[pri:0, instance:CheckLanguagesTest@5a00eb1e]" started-at="2023-08-09T00:42:11 EEST" name="checkLanguages" finished-at="2023-08-09T00:42:13 EEST" duration-ms="2276" status="PASS">
          <reporter-output>
          </reporter-output>
        </test-method> <!-- checkLanguages -->
        <test-method is-config="true" signature="tearDown(org.testng.ITestResult)[pri:0, instance:CheckLanguagesTest@5a00eb1e]" started-at="2023-08-09T00:42:13 EEST" name="tearDown" finished-at="2023-08-09T00:42:14 EEST" duration-ms="535" status="PASS">
          <params>
            <param index="0">
              <value>
                <![CDATA[[TestResult name=checkLanguages status=SUCCESS method=CheckLanguagesTest.checkLanguages()[pri:0, instance:CheckLanguagesTest@5a00eb1e] output={null}]]]>
              </value>
            </param>
          </params>
          <reporter-output>
          </reporter-output>
        </test-method> <!-- tearDown -->
      </class> <!-- CheckLanguagesTest -->
      <class name="AddingToCartTest">
        <test-method is-config="true" signature="setUp()[pri:0, instance:AddingToCartTest@1816e24a]" started-at="2023-08-09T00:41:32 EEST" name="setUp" finished-at="2023-08-09T00:42:09 EEST" duration-ms="36662" status="PASS">
          <reporter-output>
          </reporter-output>
        </test-method> <!-- setUp -->
        <test-method signature="addingToCart()[pri:0, instance:AddingToCartTest@1816e24a]" started-at="2023-08-09T00:42:09 EEST" name="addingToCart" finished-at="2023-08-09T00:42:18 EEST" duration-ms="9125" status="FAIL">
          <exception class="org.assertj.core.api.SoftAssertionError">
            <message>
              <![CDATA[
The following 2 assertions failed:
1) [not as expected] 
Expecting:
 <"Quantity: 1">
to be equal to:
 <"Quantity: 5">
but was not.
at AddingToCartTest.addingToCart(AddingToCartTest.java:25)
2) [not as expected] 
Expecting:
 <15.48>
to be equal to:
 <77.4>
but was not.
at AddingToCartTest.addingToCart(AddingToCartTest.java:29)
]]>
            </message>
            <full-stacktrace>
              <![CDATA[org.assertj.core.api.SoftAssertionError: 
The following 2 assertions failed:
1) [not as expected] 
Expecting:
 <"Quantity: 1">
to be equal to:
 <"Quantity: 5">
but was not.
at AddingToCartTest.addingToCart(AddingToCartTest.java:25)
2) [not as expected] 
Expecting:
 <15.48>
to be equal to:
 <77.4>
but was not.
at AddingToCartTest.addingToCart(AddingToCartTest.java:29)

at org.assertj.core.error.AssertionErrorCreator.multipleSoftAssertionsError(AssertionErrorCreator.java:75)
at org.assertj.core.api.AbstractSoftAssertions.assertAll(AbstractSoftAssertions.java:38)
at org.assertj.core.api.AbstractSoftAssertions.assertAll(AbstractSoftAssertions.java:43)
at AddingToCartTest.addingToCart(AddingToCartTest.java:30)
at java.base/jdk.internal.reflect.NativeMethodAccessorImpl.invoke0(Native Method)
at java.base/jdk.internal.reflect.NativeMethodAccessorImpl.invoke(NativeMethodAccessorImpl.java:77)
at java.base/jdk.internal.reflect.DelegatingMethodAccessorImpl.invoke(DelegatingMethodAccessorImpl.java:43)
at java.base/java.lang.reflect.Method.invoke(Method.java:568)
at org.testng.internal.invokers.MethodInvocationHelper.invokeMethod(MethodInvocationHelper.java:139)
at org.testng.internal.invokers.TestInvoker.invokeMethod(TestInvoker.java:677)
at org.testng.internal.invokers.TestInvoker.invokeTestMethod(TestInvoker.java:221)
at org.testng.internal.invokers.MethodRunner.runInSequence(MethodRunner.java:50)
at org.testng.internal.invokers.TestInvoker$MethodInvocationAgent.invoke(TestInvoker.java:969)
at org.testng.internal.invokers.TestInvoker.invokeTestMethods(TestInvoker.java:194)
at org.testng.internal.invokers.TestMethodWorker.invokeTestMethods(TestMethodWorker.java:148)
at org.testng.internal.invokers.TestMethodWorker.run(TestMethodWorker.java:128)
at java.base/java.util.concurrent.ThreadPoolExecutor.runWorker(ThreadPoolExecutor.java:1136)
at java.base/java.util.concurrent.ThreadPoolExecutor$Worker.run(ThreadPoolExecutor.java:635)
at java.base/java.lang.Thread.run(Thread.java:833)
]]>
            </full-stacktrace>
          </exception> <!-- org.assertj.core.api.SoftAssertionError -->
          <reporter-output>
          </reporter-output>
        </test-method> <!-- addingToCart -->
        <test-method is-config="true" signature="tearDown(org.testng.ITestResult)[pri:0, instance:AddingToCartTest@1816e24a]" started-at="2023-08-09T00:42:18 EEST" name="tearDown" finished-at="2023-08-09T00:42:23 EEST" duration-ms="5230" status="PASS">
          <params>
            <param index="0">
              <value>
                <![CDATA[[TestResult name=addingToCart status=FAILURE method=AddingToCartTest.addingToCart()[pri:0, instance:AddingToCartTest@1816e24a] output={null}]]]>
              </value>
            </param>
          </params>
          <reporter-output>
          </reporter-output>
        </test-method> <!-- tearDown -->
      </class> <!-- AddingToCartTest -->
      <class name="SubscribeWithInvalidEmailTest">
        <test-method is-config="true" signature="setUp()[pri:0, instance:SubscribeWithInvalidEmailTest@43f61afb]" started-at="2023-08-09T00:42:42 EEST" name="setUp" finished-at="2023-08-09T00:42:50 EEST" duration-ms="8683" status="PASS">
          <reporter-output>
          </reporter-output>
        </test-method> <!-- setUp -->
        <test-method signature="checkSubscribeWithInvalidEmail()[pri:0, instance:SubscribeWithInvalidEmailTest@43f61afb]" started-at="2023-08-09T00:42:50 EEST" name="checkSubscribeWithInvalidEmail" finished-at="2023-08-09T00:42:50 EEST" duration-ms="101" status="PASS">
          <reporter-output>
          </reporter-output>
        </test-method> <!-- checkSubscribeWithInvalidEmail -->
        <test-method is-config="true" signature="tearDown(org.testng.ITestResult)[pri:0, instance:SubscribeWithInvalidEmailTest@43f61afb]" started-at="2023-08-09T00:42:50 EEST" name="tearDown" finished-at="2023-08-09T00:42:51 EEST" duration-ms="305" status="PASS">
          <params>
            <param index="0">
              <value>
                <![CDATA[[TestResult name=checkSubscribeWithInvalidEmail status=SUCCESS method=SubscribeWithInvalidEmailTest.checkSubscribeWithInvalidEmail()[pri:0, instance:SubscribeWithInvalidEmailTest@43f61afb] output={null}]]]>
              </value>
            </param>
          </params>
          <reporter-output>
          </reporter-output>
        </test-method> <!-- tearDown -->
      </class> <!-- SubscribeWithInvalidEmailTest -->
      <class name="RegistrationWithValidDataTest">
        <test-method is-config="true" signature="setUp()[pri:0, instance:RegistrationWithValidDataTest@2d23faef]" started-at="2023-08-09T00:42:25 EEST" name="setUp" finished-at="2023-08-09T00:42:38 EEST" duration-ms="12407" status="PASS">
          <reporter-output>
          </reporter-output>
        </test-method> <!-- setUp -->
        <test-method signature="registrationWithValidData()[pri:0, instance:RegistrationWithValidDataTest@2d23faef]" started-at="2023-08-09T00:42:38 EEST" name="registrationWithValidData" finished-at="2023-08-09T00:42:41 EEST" duration-ms="3543" status="PASS">
          <reporter-output>
          </reporter-output>
        </test-method> <!-- registrationWithValidData -->
        <test-method is-config="true" signature="tearDown(org.testng.ITestResult)[pri:0, instance:RegistrationWithValidDataTest@2d23faef]" started-at="2023-08-09T00:42:41 EEST" name="tearDown" finished-at="2023-08-09T00:42:42 EEST" duration-ms="565" status="PASS">
          <params>
            <param index="0">
              <value>
                <![CDATA[[TestResult name=registrationWithValidData status=SUCCESS method=RegistrationWithValidDataTest.registrationWithValidData()[pri:0, instance:RegistrationWithValidDataTest@2d23faef] output={null}]]]>
              </value>
            </param>
          </params>
          <reporter-output>
          </reporter-output>
        </test-method> <!-- tearDown -->
      </class> <!-- RegistrationWithValidDataTest -->
      <class name="CheckPopularProductsTest">
        <test-method is-config="true" signature="setUp()[pri:0, instance:CheckPopularProductsTest@36fcf6c0]" started-at="2023-08-09T00:42:14 EEST" name="setUp" finished-at="2023-08-09T00:42:23 EEST" duration-ms="9584" status="PASS">
          <reporter-output>
          </reporter-output>
        </test-method> <!-- setUp -->
        <test-method signature="checkPopularProducts()[pri:0, instance:CheckPopularProductsTest@36fcf6c0]" started-at="2023-08-09T00:42:23 EEST" name="checkPopularProducts" finished-at="2023-08-09T00:42:25 EEST" duration-ms="1573" status="PASS">
          <reporter-output>
          </reporter-output>
        </test-method> <!-- checkPopularProducts -->
        <test-method is-config="true" signature="tearDown(org.testng.ITestResult)[pri:0, instance:CheckPopularProductsTest@36fcf6c0]" started-at="2023-08-09T00:42:25 EEST" name="tearDown" finished-at="2023-08-09T00:42:25 EEST" duration-ms="389" status="PASS">
          <params>
            <param index="0">
              <value>
                <![CDATA[[TestResult name=checkPopularProducts status=SUCCESS method=CheckPopularProductsTest.checkPopularProducts()[pri:0, instance:CheckPopularProductsTest@36fcf6c0] output={null}]]]>
              </value>
            </param>
          </params>
          <reporter-output>
          </reporter-output>
        </test-method> <!-- tearDown -->
      </class> <!-- CheckPopularProductsTest -->
      <class name="CheckCategoriesTest">
        <test-method is-config="true" signature="setUp()[pri:0, instance:CheckCategoriesTest@56078cea]" started-at="2023-08-09T00:41:32 EEST" name="setUp" finished-at="2023-08-09T00:42:10 EEST" duration-ms="37735" status="PASS">
          <reporter-output>
          </reporter-output>
        </test-method> <!-- setUp -->
        <test-method signature="checkCategories()[pri:0, instance:CheckCategoriesTest@56078cea]" started-at="2023-08-09T00:42:10 EEST" name="checkCategories" finished-at="2023-08-09T00:42:13 EEST" duration-ms="3520" status="PASS">
          <reporter-output>
          </reporter-output>
        </test-method> <!-- checkCategories -->
        <test-method is-config="true" signature="tearDown(org.testng.ITestResult)[pri:0, instance:CheckCategoriesTest@56078cea]" started-at="2023-08-09T00:42:13 EEST" name="tearDown" finished-at="2023-08-09T00:42:14 EEST" duration-ms="397" status="PASS">
          <params>
            <param index="0">
              <value>
                <![CDATA[[TestResult name=checkCategories status=SUCCESS method=CheckCategoriesTest.checkCategories()[pri:0, instance:CheckCategoriesTest@56078cea] output={null}]]]>
              </value>
            </param>
          </params>
          <reporter-output>
          </reporter-output>
        </test-method> <!-- tearDown -->
      </class> <!-- CheckCategoriesTest -->
      <class name="CheckoutEndToEndTest">
        <test-method is-config="true" signature="setUp()[pri:0, instance:CheckoutEndToEndTest@7cb8437d]" started-at="2023-08-09T00:42:29 EEST" name="setUp" finished-at="2023-08-09T00:42:42 EEST" duration-ms="12495" status="PASS">
          <reporter-output>
          </reporter-output>
        </test-method> <!-- setUp -->
        <test-method signature="checkoutEndToEnd()[pri:0, instance:CheckoutEndToEndTest@7cb8437d]" started-at="2023-08-09T00:42:42 EEST" name="checkoutEndToEnd" finished-at="2023-08-09T00:43:12 EEST" duration-ms="29805" status="FAIL">
          <exception class="org.openqa.selenium.NoSuchElementException">
            <message>
              <![CDATA[no such element: Unable to locate element: {"method":"xpath","selector":"//input[@id='payment-option-3']"}
  (Session info: MicrosoftEdge=115.0.1901.188)
For documentation on this error, please visit: https://www.selenium.dev/documentation/webdriver/troubleshooting/errors#no-such-element-exception
Build info: version: '4.10.0', revision: 'c14d967899'
System info: os.name: 'Windows 11', os.arch: 'amd64', os.version: '10.0', java.version: '17.0.7'
Driver info: org.openqa.selenium.edge.EdgeDriver
Command: [eae2d6e0531da0fb70744ba49ca2e784, findElement {using=xpath, value=//input[@id='payment-option-3']}]
Capabilities {acceptInsecureCerts: false, browserName: msedge, browserVersion: 115.0.1901.188, ms:edgeOptions: {debuggerAddress: localhost:51559}, msedge: {msedgedriverVersion: 115.0.1901.200 (64b0164e9f6..., userDataDir: C:\Users\Aguka\AppData\Loca...}, networkConnectionEnabled: false, pageLoadStrategy: normal, platformName: windows, proxy: Proxy(), se:cdp: ws://localhost:51559/devtoo..., se:cdpVersion: 115.0.1901.188, setWindowRect: true, strictFileInteractability: false, timeouts: {implicit: 0, pageLoad: 300000, script: 30000}, unhandledPromptBehavior: dismiss and notify, webauthn:extension:credBlob: true, webauthn:extension:largeBlob: true, webauthn:extension:minPinLength: true, webauthn:extension:prf: true, webauthn:virtualAuthenticators: true}
Session ID: eae2d6e0531da0fb70744ba49ca2e784]]>
            </message>
            <full-stacktrace>
              <![CDATA[org.openqa.selenium.NoSuchElementException: no such element: Unable to locate element: {"method":"xpath","selector":"//input[@id='payment-option-3']"}
  (Session info: MicrosoftEdge=115.0.1901.188)
For documentation on this error, please visit: https://www.selenium.dev/documentation/webdriver/troubleshooting/errors#no-such-element-exception
Build info: version: '4.10.0', revision: 'c14d967899'
System info: os.name: 'Windows 11', os.arch: 'amd64', os.version: '10.0', java.version: '17.0.7'
Driver info: org.openqa.selenium.edge.EdgeDriver
Command: [eae2d6e0531da0fb70744ba49ca2e784, findElement {using=xpath, value=//input[@id='payment-option-3']}]
Capabilities {acceptInsecureCerts: false, browserName: msedge, browserVersion: 115.0.1901.188, ms:edgeOptions: {debuggerAddress: localhost:51559}, msedge: {msedgedriverVersion: 115.0.1901.200 (64b0164e9f6..., userDataDir: C:\Users\Aguka\AppData\Loca...}, networkConnectionEnabled: false, pageLoadStrategy: normal, platformName: windows, proxy: Proxy(), se:cdp: ws://localhost:51559/devtoo..., se:cdpVersion: 115.0.1901.188, setWindowRect: true, strictFileInteractability: false, timeouts: {implicit: 0, pageLoad: 300000, script: 30000}, unhandledPromptBehavior: dismiss and notify, webauthn:extension:credBlob: true, webauthn:extension:largeBlob: true, webauthn:extension:minPinLength: true, webauthn:extension:prf: true, webauthn:virtualAuthenticators: true}
Session ID: eae2d6e0531da0fb70744ba49ca2e784
at jdk.internal.reflect.GeneratedConstructorAccessor21.newInstance(Unknown Source)
at java.base/jdk.internal.reflect.DelegatingConstructorAccessorImpl.newInstance(DelegatingConstructorAccessorImpl.java:45)
at java.base/java.lang.reflect.Constructor.newInstanceWithCaller(Constructor.java:499)
at java.base/java.lang.reflect.Constructor.newInstance(Constructor.java:480)
at org.openqa.selenium.remote.codec.w3c.W3CHttpResponseCodec.createException(W3CHttpResponseCodec.java:199)
at org.openqa.selenium.remote.codec.w3c.W3CHttpResponseCodec.decode(W3CHttpResponseCodec.java:132)
at org.openqa.selenium.remote.codec.w3c.W3CHttpResponseCodec.decode(W3CHttpResponseCodec.java:51)
at org.openqa.selenium.remote.HttpCommandExecutor.execute(HttpCommandExecutor.java:191)
at org.openqa.selenium.remote.service.DriverCommandExecutor.invokeExecute(DriverCommandExecutor.java:196)
at org.openqa.selenium.remote.service.DriverCommandExecutor.execute(DriverCommandExecutor.java:171)
at org.openqa.selenium.remote.RemoteWebDriver.execute(RemoteWebDriver.java:531)
at org.openqa.selenium.remote.ElementLocation$ElementFinder$2.findElement(ElementLocation.java:165)
at org.openqa.selenium.remote.ElementLocation.findElement(ElementLocation.java:59)
at org.openqa.selenium.remote.RemoteWebDriver.findElement(RemoteWebDriver.java:350)
at org.openqa.selenium.remote.RemoteWebDriver.findElement(RemoteWebDriver.java:344)
at org.openqa.selenium.support.pagefactory.DefaultElementLocator.findElement(DefaultElementLocator.java:68)
at org.openqa.selenium.support.pagefactory.internal.LocatingElementHandler.invoke(LocatingElementHandler.java:38)
at jdk.proxy2/jdk.proxy2.$Proxy15.click(Unknown Source)
at pages.ResultSearchPage.clickPayByCheck(ResultSearchPage.java:340)
at CheckoutEndToEndTest.checkoutEndToEnd(CheckoutEndToEndTest.java:46)
at java.base/jdk.internal.reflect.NativeMethodAccessorImpl.invoke0(Native Method)
at java.base/jdk.internal.reflect.NativeMethodAccessorImpl.invoke(NativeMethodAccessorImpl.java:77)
at java.base/jdk.internal.reflect.DelegatingMethodAccessorImpl.invoke(DelegatingMethodAccessorImpl.java:43)
at java.base/java.lang.reflect.Method.invoke(Method.java:568)
at org.testng.internal.invokers.MethodInvocationHelper.invokeMethod(MethodInvocationHelper.java:139)
at org.testng.internal.invokers.TestInvoker.invokeMethod(TestInvoker.java:677)
at org.testng.internal.invokers.TestInvoker.invokeTestMethod(TestInvoker.java:221)
at org.testng.internal.invokers.MethodRunner.runInSequence(MethodRunner.java:50)
at org.testng.internal.invokers.TestInvoker$MethodInvocationAgent.invoke(TestInvoker.java:969)
at org.testng.internal.invokers.TestInvoker.invokeTestMethods(TestInvoker.java:194)
at org.testng.internal.invokers.TestMethodWorker.invokeTestMethods(TestMethodWorker.java:148)
at org.testng.internal.invokers.TestMethodWorker.run(TestMethodWorker.java:128)
at java.base/java.util.concurrent.ThreadPoolExecutor.runWorker(ThreadPoolExecutor.java:1136)
at java.base/java.util.concurrent.ThreadPoolExecutor$Worker.run(ThreadPoolExecutor.java:635)
at java.base/java.lang.Thread.run(Thread.java:833)
]]>
            </full-stacktrace>
          </exception> <!-- org.openqa.selenium.NoSuchElementException -->
          <reporter-output>
          </reporter-output>
        </test-method> <!-- checkoutEndToEnd -->
        <test-method is-config="true" signature="tearDown(org.testng.ITestResult)[pri:0, instance:CheckoutEndToEndTest@7cb8437d]" started-at="2023-08-09T00:43:12 EEST" name="tearDown" finished-at="2023-08-09T00:43:12 EEST" duration-ms="373" status="PASS">
          <params>
            <param index="0">
              <value>
                <![CDATA[[TestResult name=checkoutEndToEnd status=FAILURE method=CheckoutEndToEndTest.checkoutEndToEnd()[pri:0, instance:CheckoutEndToEndTest@7cb8437d] output={null}]]]>
              </value>
            </param>
          </params>
          <reporter-output>
          </reporter-output>
        </test-method> <!-- tearDown -->
      </class> <!-- CheckoutEndToEndTest -->
      <class name="RegistrationWithInvalidDataTest">
        <test-method is-config="true" signature="setUp()[pri:0, instance:RegistrationWithInvalidDataTest@7026b7ee]" started-at="2023-08-09T00:42:23 EEST" name="setUp" finished-at="2023-08-09T00:42:35 EEST" duration-ms="12107" status="PASS">
          <reporter-output>
          </reporter-output>
        </test-method> <!-- setUp -->
        <test-method signature="registrationWithValidData()[pri:0, instance:RegistrationWithInvalidDataTest@7026b7ee]" started-at="2023-08-09T00:42:35 EEST" name="registrationWithValidData" finished-at="2023-08-09T00:42:38 EEST" duration-ms="2835" status="PASS">
          <reporter-output>
          </reporter-output>
        </test-method> <!-- registrationWithValidData -->
        <test-method is-config="true" signature="tearDown(org.testng.ITestResult)[pri:0, instance:RegistrationWithInvalidDataTest@7026b7ee]" started-at="2023-08-09T00:42:38 EEST" name="tearDown" finished-at="2023-08-09T00:42:39 EEST" duration-ms="410" status="PASS">
          <params>
            <param index="0">
              <value>
                <![CDATA[[TestResult name=registrationWithValidData status=SUCCESS method=RegistrationWithInvalidDataTest.registrationWithValidData()[pri:0, instance:RegistrationWithInvalidDataTest@7026b7ee] output={null}]]]>
              </value>
            </param>
          </params>
          <reporter-output>
          </reporter-output>
        </test-method> <!-- tearDown -->
      </class> <!-- RegistrationWithInvalidDataTest -->
    </test> <!-- Test 1 -->
  </suite> <!-- Run all tests -->
</testng-results>
