<?xml version="1.0" encoding="UTF-8"?>
<!-- Generated by org.testng.reporters.JUnitXMLReporter -->
<testsuite ignored="0" hostname="DESKTOP-5TV9RKF" failures="3" tests="10" name="Test 1" time="103.627" errors="0" timestamp="2023-08-09T00:43:16 EEST">
  <testcase classname="CheckLanguagesTest" name="checkLanguages" time="2.276"/>
  <testcase classname="CheckCategoriesTest" name="checkCategories" time="3.52"/>
  <testcase classname="AddingToCartTest" name="addingToCart" time="9.125">
    <failure type="org.assertj.core.api.SoftAssertionError" message="
The following 2 assertions failed:
1) [not as expected] 
Expecting:
 &amp;lt;&amp;quot;Quantity: 1&amp;quot;&amp;gt;
to be equal to:
 &amp;lt;&amp;quot;Quantity: 5&amp;quot;&amp;gt;
but was not.
at AddingToCartTest.addingToCart(AddingToCartTest.java:25)
2) [not as expected] 
Expecting:
 &amp;lt;15.48&amp;gt;
to be equal to:
 &amp;lt;77.4&amp;gt;
but was not.
at AddingToCartTest.addingToCart(AddingToCartTest.java:29)
">
      <![CDATA[org.assertj.core.api.SoftAssertionError: 
The following 2 assertions failed:
1) [not as expected] 
Expecting:
 <"Quantity: 1">
to be equal to:
 <"Quantity: 5">
but was not.
at AddingToCartTest.addingToCart(AddingToCartTest.java:25)
2) [not as expected] 
Expecting:
 <15.48>
to be equal to:
 <77.4>
but was not.
at AddingToCartTest.addingToCart(AddingToCartTest.java:29)

at org.assertj.core.error.AssertionErrorCreator.multipleSoftAssertionsError(AssertionErrorCreator.java:75)
at org.assertj.core.api.AbstractSoftAssertions.assertAll(AbstractSoftAssertions.java:38)
at org.assertj.core.api.AbstractSoftAssertions.assertAll(AbstractSoftAssertions.java:43)
at AddingToCartTest.addingToCart(AddingToCartTest.java:30)
at java.base/java.util.concurrent.ThreadPoolExecutor.runWorker(ThreadPoolExecutor.java:1136)
at java.base/java.util.concurrent.ThreadPoolExecutor$Worker.run(ThreadPoolExecutor.java:635)
at java.base/java.lang.Thread.run(Thread.java:833)
... Removed 12 stack frames]]>
    </failure>
  </testcase> <!-- addingToCart -->
  <testcase classname="CheckPopularProductsTest" name="checkPopularProducts" time="1.573"/>
  <testcase classname="PriceDropCheckTest" name="priceDropCheck" time="1.225"/>
  <testcase classname="RegistrationWithInvalidDataTest" name="registrationWithValidData" time="2.835"/>
  <testcase classname="RegistrationWithValidDataTest" name="registrationWithValidData" time="3.543"/>
  <testcase classname="SubscribeWithInvalidEmailTest" name="checkSubscribeWithInvalidEmail" time="0.101"/>
  <testcase classname="CheckoutEndToEndTest" name="checkoutEndToEnd" time="29.805">
    <failure type="org.openqa.selenium.NoSuchElementException" message="no such element: Unable to locate element: {&amp;quot;method&amp;quot;:&amp;quot;xpath&amp;quot;,&amp;quot;selector&amp;quot;:&amp;quot;//input[@id=&amp;apos;payment-option-3&amp;apos;]&amp;quot;}
  (Session info: MicrosoftEdge=115.0.1901.188)
For documentation on this error, please visit: https://www.selenium.dev/documentation/webdriver/troubleshooting/errors#no-such-element-exception
Build info: version: &amp;apos;4.10.0&amp;apos;, revision: &amp;apos;c14d967899&amp;apos;
System info: os.name: &amp;apos;Windows 11&amp;apos;, os.arch: &amp;apos;amd64&amp;apos;, os.version: &amp;apos;10.0&amp;apos;, java.version: &amp;apos;17.0.7&amp;apos;
Driver info: org.openqa.selenium.edge.EdgeDriver
Command: [eae2d6e0531da0fb70744ba49ca2e784, findElement {using=xpath, value=//input[@id=&amp;apos;payment-option-3&amp;apos;]}]
Capabilities {acceptInsecureCerts: false, browserName: msedge, browserVersion: 115.0.1901.188, ms:edgeOptions: {debuggerAddress: localhost:51559}, msedge: {msedgedriverVersion: 115.0.1901.200 (64b0164e9f6..., userDataDir: C:\Users\Aguka\AppData\Loca...}, networkConnectionEnabled: false, pageLoadStrategy: normal, platformName: windows, proxy: Proxy(), se:cdp: ws://localhost:51559/devtoo..., se:cdpVersion: 115.0.1901.188, setWindowRect: true, strictFileInteractability: false, timeouts: {implicit: 0, pageLoad: 300000, script: 30000}, unhandledPromptBehavior: dismiss and notify, webauthn:extension:credBlob: true, webauthn:extension:largeBlob: true, webauthn:extension:minPinLength: true, webauthn:extension:prf: true, webauthn:virtualAuthenticators: true}
Session ID: eae2d6e0531da0fb70744ba49ca2e784">
      <![CDATA[org.openqa.selenium.NoSuchElementException: no such element: Unable to locate element: {"method":"xpath","selector":"//input[@id='payment-option-3']"}
  (Session info: MicrosoftEdge=115.0.1901.188)
For documentation on this error, please visit: https://www.selenium.dev/documentation/webdriver/troubleshooting/errors#no-such-element-exception
Build info: version: '4.10.0', revision: 'c14d967899'
System info: os.name: 'Windows 11', os.arch: 'amd64', os.version: '10.0', java.version: '17.0.7'
Driver info: org.openqa.selenium.edge.EdgeDriver
Command: [eae2d6e0531da0fb70744ba49ca2e784, findElement {using=xpath, value=//input[@id='payment-option-3']}]
Capabilities {acceptInsecureCerts: false, browserName: msedge, browserVersion: 115.0.1901.188, ms:edgeOptions: {debuggerAddress: localhost:51559}, msedge: {msedgedriverVersion: 115.0.1901.200 (64b0164e9f6..., userDataDir: C:\Users\Aguka\AppData\Loca...}, networkConnectionEnabled: false, pageLoadStrategy: normal, platformName: windows, proxy: Proxy(), se:cdp: ws://localhost:51559/devtoo..., se:cdpVersion: 115.0.1901.188, setWindowRect: true, strictFileInteractability: false, timeouts: {implicit: 0, pageLoad: 300000, script: 30000}, unhandledPromptBehavior: dismiss and notify, webauthn:extension:credBlob: true, webauthn:extension:largeBlob: true, webauthn:extension:minPinLength: true, webauthn:extension:prf: true, webauthn:virtualAuthenticators: true}
Session ID: eae2d6e0531da0fb70744ba49ca2e784
at org.openqa.selenium.remote.codec.w3c.W3CHttpResponseCodec.createException(W3CHttpResponseCodec.java:199)
at org.openqa.selenium.remote.codec.w3c.W3CHttpResponseCodec.decode(W3CHttpResponseCodec.java:132)
at org.openqa.selenium.remote.codec.w3c.W3CHttpResponseCodec.decode(W3CHttpResponseCodec.java:51)
at org.openqa.selenium.remote.HttpCommandExecutor.execute(HttpCommandExecutor.java:191)
at org.openqa.selenium.remote.service.DriverCommandExecutor.invokeExecute(DriverCommandExecutor.java:196)
at org.openqa.selenium.remote.service.DriverCommandExecutor.execute(DriverCommandExecutor.java:171)
at org.openqa.selenium.remote.RemoteWebDriver.execute(RemoteWebDriver.java:531)
at org.openqa.selenium.remote.ElementLocation$ElementFinder$2.findElement(ElementLocation.java:165)
at org.openqa.selenium.remote.ElementLocation.findElement(ElementLocation.java:59)
at org.openqa.selenium.remote.RemoteWebDriver.findElement(RemoteWebDriver.java:350)
at org.openqa.selenium.remote.RemoteWebDriver.findElement(RemoteWebDriver.java:344)
at org.openqa.selenium.support.pagefactory.DefaultElementLocator.findElement(DefaultElementLocator.java:68)
at org.openqa.selenium.support.pagefactory.internal.LocatingElementHandler.invoke(LocatingElementHandler.java:38)
at jdk.proxy2/jdk.proxy2.$Proxy15.click(Unknown Source)
at pages.ResultSearchPage.clickPayByCheck(ResultSearchPage.java:340)
at CheckoutEndToEndTest.checkoutEndToEnd(CheckoutEndToEndTest.java:46)
at java.base/java.util.concurrent.ThreadPoolExecutor.runWorker(ThreadPoolExecutor.java:1136)
at java.base/java.util.concurrent.ThreadPoolExecutor$Worker.run(ThreadPoolExecutor.java:635)
at java.base/java.lang.Thread.run(Thread.java:833)
... Removed 16 stack frames]]>
    </failure>
  </testcase> <!-- checkoutEndToEnd -->
  <testcase classname="SortingCheckTest" name="sortingCheck" time="29.799">
    <failure type="org.assertj.core.api.SoftAssertionError" message="
The following assertion failed:
1) 
Expecting:
 &amp;lt;[AllProductsComponent{name=&amp;apos;Hummingbird - Vector graphics&amp;apos;, currentPrice=&amp;apos;10.8&amp;apos;, oldPrice=&amp;apos;0.0&amp;apos;},
    AllProductsComponent{name=&amp;apos;Brown bear - Vector graphics&amp;apos;, currentPrice=&amp;apos;10.8&amp;apos;, oldPrice=&amp;apos;0.0&amp;apos;},
    AllProductsComponent{name=&amp;apos;Mountain fox - Vector graphics&amp;apos;, currentPrice=&amp;apos;10.8&amp;apos;, oldPrice=&amp;apos;0.0&amp;apos;},
    AllProductsComponent{name=&amp;apos;Mug Today is a good day&amp;apos;, currentPrice=&amp;apos;14.28&amp;apos;, oldPrice=&amp;apos;0.0&amp;apos;},
    AllProductsComponent{name=&amp;apos;Mug The adventure begins&amp;apos;, currentPrice=&amp;apos;14.28&amp;apos;, oldPrice=&amp;apos;0.0&amp;apos;},
    AllProductsComponent{name=&amp;apos;Mug The best is yet to come&amp;apos;, currentPrice=&amp;apos;14.28&amp;apos;, oldPrice=&amp;apos;0.0&amp;apos;},
    AllProductsComponent{name=&amp;apos;Hummingbird notebook&amp;apos;, currentPrice=&amp;apos;15.48&amp;apos;, oldPrice=&amp;apos;0.0&amp;apos;},
    AllProductsComponent{name=&amp;apos;Brown bear notebook&amp;apos;, currentPrice=&amp;apos;15.48&amp;apos;, oldPrice=&amp;apos;0.0&amp;apos;},
    AllProductsComponent{name=&amp;apos;Mountain fox notebook&amp;apos;, currentPrice=&amp;apos;15.48&amp;apos;, oldPrice=&amp;apos;0.0&amp;apos;},
    AllProductsComponent{name=&amp;apos;Customizable mug&amp;apos;, currentPrice=&amp;apos;16.68&amp;apos;, oldPrice=&amp;apos;0.0&amp;apos;},
    AllProductsComponent{name=&amp;apos;Hummingbird cushion&amp;apos;, currentPrice=&amp;apos;22.68&amp;apos;, oldPrice=&amp;apos;0.0&amp;apos;},
    AllProductsComponent{name=&amp;apos;Brown bear cushion&amp;apos;, currentPrice=&amp;apos;22.68&amp;apos;, oldPrice=&amp;apos;0.0&amp;apos;},
    AllProductsComponent{name=&amp;apos;Mountain fox cushion&amp;apos;, currentPrice=&amp;apos;22.68&amp;apos;, oldPrice=&amp;apos;0.0&amp;apos;},
    AllProductsComponent{name=&amp;apos;Hummingbird printed t-shirt&amp;apos;, currentPrice=&amp;apos;22.94&amp;apos;, oldPrice=&amp;apos;28.68&amp;apos;},
    AllProductsComponent{name=&amp;apos;Hummingbird printed sweater&amp;apos;, currentPrice=&amp;apos;34.46&amp;apos;, oldPrice=&amp;apos;43.08&amp;apos;},
    AllProductsComponent{name=&amp;apos;Today is a good day Framed...&amp;apos;, currentPrice=&amp;apos;34.8&amp;apos;, oldPrice=&amp;apos;0.0&amp;apos;},
    AllProductsComponent{name=&amp;apos;The adventure begins Framed...&amp;apos;, currentPrice=&amp;apos;34.8&amp;apos;, oldPrice=&amp;apos;0.0&amp;apos;},
    AllProductsComponent{name=&amp;apos;The best is yet to come&amp;apos;...&amp;apos;, currentPrice=&amp;apos;34.8&amp;apos;, oldPrice=&amp;apos;0.0&amp;apos;},
    AllProductsComponent{name=&amp;apos;Pack Mug + Framed poster&amp;apos;, currentPrice=&amp;apos;42.0&amp;apos;, oldPrice=&amp;apos;0.0&amp;apos;}]&amp;gt;
to be equal to:
 &amp;lt;[AllProductsComponent{name=&amp;apos;Hummingbird - Vector graphics&amp;apos;, currentPrice=&amp;apos;10.8&amp;apos;, oldPrice=&amp;apos;0.0&amp;apos;},
    AllProductsComponent{name=&amp;apos;Brown bear - Vector graphics&amp;apos;, currentPrice=&amp;apos;10.8&amp;apos;, oldPrice=&amp;apos;0.0&amp;apos;},
    AllProductsComponent{name=&amp;apos;Mountain fox - Vector graphics&amp;apos;, currentPrice=&amp;apos;10.8&amp;apos;, oldPrice=&amp;apos;0.0&amp;apos;},
    AllProductsComponent{name=&amp;apos;Mug Today is a good day&amp;apos;, currentPrice=&amp;apos;14.28&amp;apos;, oldPrice=&amp;apos;0.0&amp;apos;},
    AllProductsComponent{name=&amp;apos;Mug The adventure begins&amp;apos;, currentPrice=&amp;apos;14.28&amp;apos;, oldPrice=&amp;apos;0.0&amp;apos;},
    AllProductsComponent{name=&amp;apos;Mug The best is yet to come&amp;apos;, currentPrice=&amp;apos;14.28&amp;apos;, oldPrice=&amp;apos;0.0&amp;apos;},
    AllProductsComponent{name=&amp;apos;Hummingbird notebook&amp;apos;, currentPrice=&amp;apos;15.48&amp;apos;, oldPrice=&amp;apos;0.0&amp;apos;},
    AllProductsComponent{name=&amp;apos;Brown bear notebook&amp;apos;, currentPrice=&amp;apos;15.48&amp;apos;, oldPrice=&amp;apos;0.0&amp;apos;},
    AllProductsComponent{name=&amp;apos;Mountain fox notebook&amp;apos;, currentPrice=&amp;apos;15.48&amp;apos;, oldPrice=&amp;apos;0.0&amp;apos;},
    AllProductsComponent{name=&amp;apos;Customizable mug&amp;apos;, currentPrice=&amp;apos;16.68&amp;apos;, oldPrice=&amp;apos;0.0&amp;apos;},
    AllProductsComponent{name=&amp;apos;Hummingbird cushion&amp;apos;, currentPrice=&amp;apos;22.68&amp;apos;, oldPrice=&amp;apos;0.0&amp;apos;},
    AllProductsComponent{name=&amp;apos;Brown bear cushion&amp;apos;, currentPrice=&amp;apos;22.68&amp;apos;, oldPrice=&amp;apos;0.0&amp;apos;},
    AllProductsComponent{name=&amp;apos;Mountain fox cushion&amp;apos;, currentPrice=&amp;apos;22.68&amp;apos;, oldPrice=&amp;apos;0.0&amp;apos;},
    AllProductsComponent{name=&amp;apos;Hummingbird printed t-shirt&amp;apos;, currentPrice=&amp;apos;22.94&amp;apos;, oldPrice=&amp;apos;28.68&amp;apos;},
    AllProductsComponent{name=&amp;apos;Today is a good day Framed...&amp;apos;, currentPrice=&amp;apos;34.8&amp;apos;, oldPrice=&amp;apos;0.0&amp;apos;},
    AllProductsComponent{name=&amp;apos;The adventure begins Framed...&amp;apos;, currentPrice=&amp;apos;34.8&amp;apos;, oldPrice=&amp;apos;0.0&amp;apos;},
    AllProductsComponent{name=&amp;apos;The best is yet to come&amp;apos;...&amp;apos;, currentPrice=&amp;apos;34.8&amp;apos;, oldPrice=&amp;apos;0.0&amp;apos;},
    AllProductsComponent{name=&amp;apos;Pack Mug + Framed poster&amp;apos;, currentPrice=&amp;apos;42.0&amp;apos;, oldPrice=&amp;apos;0.0&amp;apos;},
    AllProductsComponent{name=&amp;apos;Hummingbird printed sweater&amp;apos;, currentPrice=&amp;apos;34.46&amp;apos;, oldPrice=&amp;apos;43.08&amp;apos;}]&amp;gt;
but was not.
at SortingCheckTest.sortingCheck(SortingCheckTest.java:29)
">
      <![CDATA[org.assertj.core.api.SoftAssertionError: 
The following assertion failed:
1) 
Expecting:
 <[AllProductsComponent{name='Hummingbird - Vector graphics', currentPrice='10.8', oldPrice='0.0'},
    AllProductsComponent{name='Brown bear - Vector graphics', currentPrice='10.8', oldPrice='0.0'},
    AllProductsComponent{name='Mountain fox - Vector graphics', currentPrice='10.8', oldPrice='0.0'},
    AllProductsComponent{name='Mug Today is a good day', currentPrice='14.28', oldPrice='0.0'},
    AllProductsComponent{name='Mug The adventure begins', currentPrice='14.28', oldPrice='0.0'},
    AllProductsComponent{name='Mug The best is yet to come', currentPrice='14.28', oldPrice='0.0'},
    AllProductsComponent{name='Hummingbird notebook', currentPrice='15.48', oldPrice='0.0'},
    AllProductsComponent{name='Brown bear notebook', currentPrice='15.48', oldPrice='0.0'},
    AllProductsComponent{name='Mountain fox notebook', currentPrice='15.48', oldPrice='0.0'},
    AllProductsComponent{name='Customizable mug', currentPrice='16.68', oldPrice='0.0'},
    AllProductsComponent{name='Hummingbird cushion', currentPrice='22.68', oldPrice='0.0'},
    AllProductsComponent{name='Brown bear cushion', currentPrice='22.68', oldPrice='0.0'},
    AllProductsComponent{name='Mountain fox cushion', currentPrice='22.68', oldPrice='0.0'},
    AllProductsComponent{name='Hummingbird printed t-shirt', currentPrice='22.94', oldPrice='28.68'},
    AllProductsComponent{name='Hummingbird printed sweater', currentPrice='34.46', oldPrice='43.08'},
    AllProductsComponent{name='Today is a good day Framed...', currentPrice='34.8', oldPrice='0.0'},
    AllProductsComponent{name='The adventure begins Framed...', currentPrice='34.8', oldPrice='0.0'},
    AllProductsComponent{name='The best is yet to come'...', currentPrice='34.8', oldPrice='0.0'},
    AllProductsComponent{name='Pack Mug + Framed poster', currentPrice='42.0', oldPrice='0.0'}]>
to be equal to:
 <[AllProductsComponent{name='Hummingbird - Vector graphics', currentPrice='10.8', oldPrice='0.0'},
    AllProductsComponent{name='Brown bear - Vector graphics', currentPrice='10.8', oldPrice='0.0'},
    AllProductsComponent{name='Mountain fox - Vector graphics', currentPrice='10.8', oldPrice='0.0'},
    AllProductsComponent{name='Mug Today is a good day', currentPrice='14.28', oldPrice='0.0'},
    AllProductsComponent{name='Mug The adventure begins', currentPrice='14.28', oldPrice='0.0'},
    AllProductsComponent{name='Mug The best is yet to come', currentPrice='14.28', oldPrice='0.0'},
    AllProductsComponent{name='Hummingbird notebook', currentPrice='15.48', oldPrice='0.0'},
    AllProductsComponent{name='Brown bear notebook', currentPrice='15.48', oldPrice='0.0'},
    AllProductsComponent{name='Mountain fox notebook', currentPrice='15.48', oldPrice='0.0'},
    AllProductsComponent{name='Customizable mug', currentPrice='16.68', oldPrice='0.0'},
    AllProductsComponent{name='Hummingbird cushion', currentPrice='22.68', oldPrice='0.0'},
    AllProductsComponent{name='Brown bear cushion', currentPrice='22.68', oldPrice='0.0'},
    AllProductsComponent{name='Mountain fox cushion', currentPrice='22.68', oldPrice='0.0'},
    AllProductsComponent{name='Hummingbird printed t-shirt', currentPrice='22.94', oldPrice='28.68'},
    AllProductsComponent{name='Today is a good day Framed...', currentPrice='34.8', oldPrice='0.0'},
    AllProductsComponent{name='The adventure begins Framed...', currentPrice='34.8', oldPrice='0.0'},
    AllProductsComponent{name='The best is yet to come'...', currentPrice='34.8', oldPrice='0.0'},
    AllProductsComponent{name='Pack Mug + Framed poster', currentPrice='42.0', oldPrice='0.0'},
    AllProductsComponent{name='Hummingbird printed sweater', currentPrice='34.46', oldPrice='43.08'}]>
but was not.
at SortingCheckTest.sortingCheck(SortingCheckTest.java:29)

at org.assertj.core.error.AssertionErrorCreator.multipleSoftAssertionsError(AssertionErrorCreator.java:75)
at org.assertj.core.api.AbstractSoftAssertions.assertAll(AbstractSoftAssertions.java:38)
at org.assertj.core.api.AbstractSoftAssertions.assertAll(AbstractSoftAssertions.java:43)
at SortingCheckTest.sortingCheck(SortingCheckTest.java:37)
at java.base/java.util.concurrent.ThreadPoolExecutor.runWorker(ThreadPoolExecutor.java:1136)
at java.base/java.util.concurrent.ThreadPoolExecutor$Worker.run(ThreadPoolExecutor.java:635)
at java.base/java.lang.Thread.run(Thread.java:833)
... Removed 12 stack frames]]>
    </failure>
  </testcase> <!-- sortingCheck -->
</testsuite> <!-- Test 1 -->
