<?xml version="1.0" encoding="UTF-8"?>
<!-- Generated by org.testng.reporters.JUnitXMLReporter -->
<testsuite ignored="0" hostname="DESKTOP-5TV9RKF" failures="1" tests="10" name="Test 1" time="111.852" errors="0" timestamp="2023-07-30T17:03:37 EEST">
  <testcase classname="CheckCategories" name="checkCategories" time="0.664"/>
  <testcase classname="AddingToCart" name="addingToCart" time="5.615"/>
  <testcase classname="CheckLanguages" name="checkLanguages" time="1.494"/>
  <testcase classname="PriceDropCheck" name="priceDropCheck" time="1.158"/>
  <testcase classname="CheckPopularProducts" name="checkPopularProducts" time="1.07"/>
  <testcase classname="RegistrationWithInvalidData" name="registrationWithValidData" time="1.887"/>
  <testcase classname="RegistrationWithValidData" name="registrationWithValidData" time="2.623"/>
  <testcase classname="SortingCheck" name="sortingCheck" time="2.925"/>
  <testcase classname="SubscribeWithInvalidEmail" name="checkSubscribeWithInvalidEmail" time="0.059"/>
  <testcase classname="CheckoutEndToEnd" name="checkoutEndToEnd" time="30.999">
    <failure type="org.openqa.selenium.TimeoutException" message="Expected condition failed: waiting for visibility of [[EdgeDriver: msedge on windows (14fffbe916e5f404d0478076b4bf5db1)] -&amp;gt; xpath: //*[@id=&amp;apos;customer-form&amp;apos;]/footer/button] (tried for 10 second(s) with 500 milliseconds interval)
Build info: version: &amp;apos;4.10.0&amp;apos;, revision: &amp;apos;c14d967899&amp;apos;
System info: os.name: &amp;apos;Windows 11&amp;apos;, os.arch: &amp;apos;amd64&amp;apos;, os.version: &amp;apos;10.0&amp;apos;, java.version: &amp;apos;17.0.7&amp;apos;
Driver info: org.openqa.selenium.edge.EdgeDriver
Capabilities {acceptInsecureCerts: false, browserName: msedge, browserVersion: 115.0.1901.188, ms:edgeOptions: {debuggerAddress: localhost:55969}, msedge: {msedgedriverVersion: 115.0.1901.188 (b51b39339c4..., userDataDir: C:\Users\Aguka\AppData\Loca...}, networkConnectionEnabled: false, pageLoadStrategy: normal, platformName: windows, proxy: Proxy(), se:cdp: ws://localhost:55969/devtoo..., se:cdpVersion: 115.0.1901.188, setWindowRect: true, strictFileInteractability: false, timeouts: {implicit: 0, pageLoad: 300000, script: 30000}, unhandledPromptBehavior: dismiss and notify, webauthn:extension:credBlob: true, webauthn:extension:largeBlob: true, webauthn:extension:minPinLength: true, webauthn:extension:prf: true, webauthn:virtualAuthenticators: true}
Session ID: 14fffbe916e5f404d0478076b4bf5db1">
      <![CDATA[org.openqa.selenium.TimeoutException: Expected condition failed: waiting for visibility of [[EdgeDriver: msedge on windows (14fffbe916e5f404d0478076b4bf5db1)] -> xpath: //*[@id='customer-form']/footer/button] (tried for 10 second(s) with 500 milliseconds interval)
Build info: version: '4.10.0', revision: 'c14d967899'
System info: os.name: 'Windows 11', os.arch: 'amd64', os.version: '10.0', java.version: '17.0.7'
Driver info: org.openqa.selenium.edge.EdgeDriver
Capabilities {acceptInsecureCerts: false, browserName: msedge, browserVersion: 115.0.1901.188, ms:edgeOptions: {debuggerAddress: localhost:55969}, msedge: {msedgedriverVersion: 115.0.1901.188 (b51b39339c4..., userDataDir: C:\Users\Aguka\AppData\Loca...}, networkConnectionEnabled: false, pageLoadStrategy: normal, platformName: windows, proxy: Proxy(), se:cdp: ws://localhost:55969/devtoo..., se:cdpVersion: 115.0.1901.188, setWindowRect: true, strictFileInteractability: false, timeouts: {implicit: 0, pageLoad: 300000, script: 30000}, unhandledPromptBehavior: dismiss and notify, webauthn:extension:credBlob: true, webauthn:extension:largeBlob: true, webauthn:extension:minPinLength: true, webauthn:extension:prf: true, webauthn:virtualAuthenticators: true}
Session ID: 14fffbe916e5f404d0478076b4bf5db1
at org.openqa.selenium.support.ui.WebDriverWait.timeoutException(WebDriverWait.java:84)
at org.openqa.selenium.support.ui.FluentWait.until(FluentWait.java:230)
at pages.BasePage.waitUntilPresent(BasePage.java:25)
at pages.ResultSearchPage.clickButtonContinueAddresses(ResultSearchPage.java:256)
at CheckoutEndToEnd.checkoutEndToEnd(CheckoutEndToEnd.java:40)
at java.base/java.util.concurrent.ThreadPoolExecutor.runWorker(ThreadPoolExecutor.java:1136)
at java.base/java.util.concurrent.ThreadPoolExecutor$Worker.run(ThreadPoolExecutor.java:635)
at java.base/java.lang.Thread.run(Thread.java:833)
... Removed 12 stack frames]]>
    </failure>
  </testcase> <!-- checkoutEndToEnd -->
</testsuite> <!-- Test 1 -->
